  Oeffne Ausgabedatei   out/log.out                    (Unit: 35)
  Oeffne Ausgabedatei   out/vgtab.out                  (Unit: 36)
  Oeffne Ausgabedatei   out/bilanz.csv                 (Unit: 37)
  Oeffne Ausgabedatei   out/theta.out                  (Unit: 38)
  Oeffne Ausgabedatei   out/psi.out                    (Unit: 39)
  Oeffne Ausgabedatei   out/psi.fin                    (Unit: 40)
  Oeffne Ausgabedatei   out/flxsi.out                  (Unit: 41)
  Oeffne Ausgabedatei   out/fleta.out                  (Unit: 42)
  Oeffne Ausgabedatei   out/senken.out                 (Unit: 43)
  Oeffne Ausgabedatei   out/qoben.out                  (Unit: 44)
  Oeffne Ausgabedatei   out/etinz.out                  (Unit: 45)
  Oeffne Ausgabedatei   out/gang.out                   (Unit: 46)
  Oeffne Ausgabedatei   out/ve.out                     (Unit: 47)
  Oeffne Ausgabedatei   out/vx.out                     (Unit: 48)
  Oeffne Ausgabedatei   out/c.out                      (Unit: 49)
  Oeffne Ausgabedatei   out/hko.out                    (Unit: 50)
  Oeffne Ausgabedatei   out/sko.out                    (Unit: 51)
  Oeffne Ausgabedatei   out/relsat.out                 (Unit: 52)
  Oeffne Eingabedatei   in/soil/soil_types_3.def       (Unit: 55)
  Oeffne Eingabedatei   in/control/zeitclas_era5.def   (Unit: 56)
  Oeffne Eingabedatei   in/landuse/landuseclass.def    (Unit: 57)
  Oeffne Eingabedatei   in/climate/winddir.def         (Unit: 58)
  Start: 01.01.2016 00:00:00.00
  Ende:  20.06.2016 00:00:00.00   d.h.        14774400. [s]
 t_off      0.000000000000000E+000
 dtbach      3600.00000000000     
 qtol       5.000000000000000E-007
 dt_max      88864000.0000000     
 dt_min      5.00000000000000     
 dt_s        10.0000000000000     
 d_Th_opt   1.000000000000000E-002
 d_Phi_opt  1.000000000000000E-002
 n_gr                3
 it_max              7
 piceps     1.000000000000000E-003
 cgeps      5.000000000000000E-006
  Oeffne Eingabedatei   in/precip/Precip_era5.dat      (Unit: 67)
  Oeffne Eingabedatei   in/landuse/landuse_start.def   (Unit: 29)
  Oeffne Eingabedatei   in/climate/evap_lstm.dat       (Unit: 63)
  Oeffne Eingabedatei   in/landuse/CLASS1.PAR          (Unit: 28)
  Oeffne Eingabedatei   in/landuse/CLASS2.PAR          (Unit: 28)
  Oeffne Eingabedatei   in/landuse/CLASS3.PAR          (Unit: 28)
  Oeffne Eingabedatei   in/landuse/CLASS4.PAR          (Unit: 28)
  Oeffne Eingabedatei   in/landuse/CLASS5.PAR          (Unit: 28)
  Oeffne Eingabedatei   in/landuse/CLASS6.PAR          (Unit: 28)
  Oeffne Eingabedatei   in/landuse/CLASS7.PAR          (Unit: 28)
  Oeffne Eingabedatei   in/landuse/CLASS8.PAR          (Unit: 28)
  Oeffne Eingabedatei   in/landuse/CLASS9.PAR          (Unit: 28)
  Oeffne Eingabedatei   in/hillgeo/rep_hill.geo        (Unit: 21)
  Oeffne Eingabedatei   in/soil/soil_085.dat           (Unit: 22)
  Oeffne Eingabedatei   in/soil/ksmult0.dat            (Unit: 32)
  Oeffne Eingabedatei   in/soil/thsmult0.dat           (Unit: 33)
  Oeffne Eingabedatei   in/control/cont_vol.dat        (Unit: 31)
  Oeffne Ausgabedatei   in/hillgeo/rep_hill.bna        (Unit: 26)
  Oeffne Eingabedatei   in/soil/rel_sat_ERA5.ini       (Unit: 23)
  Oeffne Eingabedatei   in/landuse/surf_1.pob          (Unit: 15)
  Oeffne Eingabedatei   in/control/boundary.dat        (Unit: 27)
  Oeffne Eingabedatei   in/landuse/landuse_id.def      (Unit: 15)
  Oeffne Eingabedatei   in/soil/mac_none.dat           (Unit: 30)

Daten einlesen:          3.0 sec

Berechnungsmethode:      pic
-------------------------------------------------------------------------
Genauigkeit nicht erreicht: Hang   1, Zeit 130.00 Tage, rsq, rel_ab   0.1078E-02  0.3460E+02
 abbruch= T
Genauigkeit nicht erreicht: Hang   1, Zeit 132.00 Tage, rsq, rel_ab   0.3767E-02  0.1562E+02
 abbruch= T
