01.01.2016 00:00:00.00
   1.157407407e-05 1.157407407e-05  3600000.00  0.6421805597673899E+00  0.1783834888242750E-03   1
  1           0.00          10.00   0.000000E+00   0.000000E+00   0.000000E+00
  1    13038738.24    13039200.00   0.435301E-06   0.512592E-01   0.236694E+02
  1    13039200.00    13040993.28   0.435301E-06   0.830602E-01   0.172620E+03
  1    13040993.28    13042800.00   0.435301E-06   0.562036E-01   0.274164E+03
  1    13042800.00    13043342.02   0.435301E-06   0.657258E-01   0.309788E+03
  1    13043342.02    13043504.62   0.435301E-06   0.734267E-01   0.321728E+03
  1    13043504.62    13043748.53   0.435301E-06   0.638054E-01   0.337291E+03
  1    13043748.53    13044114.39   0.435301E-06   0.533551E-01   0.356811E+03
  1    13044114.39    13044663.18   0.435301E-06   0.452595E-01   0.381649E+03
  1    13044663.18    13045486.37   0.435301E-06   0.406750E-01   0.415132E+03
  1    13045486.37    13046400.00   0.435301E-06   0.362685E-01   0.448268E+03
  1    13046400.00    13047770.45   0.381944E-08   0.000000E+00   0.448268E+03
  1    13047770.45    13048945.12   0.381944E-08   0.256239E-03   0.448569E+03
  1    13048945.12    13050000.00   0.381944E-08   0.722205E-03   0.449331E+03
  1    13050000.00    13051762.01   0.381944E-08   0.121876E-02   0.451479E+03
  1    13051762.01    13053600.00   0.381944E-08   0.195230E-02   0.455067E+03
  1    13053600.00    13056356.99   0.381944E-08   0.304067E-02   0.463450E+03
  1    13056356.99    13057200.00   0.381944E-08   0.230573E-02   0.465394E+03
  1    13057200.00    13060800.00   0.381944E-08   0.561852E-02   0.485621E+03
  1    13060800.00    13064400.00   0.381944E-08   0.562639E-02   0.505876E+03
  1    13064400.00    13068000.00   0.381944E-08   0.563426E-02   0.526159E+03
  1    13068000.00    13071600.00   0.381944E-08   0.564214E-02   0.546471E+03
  1    13071600.00    13075200.00   0.381944E-08   0.565003E-02   0.566811E+03
  1    13075200.00    13078800.00   0.381944E-08   0.565792E-02   0.587179E+03
  1    13078800.00    13082400.00   0.381944E-08   0.566581E-02   0.607576E+03
  1    13082400.00    13086000.00   0.381944E-08   0.567372E-02   0.628002E+03
  1    13086000.00    13089600.00   0.381944E-08   0.568162E-02   0.648455E+03
  1    13089600.00    13093200.00   0.381944E-08   0.568954E-02   0.668938E+03
  1    13093200.00    13096800.00   0.381944E-08   0.569746E-02   0.689449E+03
  1    13096800.00    13100400.00   0.381944E-08   0.570538E-02   0.709988E+03
  1    13100400.00    13104000.00   0.381944E-08   0.571331E-02   0.730556E+03
  1    13104000.00    13107600.00   0.381944E-08   0.572125E-02   0.751152E+03
  1    13107600.00    13111200.00   0.381944E-08   0.572919E-02   0.771777E+03
  1    13111200.00    13114800.00   0.381944E-08   0.573714E-02   0.792431E+03
  1    13114800.00    13118400.00   0.381944E-08   0.574509E-02   0.813113E+03
  1    13118400.00    13122000.00   0.381944E-08   0.575305E-02   0.833824E+03
  1    13122000.00    13125600.00   0.381944E-08   0.576101E-02   0.854564E+03
  1    13125600.00    13129200.00   0.381944E-08   0.576899E-02   0.875332E+03
  1    13129200.00    13132800.00   0.381944E-08   0.577696E-02   0.896129E+03
  1    13132800.00    13136400.00   0.475694E-07   0.578188E-02   0.916944E+03
  1    13136400.00    13140000.00   0.475694E-07   0.578680E-02   0.937777E+03
  1    13140000.00    13143600.00   0.475694E-07   0.579173E-02   0.958627E+03
  1    13143600.00    13147200.00   0.475694E-07   0.579666E-02   0.979495E+03
  1    13147200.00    13150800.00   0.475694E-07   0.580159E-02   0.100038E+04
  1    13150800.00    13154400.00   0.475694E-07   0.580652E-02   0.102128E+04
  1    13154400.00    13158000.00   0.475694E-07   0.581145E-02   0.104221E+04
  1    13158000.00    13161600.00   0.475694E-07   0.581639E-02   0.106314E+04
  1    13161600.00    13165200.00   0.475694E-07   0.582132E-02   0.108410E+04
  1    13165200.00    13168800.00   0.475694E-07   0.582626E-02   0.110508E+04
  1    13168800.00    13172400.00   0.475694E-07   0.583121E-02   0.112607E+04
  1    13172400.00    13176000.00   0.475694E-07   0.583615E-02   0.114708E+04
  1    13176000.00    13179600.00   0.475694E-07   0.584110E-02   0.116811E+04
  1    13179600.00    13183200.00   0.475694E-07   0.584605E-02   0.118915E+04
  1    13183200.00    13186800.00   0.475694E-07   0.585100E-02   0.121022E+04
  1    13186800.00    13190400.00   0.475694E-07   0.585595E-02   0.123130E+04
  1    13190400.00    13194000.00   0.475694E-07   0.586090E-02   0.125240E+04
  1    13194000.00    13197600.00   0.475694E-07   0.586586E-02   0.127351E+04
  1    13197600.00    13201200.00   0.475694E-07   0.587082E-02   0.129465E+04
  1    13201200.00    13204800.00   0.475694E-07   0.587578E-02   0.131580E+04
  1    13204800.00    13208400.00   0.475694E-07   0.588075E-02   0.133697E+04
  1    13208400.00    13212000.00   0.475694E-07   0.588571E-02   0.135816E+04
  1    13212000.00    13215600.00   0.475694E-07   0.589068E-02   0.137937E+04
  1    13215600.00    13219200.00   0.475694E-07   0.589565E-02   0.140059E+04
  1    13219200.00    13222800.00   0.246528E-07   0.589534E-02   0.142181E+04
  1    13222800.00    13226400.00   0.246528E-07   0.589504E-02   0.144304E+04
  1    13226400.00    13230000.00   0.246528E-07   0.589473E-02   0.146426E+04
  1    13230000.00    13233600.00   0.246528E-07   0.589442E-02   0.148548E+04
  1    13233600.00    13237200.00   0.246528E-07   0.589411E-02   0.150670E+04
  1    13237200.00    13240800.00   0.246528E-07   0.589381E-02   0.152791E+04
  1    13240800.00    13244400.00   0.246528E-07   0.589350E-02   0.154913E+04
  1    13244400.00    13248000.00   0.246528E-07   0.589319E-02   0.157035E+04
  1    13248000.00    13251600.00   0.246528E-07   0.589288E-02   0.159156E+04
  1    13251600.00    13255200.00   0.246528E-07   0.589258E-02   0.161277E+04
  1    13255200.00    13258800.00   0.246528E-07   0.589227E-02   0.163399E+04
  1    13258800.00    13262400.00   0.246528E-07   0.589196E-02   0.165520E+04
  1    13262400.00    13266000.00   0.246528E-07   0.589165E-02   0.167641E+04
  1    13266000.00    13269600.00   0.246528E-07   0.589135E-02   0.169762E+04
  1    13269600.00    13273200.00   0.246528E-07   0.589104E-02   0.171882E+04
  1    13273200.00    13276800.00   0.246528E-07   0.589073E-02   0.174003E+04
  1    13276800.00    13280400.00   0.246528E-07   0.589042E-02   0.176124E+04
  1    13280400.00    13284000.00   0.246528E-07   0.589012E-02   0.178244E+04
  1    13284000.00    13287600.00   0.246528E-07   0.588981E-02   0.180364E+04
  1    13287600.00    13291200.00   0.246528E-07   0.588950E-02   0.182485E+04
  1    13291200.00    13294800.00   0.246528E-07   0.588919E-02   0.184605E+04
  1    13294800.00    13298400.00   0.246528E-07   0.588889E-02   0.186725E+04
  1    13298400.00    13302000.00   0.246528E-07   0.588858E-02   0.188845E+04
  1    13302000.00    13305600.00   0.246528E-07   0.588827E-02   0.190964E+04
  1    13305600.00    13309200.00   0.679398E-07   0.589957E-02   0.193088E+04
  1    13309200.00    13312800.00   0.679398E-07   0.591088E-02   0.195216E+04
  1    13312800.00    13316400.00   0.679398E-07   0.592221E-02   0.197348E+04
  1    13316400.00    13320000.00   0.679398E-07   0.593354E-02   0.199484E+04
  1    13320000.00    13323600.00   0.679398E-07   0.594489E-02   0.201624E+04
  1    13323600.00    13327200.00   0.679398E-07   0.595625E-02   0.203769E+04
  1    13327200.00    13330800.00   0.679398E-07   0.596761E-02   0.205917E+04
  1    13330800.00    13334400.00   0.679398E-07   0.597899E-02   0.208069E+04
  1    13334400.00    13338000.00   0.679398E-07   0.599038E-02   0.210226E+04
  1    13338000.00    13341600.00   0.679398E-07   0.600179E-02   0.212387E+04
  1    13341600.00    13345200.00   0.679398E-07   0.601320E-02   0.214551E+04
  1    13345200.00    13348800.00   0.679398E-07   0.602462E-02   0.216720E+04
  1    13348800.00    13352400.00   0.679398E-07   0.603606E-02   0.218893E+04
  1    13352400.00    13356000.00   0.679398E-07   0.604751E-02   0.221070E+04
  1    13356000.00    13359600.00   0.679398E-07   0.605896E-02   0.223251E+04
  1    13359600.00    13363200.00   0.679398E-07   0.607043E-02   0.225437E+04
  1    13363200.00    13366800.00   0.679398E-07   0.608191E-02   0.227626E+04
  1    13366800.00    13370400.00   0.679398E-07   0.609340E-02   0.229820E+04
  1    13370400.00    13374000.00   0.679398E-07   0.610490E-02   0.232018E+04
  1    13374000.00    13377600.00   0.679398E-07   0.611642E-02   0.234220E+04
  1    13377600.00    13381200.00   0.679398E-07   0.612794E-02   0.236426E+04
  1    13381200.00    13384800.00   0.679398E-07   0.613948E-02   0.238636E+04
  1    13384800.00    13388400.00   0.679398E-07   0.615102E-02   0.240850E+04
  1    13388400.00    13392000.00   0.679398E-07   0.616258E-02   0.243069E+04
  1    13392000.00    13395600.00   0.721065E-07   0.617557E-02   0.245292E+04
  1    13395600.00    13399200.00   0.721065E-07   0.618857E-02   0.247520E+04
  1    13399200.00    13402800.00   0.721065E-07   0.620159E-02   0.249752E+04
  1    13402800.00    13406400.00   0.721065E-07   0.621462E-02   0.251990E+04
  1    13406400.00    13410000.00   0.721065E-07   0.622766E-02   0.254232E+04
  1    13410000.00    13413600.00   0.721065E-07   0.624072E-02   0.256478E+04
  1    13413600.00    13417200.00   0.721065E-07   0.625379E-02   0.258730E+04
  1    13417200.00    13420800.00   0.721065E-07   0.626688E-02   0.260986E+04
  1    13420800.00    13424400.00   0.721065E-07   0.627998E-02   0.263247E+04
  1    13424400.00    13428000.00   0.721065E-07   0.629309E-02   0.265512E+04
  1    13428000.00    13431600.00   0.721065E-07   0.630622E-02   0.267782E+04
  1    13431600.00    13435200.00   0.721065E-07   0.631936E-02   0.270057E+04
  1    13435200.00    13438800.00   0.721065E-07   0.633251E-02   0.272337E+04
  1    13438800.00    13442400.00   0.721065E-07   0.634568E-02   0.274621E+04
  1    13442400.00    13446000.00   0.721065E-07   0.635887E-02   0.276911E+04
  1    13446000.00    13449600.00   0.721065E-07   0.637206E-02   0.279205E+04
  1    13449600.00    13453200.00   0.721065E-07   0.638528E-02   0.281503E+04
  1    13453200.00    13456800.00   0.721065E-07   0.639850E-02   0.283807E+04
  1    13456800.00    13460400.00   0.721065E-07   0.641174E-02   0.286115E+04
  1    13460400.00    13464000.00   0.721065E-07   0.642499E-02   0.288428E+04
  1    13464000.00    13467600.00   0.721065E-07   0.643826E-02   0.290746E+04
  1    13467600.00    13471200.00   0.721065E-07   0.645154E-02   0.293068E+04
  1    13471200.00    13474800.00   0.721065E-07   0.646484E-02   0.295396E+04
  1    13474800.00    13478400.00   0.721065E-07   0.647814E-02   0.297728E+04
  1    13478400.00    13482000.00   0.407407E-07   0.648652E-02   0.300063E+04
  1    13482000.00    13485600.00   0.407407E-07   0.649491E-02   0.302401E+04
  1    13485600.00    13489200.00   0.407407E-07   0.650330E-02   0.304742E+04
  1    13489200.00    13492800.00   0.407407E-07   0.651169E-02   0.307086E+04
  1    13492800.00    13496400.00   0.407407E-07   0.652010E-02   0.309434E+04
  1    13496400.00    13500000.00   0.407407E-07   0.652850E-02   0.311784E+04
  1    13500000.00    13503600.00   0.407407E-07   0.653692E-02   0.314137E+04
  1    13503600.00    13507200.00   0.407407E-07   0.654533E-02   0.316494E+04
  1    13507200.00    13510800.00   0.407407E-07   0.655376E-02   0.318853E+04
  1    13510800.00    13514400.00   0.407407E-07   0.656219E-02   0.321215E+04
  1    13514400.00    13518000.00   0.407407E-07   0.657062E-02   0.323581E+04
  1    13518000.00    13521600.00   0.407407E-07   0.657906E-02   0.325949E+04
  1    13521600.00    13525200.00   0.407407E-07   0.658751E-02   0.328321E+04
  1    13525200.00    13528800.00   0.407407E-07   0.659596E-02   0.330695E+04
  1    13528800.00    13532400.00   0.407407E-07   0.660441E-02   0.333073E+04
  1    13532400.00    13536000.00   0.407407E-07   0.661287E-02   0.335453E+04
  1    13536000.00    13539600.00   0.407407E-07   0.662134E-02   0.337837E+04
  1    13539600.00    13543200.00   0.407407E-07   0.662981E-02   0.340224E+04
  1    13543200.00    13546800.00   0.407407E-07   0.663829E-02   0.342614E+04
  1    13546800.00    13550400.00   0.407407E-07   0.664678E-02   0.345006E+04
  1    13550400.00    13554000.00   0.407407E-07   0.665526E-02   0.347402E+04
  1    13554000.00    13557600.00   0.407407E-07   0.666376E-02   0.349801E+04
  1    13557600.00    13561200.00   0.407407E-07   0.667226E-02   0.352203E+04
  1    13561200.00    13564800.00   0.407407E-07   0.668076E-02   0.354608E+04
  1    13564800.00    13568400.00   0.122685E-07   0.665907E-02   0.357006E+04
  1    13568400.00    13572000.00   0.122685E-07   0.663742E-02   0.359395E+04
  1    13572000.00    13575600.00   0.122685E-07   0.661580E-02   0.361777E+04
  1    13575600.00    13579200.00   0.122685E-07   0.659422E-02   0.364151E+04
  1    13579200.00    13582800.00   0.122685E-07   0.657267E-02   0.366517E+04
  1    13582800.00    13586400.00   0.122685E-07   0.655115E-02   0.368875E+04
  1    13586400.00    13590000.00   0.122685E-07   0.652968E-02   0.371226E+04
  1    13590000.00    13593600.00   0.122685E-07   0.650824E-02   0.373569E+04
  1    13593600.00    13597200.00   0.122685E-07   0.648683E-02   0.375904E+04
  1    13597200.00    13600800.00   0.122685E-07   0.646546E-02   0.378232E+04
  1    13600800.00    13604400.00   0.122685E-07   0.644413E-02   0.380552E+04
  1    13604400.00    13608000.00   0.122685E-07   0.642283E-02   0.382864E+04
  1    13608000.00    13611600.00   0.122685E-07   0.640157E-02   0.385168E+04
  1    13611600.00    13615200.00   0.122685E-07   0.638034E-02   0.387465E+04
  1    13615200.00    13618800.00   0.122685E-07   0.635915E-02   0.389755E+04
  1    13618800.00    13622400.00   0.122685E-07   0.633800E-02   0.392036E+04
  1    13622400.00    13626000.00   0.122685E-07   0.631688E-02   0.394310E+04
  1    13626000.00    13629600.00   0.122685E-07   0.629579E-02   0.396577E+04
  1    13629600.00    13633200.00   0.122685E-07   0.627475E-02   0.398836E+04
  1    13633200.00    13636800.00   0.122685E-07   0.625374E-02   0.401087E+04
  1    13636800.00    13640400.00   0.122685E-07   0.623276E-02   0.403331E+04
  1    13640400.00    13644000.00   0.122685E-07   0.621182E-02   0.405567E+04
  1    13644000.00    13647600.00   0.122685E-07   0.619092E-02   0.407796E+04
  1    13647600.00    13651200.00   0.122685E-07   0.617005E-02   0.410017E+04
  1    13651200.00    13654800.00   0.287037E-07   0.616319E-02   0.412236E+04
  1    13654800.00    13658400.00   0.287037E-07   0.615633E-02   0.414452E+04
  1    13658400.00    13662000.00   0.287037E-07   0.614948E-02   0.416666E+04
  1    13662000.00    13665600.00   0.287037E-07   0.614263E-02   0.418877E+04
  1    13665600.00    13669200.00   0.287037E-07   0.613578E-02   0.421086E+04
  1    13669200.00    13672800.00   0.287037E-07   0.612894E-02   0.423293E+04
  1    13672800.00    13676400.00   0.287037E-07   0.612210E-02   0.425497E+04
  1    13676400.00    13680000.00   0.287037E-07   0.611527E-02   0.427698E+04
  1    13680000.00    13683600.00   0.287037E-07   0.610844E-02   0.429897E+04
  1    13683600.00    13687200.00   0.287037E-07   0.610162E-02   0.432094E+04
  1    13687200.00    13690800.00   0.287037E-07   0.609479E-02   0.434288E+04
  1    13690800.00    13694400.00   0.287037E-07   0.608798E-02   0.436480E+04
  1    13694400.00    13698000.00   0.287037E-07   0.608116E-02   0.438669E+04
  1    13698000.00    13701600.00   0.287037E-07   0.607435E-02   0.440856E+04
  1    13701600.00    13705200.00   0.287037E-07   0.606754E-02   0.443040E+04
  1    13705200.00    13708800.00   0.287037E-07   0.606074E-02   0.445222E+04
  1    13708800.00    13712400.00   0.287037E-07   0.605394E-02   0.447401E+04
  1    13712400.00    13716000.00   0.287037E-07   0.604715E-02   0.449578E+04
  1    13716000.00    13719600.00   0.287037E-07   0.604036E-02   0.451753E+04
  1    13719600.00    13723200.00   0.287037E-07   0.603357E-02   0.453925E+04
  1    13723200.00    13726800.00   0.287037E-07   0.602679E-02   0.456094E+04
  1    13726800.00    13730400.00   0.287037E-07   0.602001E-02   0.458262E+04
  1    13730400.00    13734000.00   0.287037E-07   0.601323E-02   0.460426E+04
  1    13734000.00    13737600.00   0.287037E-07   0.600646E-02   0.462589E+04
  1    13737600.00    13741200.00   0.107292E-06   0.600347E-02   0.464750E+04
  1    13741200.00    13744800.00   0.107292E-06   0.600048E-02   0.466910E+04
  1    13744800.00    13748400.00   0.107292E-06   0.599749E-02   0.469069E+04
  1    13748400.00    13752000.00   0.107292E-06   0.599450E-02   0.471227E+04
  1    13752000.00    13755600.00   0.107292E-06   0.599151E-02   0.473384E+04
  1    13755600.00    13759200.00   0.107292E-06   0.598852E-02   0.475540E+04
  1    13759200.00    13762800.00   0.107292E-06   0.598553E-02   0.477695E+04
  1    13762800.00    13766400.00   0.107292E-06   0.598255E-02   0.479849E+04
  1    13766400.00    13770000.00   0.107292E-06   0.597956E-02   0.482001E+04
  1    13770000.00    13773600.00   0.107292E-06   0.597658E-02   0.484153E+04
  1    13773600.00    13777200.00   0.107292E-06   0.597359E-02   0.486303E+04
  1    13777200.00    13780800.00   0.107292E-06   0.597061E-02   0.488453E+04
  1    13780800.00    13784400.00   0.107292E-06   0.596763E-02   0.490601E+04
  1    13784400.00    13788000.00   0.107292E-06   0.596464E-02   0.492748E+04
  1    13788000.00    13791600.00   0.107292E-06   0.596166E-02   0.494894E+04
  1    13791600.00    13795200.00   0.107292E-06   0.595868E-02   0.497040E+04
  1    13795200.00    13798800.00   0.107292E-06   0.595570E-02   0.499184E+04
  1    13798800.00    13802400.00   0.107292E-06   0.595272E-02   0.501327E+04
  1    13802400.00    13806000.00   0.107292E-06   0.594974E-02   0.503469E+04
  1    13806000.00    13809600.00   0.107292E-06   0.594677E-02   0.505609E+04
  1    13809600.00    13813200.00   0.107292E-06   0.594379E-02   0.507749E+04
  1    13813200.00    13816800.00   0.107292E-06   0.594081E-02   0.509888E+04
  1    13816800.00    13820400.00   0.107292E-06   0.593784E-02   0.512025E+04
  1    13820400.00    13824000.00   0.107292E-06   0.593486E-02   0.514162E+04
  1    13824000.00    13827600.00   0.254630E-08   0.593676E-02   0.516299E+04
  1    13827600.00    13831200.00   0.254630E-08   0.593865E-02   0.518437E+04
  1    13831200.00    13834800.00   0.254630E-08   0.594054E-02   0.520576E+04
  1    13834800.00    13838400.00   0.254630E-08   0.594244E-02   0.522715E+04
  1    13838400.00    13842000.00   0.254630E-08   0.594433E-02   0.524855E+04
  1    13842000.00    13845600.00   0.254630E-08   0.594623E-02   0.526996E+04
  1    13845600.00    13849200.00   0.254630E-08   0.594812E-02   0.529137E+04
  1    13849200.00    13852800.00   0.254630E-08   0.595002E-02   0.531279E+04
  1    13852800.00    13856400.00   0.254630E-08   0.595191E-02   0.533422E+04
  1    13856400.00    13860000.00   0.254630E-08   0.595381E-02   0.535565E+04
  1    13860000.00    13863600.00   0.254630E-08   0.595570E-02   0.537709E+04
  1    13863600.00    13867200.00   0.254630E-08   0.595760E-02   0.539854E+04
  1    13867200.00    13870800.00   0.254630E-08   0.595950E-02   0.541999E+04
  1    13870800.00    13874400.00   0.254630E-08   0.596140E-02   0.544145E+04
  1    13874400.00    13878000.00   0.254630E-08   0.596329E-02   0.546292E+04
  1    13878000.00    13881600.00   0.254630E-08   0.596519E-02   0.548440E+04
  1    13881600.00    13885200.00   0.254630E-08   0.596709E-02   0.550588E+04
  1    13885200.00    13888800.00   0.254630E-08   0.596899E-02   0.552737E+04
  1    13888800.00    13892400.00   0.254630E-08   0.597089E-02   0.554886E+04
  1    13892400.00    13896000.00   0.254630E-08   0.597278E-02   0.557036E+04
  1    13896000.00    13899600.00   0.254630E-08   0.597468E-02   0.559187E+04
  1    13899600.00    13903200.00   0.254630E-08   0.597658E-02   0.561339E+04
  1    13903200.00    13906800.00   0.254630E-08   0.597848E-02   0.563491E+04
  1    13906800.00    13910400.00   0.254630E-08   0.598038E-02   0.565644E+04
  1    13910400.00    13914000.00   0.115741E-09   0.597387E-02   0.567795E+04
  1    13914000.00    13917600.00   0.115741E-09   0.596737E-02   0.569943E+04
  1    13917600.00    13921200.00   0.115741E-09   0.596086E-02   0.572089E+04
  1    13921200.00    13924800.00   0.115741E-09   0.595436E-02   0.574232E+04
  1    13924800.00    13928400.00   0.115741E-09   0.594787E-02   0.576373E+04
  1    13928400.00    13932000.00   0.115741E-09   0.594138E-02   0.578512E+04
  1    13932000.00    13935600.00   0.115741E-09   0.593489E-02   0.580649E+04
  1    13935600.00    13939200.00   0.115741E-09   0.592840E-02   0.582783E+04
  1    13939200.00    13942800.00   0.115741E-09   0.592192E-02   0.584915E+04
  1    13942800.00    13946400.00   0.115741E-09   0.591545E-02   0.587045E+04
  1    13946400.00    13950000.00   0.115741E-09   0.590897E-02   0.589172E+04
  1    13950000.00    13953600.00   0.115741E-09   0.590250E-02   0.591297E+04
  1    13953600.00    13957200.00   0.115741E-09   0.589604E-02   0.593419E+04
  1    13957200.00    13960800.00   0.115741E-09   0.588957E-02   0.595540E+04
  1    13960800.00    13964400.00   0.115741E-09   0.588312E-02   0.597657E+04
  1    13964400.00    13968000.00   0.115741E-09   0.587666E-02   0.599773E+04
  1    13968000.00    13971600.00   0.115741E-09   0.587021E-02   0.601886E+04
  1    13971600.00    13975200.00   0.115741E-09   0.586376E-02   0.603997E+04
  1    13975200.00    13978800.00   0.115741E-09   0.585732E-02   0.606106E+04
  1    13978800.00    13982400.00   0.115741E-09   0.585088E-02   0.608212E+04
  1    13982400.00    13986000.00   0.115741E-09   0.584444E-02   0.610316E+04
  1    13986000.00    13989600.00   0.115741E-09   0.583800E-02   0.612418E+04
  1    13989600.00    13993200.00   0.115741E-09   0.583158E-02   0.614517E+04
  1    13993200.00    13996800.00   0.115741E-09   0.582515E-02   0.616614E+04
  1    13996800.00    14000400.00   0.937500E-08   0.582399E-02   0.618711E+04
  1    14000400.00    14004000.00   0.937500E-08   0.582282E-02   0.620807E+04
  1    14004000.00    14007600.00   0.937500E-08   0.582166E-02   0.622903E+04
  1    14007600.00    14011200.00   0.937500E-08   0.582050E-02   0.624998E+04
  1    14011200.00    14014800.00   0.937500E-08   0.581934E-02   0.627093E+04
  1    14014800.00    14018400.00   0.937500E-08   0.581817E-02   0.629188E+04
  1    14018400.00    14022000.00   0.937500E-08   0.581701E-02   0.631282E+04
  1    14022000.00    14025600.00   0.937500E-08   0.581585E-02   0.633376E+04
  1    14025600.00    14029200.00   0.937500E-08   0.581469E-02   0.635469E+04
  1    14029200.00    14032800.00   0.937500E-08   0.581352E-02   0.637562E+04
  1    14032800.00    14036400.00   0.937500E-08   0.581236E-02   0.639654E+04
  1    14036400.00    14040000.00   0.937500E-08   0.581120E-02   0.641746E+04
  1    14040000.00    14043600.00   0.937500E-08   0.581004E-02   0.643838E+04
  1    14043600.00    14047200.00   0.937500E-08   0.580888E-02   0.645929E+04
  1    14047200.00    14050800.00   0.937500E-08   0.580772E-02   0.648020E+04
  1    14050800.00    14054400.00   0.937500E-08   0.580655E-02   0.650110E+04
  1    14054400.00    14058000.00   0.937500E-08   0.580539E-02   0.652200E+04
  1    14058000.00    14061600.00   0.937500E-08   0.580423E-02   0.654290E+04
  1    14061600.00    14065200.00   0.937500E-08   0.580307E-02   0.656379E+04
  1    14065200.00    14068800.00   0.937500E-08   0.580191E-02   0.658468E+04
  1    14068800.00    14072400.00   0.937500E-08   0.580075E-02   0.660556E+04
  1    14072400.00    14076000.00   0.937500E-08   0.579959E-02   0.662644E+04
  1    14076000.00    14079600.00   0.937500E-08   0.579843E-02   0.664731E+04
  1    14079600.00    14083200.00   0.937500E-08   0.579727E-02   0.666818E+04
  1    14083200.00    14086800.00   0.996528E-07   0.579158E-02   0.668903E+04
  1    14086800.00    14090400.00   0.996528E-07   0.578590E-02   0.670986E+04
  1    14090400.00    14094000.00   0.996528E-07   0.578022E-02   0.673067E+04
  1    14094000.00    14097600.00   0.996528E-07   0.577454E-02   0.675146E+04
  1    14097600.00    14101200.00   0.996528E-07   0.576887E-02   0.677223E+04
  1    14101200.00    14104800.00   0.996528E-07   0.576320E-02   0.679297E+04
  1    14104800.00    14108400.00   0.996528E-07   0.575753E-02   0.681370E+04
  1    14108400.00    14112000.00   0.996528E-07   0.575187E-02   0.683441E+04
  1    14112000.00    14115600.00   0.996528E-07   0.574620E-02   0.685509E+04
  1    14115600.00    14119200.00   0.996528E-07   0.574054E-02   0.687576E+04
  1    14119200.00    14122800.00   0.996528E-07   0.573489E-02   0.689640E+04
  1    14122800.00    14126400.00   0.996528E-07   0.572923E-02   0.691703E+04
  1    14126400.00    14130000.00   0.996528E-07   0.572358E-02   0.693763E+04
  1    14130000.00    14133600.00   0.996528E-07   0.571794E-02   0.695822E+04
  1    14133600.00    14137200.00   0.996528E-07   0.571229E-02   0.697878E+04
  1    14137200.00    14140800.00   0.996528E-07   0.570665E-02   0.699933E+04
  1    14140800.00    14144400.00   0.996528E-07   0.570101E-02   0.701985E+04
  1    14144400.00    14148000.00   0.996528E-07   0.569537E-02   0.704035E+04
  1    14148000.00    14151600.00   0.996528E-07   0.568974E-02   0.706084E+04
  1    14151600.00    14155200.00   0.996528E-07   0.568411E-02   0.708130E+04
  1    14155200.00    14158800.00   0.996528E-07   0.567848E-02   0.710174E+04
  1    14158800.00    14162400.00   0.996528E-07   0.567286E-02   0.712217E+04
  1    14162400.00    14166000.00   0.996528E-07   0.566724E-02   0.714257E+04
  1    14166000.00    14169600.00   0.996528E-07   0.566162E-02   0.716295E+04
  1    14169600.00    14173200.00   0.692130E-07   0.565976E-02   0.718332E+04
  1    14173200.00    14176800.00   0.692130E-07   0.565791E-02   0.720369E+04
  1    14176800.00    14180400.00   0.692130E-07   0.565606E-02   0.722405E+04
  1    14180400.00    14184000.00   0.692130E-07   0.565420E-02   0.724441E+04
  1    14184000.00    14187600.00   0.692130E-07   0.565235E-02   0.726476E+04
  1    14187600.00    14191200.00   0.692130E-07   0.565050E-02   0.728510E+04
  1    14191200.00    14194800.00   0.692130E-07   0.564864E-02   0.730543E+04
  1    14194800.00    14198400.00   0.692130E-07   0.564679E-02   0.732576E+04
  1    14198400.00    14202000.00   0.692130E-07   0.564494E-02   0.734609E+04
  1    14202000.00    14205600.00   0.692130E-07   0.564309E-02   0.736640E+04
  1    14205600.00    14209200.00   0.692130E-07   0.564124E-02   0.738671E+04
  1    14209200.00    14212800.00   0.692130E-07   0.563939E-02   0.740701E+04
  1    14212800.00    14216400.00   0.692130E-07   0.563754E-02   0.742731E+04
  1    14216400.00    14220000.00   0.692130E-07   0.563569E-02   0.744759E+04
  1    14220000.00    14223600.00   0.692130E-07   0.563384E-02   0.746788E+04
  1    14223600.00    14227200.00   0.692130E-07   0.563199E-02   0.748815E+04
  1    14227200.00    14230800.00   0.692130E-07   0.563014E-02   0.750842E+04
  1    14230800.00    14234400.00   0.692130E-07   0.562829E-02   0.752868E+04
  1    14234400.00    14238000.00   0.692130E-07   0.562644E-02   0.754894E+04
  1    14238000.00    14241600.00   0.692130E-07   0.562459E-02   0.756919E+04
  1    14241600.00    14245200.00   0.692130E-07   0.562275E-02   0.758943E+04
  1    14245200.00    14248800.00   0.692130E-07   0.562090E-02   0.760966E+04
  1    14248800.00    14252400.00   0.692130E-07   0.561905E-02   0.762989E+04
  1    14252400.00    14256000.00   0.692130E-07   0.561720E-02   0.765011E+04
  1    14256000.00    14259600.00   0.656250E-07   0.561604E-02   0.767033E+04
  1    14259600.00    14263200.00   0.656250E-07   0.561488E-02   0.769054E+04
  1    14263200.00    14266800.00   0.656250E-07   0.561372E-02   0.771075E+04
  1    14266800.00    14270400.00   0.656250E-07   0.561256E-02   0.773096E+04
  1    14270400.00    14274000.00   0.656250E-07   0.561140E-02   0.775116E+04
  1    14274000.00    14277600.00   0.656250E-07   0.561023E-02   0.777136E+04
  1    14277600.00    14281200.00   0.656250E-07   0.560907E-02   0.779155E+04
  1    14281200.00    14284800.00   0.656250E-07   0.560791E-02   0.781174E+04
  1    14284800.00    14288400.00   0.656250E-07   0.560675E-02   0.783192E+04
  1    14288400.00    14292000.00   0.656250E-07   0.560559E-02   0.785210E+04
  1    14292000.00    14295600.00   0.656250E-07   0.560443E-02   0.787228E+04
  1    14295600.00    14299200.00   0.656250E-07   0.560327E-02   0.789245E+04
  1    14299200.00    14302800.00   0.656250E-07   0.560211E-02   0.791262E+04
  1    14302800.00    14306400.00   0.656250E-07   0.560095E-02   0.793278E+04
  1    14306400.00    14310000.00   0.656250E-07   0.559979E-02   0.795294E+04
  1    14310000.00    14313600.00   0.656250E-07   0.559863E-02   0.797310E+04
  1    14313600.00    14317200.00   0.656250E-07   0.559747E-02   0.799325E+04
  1    14317200.00    14320800.00   0.656250E-07   0.559631E-02   0.801339E+04
  1    14320800.00    14324400.00   0.656250E-07   0.559515E-02   0.803354E+04
  1    14324400.00    14328000.00   0.656250E-07   0.559399E-02   0.805367E+04
  1    14328000.00    14331600.00   0.656250E-07   0.559283E-02   0.807381E+04
  1    14331600.00    14335200.00   0.656250E-07   0.559167E-02   0.809394E+04
  1    14335200.00    14338800.00   0.656250E-07   0.559051E-02   0.811406E+04
  1    14338800.00    14342400.00   0.656250E-07   0.558935E-02   0.813419E+04
  1    14342400.00    14346000.00   0.351852E-07   0.559266E-02   0.815432E+04
  1    14346000.00    14349600.00   0.351852E-07   0.559596E-02   0.817446E+04
  1    14349600.00    14353200.00   0.351852E-07   0.559927E-02   0.819462E+04
  1    14353200.00    14356800.00   0.351852E-07   0.560257E-02   0.821479E+04
  1    14356800.00    14360400.00   0.351852E-07   0.560588E-02   0.823497E+04
  1    14360400.00    14364000.00   0.351852E-07   0.560919E-02   0.825517E+04
  1    14364000.00    14367600.00   0.351852E-07   0.561250E-02   0.827537E+04
  1    14367600.00    14371200.00   0.351852E-07   0.561581E-02   0.829559E+04
  1    14371200.00    14374800.00   0.351852E-07   0.561912E-02   0.831582E+04
  1    14374800.00    14378400.00   0.351852E-07   0.562243E-02   0.833606E+04
  1    14378400.00    14382000.00   0.351852E-07   0.562574E-02   0.835631E+04
  1    14382000.00    14385600.00   0.351852E-07   0.562906E-02   0.837657E+04
  1    14385600.00    14389200.00   0.351852E-07   0.563237E-02   0.839685E+04
  1    14389200.00    14392800.00   0.351852E-07   0.563569E-02   0.841714E+04
  1    14392800.00    14396400.00   0.351852E-07   0.563901E-02   0.843744E+04
  1    14396400.00    14400000.00   0.351852E-07   0.564233E-02   0.845775E+04
  1    14400000.00    14403600.00   0.351852E-07   0.564565E-02   0.847808E+04
  1    14403600.00    14407200.00   0.351852E-07   0.564897E-02   0.849841E+04
  1    14407200.00    14410800.00   0.351852E-07   0.565229E-02   0.851876E+04
  1    14410800.00    14414400.00   0.351852E-07   0.565561E-02   0.853912E+04
  1    14414400.00    14418000.00   0.351852E-07   0.565894E-02   0.855949E+04
  1    14418000.00    14421600.00   0.351852E-07   0.566226E-02   0.857988E+04
  1    14421600.00    14425200.00   0.351852E-07   0.566559E-02   0.860027E+04
  1    14425200.00    14428800.00   0.351852E-07   0.566891E-02   0.862068E+04
  1    14428800.00    14432400.00   0.881944E-07   0.567430E-02   0.864111E+04
  1    14432400.00    14436000.00   0.881944E-07   0.567969E-02   0.866156E+04
  1    14436000.00    14439600.00   0.881944E-07   0.568508E-02   0.868202E+04
  1    14439600.00    14443200.00   0.881944E-07   0.569047E-02   0.870251E+04
  1    14443200.00    14446800.00   0.881944E-07   0.569587E-02   0.872301E+04
  1    14446800.00    14450400.00   0.881944E-07   0.570127E-02   0.874354E+04
  1    14450400.00    14454000.00   0.881944E-07   0.570667E-02   0.876408E+04
  1    14454000.00    14457600.00   0.881944E-07   0.571208E-02   0.878465E+04
  1    14457600.00    14461200.00   0.881944E-07   0.571748E-02   0.880523E+04
  1    14461200.00    14464800.00   0.881944E-07   0.572289E-02   0.882583E+04
  1    14464800.00    14468400.00   0.881944E-07   0.572831E-02   0.884645E+04
  1    14468400.00    14472000.00   0.881944E-07   0.573372E-02   0.886709E+04
  1    14472000.00    14475600.00   0.881944E-07   0.573914E-02   0.888775E+04
  1    14475600.00    14479200.00   0.881944E-07   0.574456E-02   0.890844E+04
  1    14479200.00    14482800.00   0.881944E-07   0.574998E-02   0.892914E+04
  1    14482800.00    14486400.00   0.881944E-07   0.575541E-02   0.894985E+04
  1    14486400.00    14490000.00   0.881944E-07   0.576084E-02   0.897059E+04
  1    14490000.00    14493600.00   0.881944E-07   0.576627E-02   0.899135E+04
  1    14493600.00    14497200.00   0.881944E-07   0.577170E-02   0.901213E+04
  1    14497200.00    14500800.00   0.881944E-07   0.577714E-02   0.903293E+04
  1    14500800.00    14504400.00   0.881944E-07   0.578258E-02   0.905375E+04
  1    14504400.00    14508000.00   0.881944E-07   0.578802E-02   0.907458E+04
  1    14508000.00    14511600.00   0.881944E-07   0.579347E-02   0.909544E+04
  1    14511600.00    14515200.00   0.881944E-07   0.579891E-02   0.911631E+04
  1    14515200.00    14518800.00   0.976852E-07   0.579169E-02   0.913716E+04
  1    14518800.00    14522400.00   0.976852E-07   0.578448E-02   0.915799E+04
  1    14522400.00    14526000.00   0.976852E-07   0.577726E-02   0.917879E+04
  1    14526000.00    14529600.00   0.976852E-07   0.577006E-02   0.919956E+04
  1    14529600.00    14533200.00   0.976852E-07   0.576285E-02   0.922031E+04
  1    14533200.00    14536800.00   0.976852E-07   0.575566E-02   0.924103E+04
  1    14536800.00    14540400.00   0.976852E-07   0.574846E-02   0.926172E+04
  1    14540400.00    14544000.00   0.976852E-07   0.574127E-02   0.928239E+04
  1    14544000.00    14547600.00   0.976852E-07   0.573409E-02   0.930303E+04
  1    14547600.00    14551200.00   0.976852E-07   0.572691E-02   0.932365E+04
  1    14551200.00    14554800.00   0.976852E-07   0.571974E-02   0.934424E+04
  1    14554800.00    14558400.00   0.976852E-07   0.571257E-02   0.936480E+04
  1    14558400.00    14562000.00   0.976852E-07   0.570540E-02   0.938534E+04
  1    14562000.00    14565600.00   0.976852E-07   0.569824E-02   0.940586E+04
  1    14565600.00    14569200.00   0.976852E-07   0.569109E-02   0.942635E+04
  1    14569200.00    14572800.00   0.976852E-07   0.568393E-02   0.944681E+04
  1    14572800.00    14576400.00   0.976852E-07   0.567679E-02   0.946724E+04
  1    14576400.00    14580000.00   0.976852E-07   0.566965E-02   0.948766E+04
  1    14580000.00    14583600.00   0.976852E-07   0.566251E-02   0.950804E+04
  1    14583600.00    14587200.00   0.976852E-07   0.565538E-02   0.952840E+04
  1    14587200.00    14590800.00   0.976852E-07   0.564825E-02   0.954873E+04
  1    14590800.00    14594400.00   0.976852E-07   0.564112E-02   0.956904E+04
  1    14594400.00    14598000.00   0.976852E-07   0.563401E-02   0.958932E+04
  1    14598000.00    14601600.00   0.976852E-07   0.562689E-02   0.960958E+04
  1    14601600.00    14605200.00   0.105324E-07   0.563886E-02   0.962988E+04
  1    14605200.00    14608800.00   0.105324E-07   0.565085E-02   0.965022E+04
  1    14608800.00    14612400.00   0.105324E-07   0.566285E-02   0.967061E+04
  1    14612400.00    14616000.00   0.105324E-07   0.567486E-02   0.969104E+04
  1    14616000.00    14619600.00   0.105324E-07   0.568688E-02   0.971151E+04
  1    14619600.00    14623200.00   0.105324E-07   0.569892E-02   0.973203E+04
  1    14623200.00    14626800.00   0.105324E-07   0.571097E-02   0.975259E+04
  1    14626800.00    14630400.00   0.105324E-07   0.572304E-02   0.977319E+04
  1    14630400.00    14634000.00   0.105324E-07   0.573512E-02   0.979384E+04
  1    14634000.00    14637600.00   0.105324E-07   0.574721E-02   0.981453E+04
  1    14637600.00    14641200.00   0.105324E-07   0.575931E-02   0.983526E+04
  1    14641200.00    14644800.00   0.105324E-07   0.577143E-02   0.985604E+04
  1    14644800.00    14648400.00   0.105324E-07   0.578356E-02   0.987686E+04
  1    14648400.00    14652000.00   0.105324E-07   0.579571E-02   0.989772E+04
  1    14652000.00    14655600.00   0.105324E-07   0.580786E-02   0.991863E+04
  1    14655600.00    14659200.00   0.105324E-07   0.582003E-02   0.993958E+04
  1    14659200.00    14662800.00   0.105324E-07   0.583222E-02   0.996058E+04
  1    14662800.00    14666400.00   0.105324E-07   0.584441E-02   0.998162E+04
  1    14666400.00    14670000.00   0.105324E-07   0.585662E-02   0.100027E+05
  1    14670000.00    14673600.00   0.105324E-07   0.586885E-02   0.100238E+05
  1    14673600.00    14677200.00   0.105324E-07   0.588108E-02   0.100450E+05
  1    14677200.00    14680800.00   0.105324E-07   0.589333E-02   0.100662E+05
  1    14680800.00    14684400.00   0.105324E-07   0.590560E-02   0.100875E+05
  1    14684400.00    14688000.00   0.105324E-07   0.591787E-02   0.101088E+05
  1    14688000.00    14691600.00   0.163194E-07   0.592690E-02   0.101301E+05
  1    14691600.00    14695200.00   0.163194E-07   0.593593E-02   0.101515E+05
  1    14695200.00    14698800.00   0.163194E-07   0.594497E-02   0.101729E+05
  1    14698800.00    14702400.00   0.163194E-07   0.595401E-02   0.101943E+05
  1    14702400.00    14706000.00   0.163194E-07   0.596307E-02   0.102158E+05
  1    14706000.00    14709600.00   0.163194E-07   0.597213E-02   0.102373E+05
  1    14709600.00    14713200.00   0.163194E-07   0.598120E-02   0.102588E+05
  1    14713200.00    14716800.00   0.163194E-07   0.599027E-02   0.102804E+05
  1    14716800.00    14720400.00   0.163194E-07   0.599935E-02   0.103020E+05
  1    14720400.00    14724000.00   0.163194E-07   0.600844E-02   0.103236E+05
  1    14724000.00    14727600.00   0.163194E-07   0.601754E-02   0.103453E+05
  1    14727600.00    14731200.00   0.163194E-07   0.602664E-02   0.103670E+05
  1    14731200.00    14734800.00   0.163194E-07   0.603575E-02   0.103887E+05
  1    14734800.00    14738400.00   0.163194E-07   0.604487E-02   0.104105E+05
  1    14738400.00    14742000.00   0.163194E-07   0.605399E-02   0.104323E+05
  1    14742000.00    14745600.00   0.163194E-07   0.606312E-02   0.104541E+05
  1    14745600.00    14749200.00   0.163194E-07   0.607226E-02   0.104759E+05
  1    14749200.00    14752800.00   0.163194E-07   0.608141E-02   0.104978E+05
  1    14752800.00    14756400.00   0.163194E-07   0.609056E-02   0.105198E+05
  1    14756400.00    14760000.00   0.163194E-07   0.609972E-02   0.105417E+05
  1    14760000.00    14763600.00   0.163194E-07   0.610889E-02   0.105637E+05
  1    14763600.00    14767200.00   0.163194E-07   0.611806E-02   0.105857E+05
  1    14767200.00    14770800.00   0.163194E-07   0.612724E-02   0.106078E+05
  1    14770800.00    14774400.00   0.163194E-07   0.613643E-02   0.106299E+05
  1    14774400.00    14778000.00   0.290509E-07   0.616327E-02   0.106521E+05
  1    14778000.00    14781600.00   0.290509E-07   0.619018E-02   0.106744E+05
  1    14781600.00    14785200.00   0.290509E-07   0.621714E-02   0.106967E+05
  1    14785200.00    14788800.00   0.290509E-07   0.624417E-02   0.107192E+05
  1    14788800.00    14792400.00   0.290509E-07   0.627125E-02   0.107418E+05
  1    14792400.00    14796000.00   0.290509E-07   0.629840E-02   0.107645E+05
  1    14796000.00    14799600.00   0.290509E-07   0.632560E-02   0.107872E+05
  1    14799600.00    14803200.00   0.290509E-07   0.635287E-02   0.108101E+05
  1    14803200.00    14806800.00   0.290509E-07   0.638019E-02   0.108331E+05
  1    14806800.00    14810400.00   0.290509E-07   0.640758E-02   0.108562E+05
  1    14810400.00    14814000.00   0.290509E-07   0.643502E-02   0.108793E+05
  1    14814000.00    14817600.00   0.290509E-07   0.646252E-02   0.109026E+05
  1    14817600.00    14821200.00   0.290509E-07   0.649009E-02   0.109260E+05
  1    14821200.00    14824800.00   0.290509E-07   0.651771E-02   0.109494E+05
  1    14824800.00    14828400.00   0.290509E-07   0.654539E-02   0.109730E+05
  1    14828400.00    14832000.00   0.290509E-07   0.657313E-02   0.109966E+05
  1    14832000.00    14835600.00   0.290509E-07   0.660093E-02   0.110204E+05
  1    14835600.00    14839200.00   0.290509E-07   0.662879E-02   0.110443E+05
  1    14839200.00    14842800.00   0.290509E-07   0.665671E-02   0.110682E+05
  1    14842800.00    14846400.00   0.290509E-07   0.668468E-02   0.110923E+05
  1    14846400.00    14850000.00   0.290509E-07   0.671272E-02   0.111165E+05
  1    14850000.00    14853600.00   0.290509E-07   0.674082E-02   0.111407E+05
  1    14853600.00    14857200.00   0.290509E-07   0.676897E-02   0.111651E+05
  1    14857200.00    14860800.00   0.290509E-07   0.679719E-02   0.111896E+05
  1    14860800.00    14864400.00   0.568287E-07   0.682478E-02   0.112141E+05
  1    14864400.00    14868000.00   0.568287E-07   0.685243E-02   0.112388E+05
  1    14868000.00    14871600.00   0.568287E-07   0.688013E-02   0.112636E+05
  1    14871600.00    14875200.00   0.568287E-07   0.690789E-02   0.112884E+05
  1    14875200.00    14878800.00   0.568287E-07   0.694739E-02   0.113135E+05
  1    14878800.00    14882400.00   0.568287E-07   0.697542E-02   0.113386E+05
  1    14882400.00    14886000.00   0.568287E-07   0.700350E-02   0.113638E+05
  1    14886000.00    14889600.00   0.568287E-07   0.703164E-02   0.113891E+05
  1    14889600.00    14893200.00   0.568287E-07   0.705983E-02   0.114145E+05
  1    14893200.00    14896800.00   0.568287E-07   0.708808E-02   0.114400E+05
  1    14896800.00    14900400.00   0.568287E-07   0.711639E-02   0.114656E+05
  1    14900400.00    14904000.00   0.568287E-07   0.714475E-02   0.114914E+05
  1    14904000.00    14907600.00   0.568287E-07   0.717317E-02   0.115172E+05
  1    14907600.00    14911200.00   0.568287E-07   0.720165E-02   0.115431E+05
  1    14911200.00    14914800.00   0.568287E-07   0.723018E-02   0.115691E+05
  1    14914800.00    14918400.00   0.568287E-07   0.725877E-02   0.115953E+05
  1    14918400.00    14922000.00   0.568287E-07   0.728742E-02   0.116215E+05
  1    14922000.00    14925600.00   0.568287E-07   0.731612E-02   0.116478E+05
  1    14925600.00    14929200.00   0.568287E-07   0.734487E-02   0.116743E+05
  1    14929200.00    14932800.00   0.568287E-07   0.737368E-02   0.117008E+05
  1    14932800.00    14936400.00   0.568287E-07   0.740255E-02   0.117275E+05
  1    14936400.00    14940000.00   0.568287E-07   0.743148E-02   0.117542E+05
  1    14940000.00    14943600.00   0.568287E-07   0.746046E-02   0.117811E+05
  1    14943600.00    14947200.00   0.568287E-07   0.748949E-02   0.118081E+05
  1    14947200.00    14950800.00   0.104167E-08   0.748611E-02   0.118350E+05
  1    14950800.00    14954400.00   0.104167E-08   0.748273E-02   0.118619E+05
  1    14954400.00    14958000.00   0.104167E-08   0.747935E-02   0.118889E+05
  1    14958000.00    14961600.00   0.104167E-08   0.747597E-02   0.119158E+05
  1    14961600.00    14965200.00   0.104167E-08   0.747260E-02   0.119427E+05
  1    14965200.00    14968800.00   0.104167E-08   0.746922E-02   0.119696E+05
  1    14968800.00    14972400.00   0.104167E-08   0.746585E-02   0.119965E+05
  1    14972400.00    14976000.00   0.104167E-08   0.746247E-02   0.120233E+05
  1    14976000.00    14979600.00   0.104167E-08   0.745910E-02   0.120502E+05
  1    14979600.00    14983200.00   0.104167E-08   0.745572E-02   0.120770E+05
  1    14983200.00    14986800.00   0.104167E-08   0.745235E-02   0.121038E+05
  1    14986800.00    14990400.00   0.104167E-08   0.744898E-02   0.121307E+05
  1    14990400.00    14994000.00   0.104167E-08   0.744561E-02   0.121575E+05
  1    14994000.00    14997600.00   0.104167E-08   0.744224E-02   0.121842E+05
  1    14997600.00    15001200.00   0.104167E-08   0.743887E-02   0.122110E+05
  1    15001200.00    15004800.00   0.104167E-08   0.743550E-02   0.122378E+05
  1    15004800.00    15008400.00   0.104167E-08   0.743213E-02   0.122646E+05
  1    15008400.00    15012000.00   0.104167E-08   0.742876E-02   0.122913E+05
  1    15012000.00    15015600.00   0.104167E-08   0.742539E-02   0.123180E+05
  1    15015600.00    15019200.00   0.104167E-08   0.742203E-02   0.123447E+05
  1    15019200.00    15022800.00   0.104167E-08   0.741866E-02   0.123715E+05
  1    15022800.00    15026400.00   0.104167E-08   0.741530E-02   0.123981E+05
  1    15026400.00    15030000.00   0.104167E-08   0.741194E-02   0.124248E+05
  1    15030000.00    15033600.00   0.104167E-08   0.740857E-02   0.124515E+05
  1    15033600.00    15037200.00   0.000000E+00   0.737426E-02   0.124781E+05
  1    15037200.00    15040800.00   0.000000E+00   0.734002E-02   0.125045E+05
  1    15040800.00    15044400.00   0.000000E+00   0.730587E-02   0.125308E+05
  1    15044400.00    15048000.00   0.000000E+00   0.727179E-02   0.125570E+05
  1    15048000.00    15051600.00   0.000000E+00   0.723779E-02   0.125830E+05
  1    15051600.00    15055200.00   0.000000E+00   0.720387E-02   0.126089E+05
  1    15055200.00    15058800.00   0.000000E+00   0.717003E-02   0.126348E+05
  1    15058800.00    15062400.00   0.000000E+00   0.713627E-02   0.126604E+05
  1    15062400.00    15066000.00   0.000000E+00   0.710259E-02   0.126860E+05
  1    15066000.00    15069600.00   0.000000E+00   0.706899E-02   0.127115E+05
  1    15069600.00    15073200.00   0.000000E+00   0.703547E-02   0.127368E+05
  1    15073200.00    15076800.00   0.000000E+00   0.700203E-02   0.127620E+05
  1    15076800.00    15080400.00   0.000000E+00   0.696867E-02   0.127871E+05
  1    15080400.00    15084000.00   0.000000E+00   0.692377E-02   0.128120E+05
  1    15084000.00    15087600.00   0.000000E+00   0.689074E-02   0.128368E+05
  1    15087600.00    15091200.00   0.000000E+00   0.685780E-02   0.128615E+05
  1    15091200.00    15094800.00   0.000000E+00   0.682494E-02   0.128861E+05
  1    15094800.00    15098400.00   0.000000E+00   0.679215E-02   0.129105E+05
  1    15098400.00    15102000.00   0.000000E+00   0.675945E-02   0.129349E+05
  1    15102000.00    15105600.00   0.000000E+00   0.672682E-02   0.129591E+05
  1    15105600.00    15109200.00   0.000000E+00   0.669428E-02   0.129832E+05
  1    15109200.00    15112800.00   0.000000E+00   0.666181E-02   0.130072E+05
  1    15112800.00    15116400.00   0.000000E+00   0.662942E-02   0.130310E+05
  1    15116400.00    15120000.00   0.000000E+00   0.659712E-02   0.130548E+05
  1    15120000.00    15123600.00   0.121528E-07   0.657239E-02   0.130784E+05
  1    15123600.00    15127200.00   0.121528E-07   0.654771E-02   0.131020E+05
  1    15127200.00    15130800.00   0.121528E-07   0.652308E-02   0.131255E+05
  1    15130800.00    15134400.00   0.121528E-07   0.649850E-02   0.131489E+05
  1    15134400.00    15138000.00   0.121528E-07   0.647396E-02   0.131722E+05
  1    15138000.00    15141600.00   0.121528E-07   0.644947E-02   0.131954E+05
  1    15141600.00    15145200.00   0.121528E-07   0.642503E-02   0.132185E+05
  1    15145200.00    15148800.00   0.121528E-07   0.640064E-02   0.132416E+05
  1    15148800.00    15152400.00   0.121528E-07   0.637629E-02   0.132645E+05
  1    15152400.00    15156000.00   0.121528E-07   0.635199E-02   0.132874E+05
  1    15156000.00    15159600.00   0.121528E-07   0.632773E-02   0.133102E+05
  1    15159600.00    15163200.00   0.121528E-07   0.630353E-02   0.133329E+05
  1    15163200.00    15166800.00   0.121528E-07   0.627937E-02   0.133555E+05
  1    15166800.00    15170400.00   0.121528E-07   0.625526E-02   0.133780E+05
  1    15170400.00    15174000.00   0.121528E-07   0.623119E-02   0.134004E+05
  1    15174000.00    15177600.00   0.121528E-07   0.620717E-02   0.134228E+05
  1    15177600.00    15181200.00   0.121528E-07   0.618320E-02   0.134450E+05
  1    15181200.00    15184800.00   0.121528E-07   0.615928E-02   0.134672E+05
  1    15184800.00    15188400.00   0.121528E-07   0.613541E-02   0.134893E+05
  1    15188400.00    15192000.00   0.121528E-07   0.611158E-02   0.135113E+05
  1    15192000.00    15195600.00   0.121528E-07   0.608780E-02   0.135332E+05
  1    15195600.00    15199200.00   0.121528E-07   0.606407E-02   0.135550E+05
  1    15199200.00    15202800.00   0.121528E-07   0.604038E-02   0.135768E+05
  1    15202800.00    15206400.00   0.121528E-07   0.601675E-02   0.135985E+05
  1    15206400.00    15210000.00   0.346065E-07   0.601079E-02   0.136201E+05
  1    15210000.00    15213600.00   0.346065E-07   0.600484E-02   0.136417E+05
  1    15213600.00    15217200.00   0.346065E-07   0.599889E-02   0.136633E+05
  1    15217200.00    15220800.00   0.346065E-07   0.599295E-02   0.136849E+05
  1    15220800.00    15224400.00   0.346065E-07   0.598701E-02   0.137064E+05
  1    15224400.00    15228000.00   0.346065E-07   0.598107E-02   0.137280E+05
  1    15228000.00    15231600.00   0.346065E-07   0.597513E-02   0.137495E+05
  1    15231600.00    15235200.00   0.346065E-07   0.596920E-02   0.137710E+05
  1    15235200.00    15238800.00   0.346065E-07   0.596327E-02   0.137924E+05
  1    15238800.00    15242400.00   0.346065E-07   0.595735E-02   0.138139E+05
  1    15242400.00    15246000.00   0.346065E-07   0.595142E-02   0.138353E+05
  1    15246000.00    15249600.00   0.346065E-07   0.594550E-02   0.138567E+05
  1    15249600.00    15253200.00   0.346065E-07   0.593959E-02   0.138781E+05
  1    15253200.00    15256800.00   0.346065E-07   0.593367E-02   0.138995E+05
  1    15256800.00    15260400.00   0.346065E-07   0.592776E-02   0.139208E+05
  1    15260400.00    15264000.00   0.346065E-07   0.592185E-02   0.139421E+05
  1    15264000.00    15267600.00   0.346065E-07   0.591595E-02   0.139634E+05
  1    15267600.00    15271200.00   0.346065E-07   0.591005E-02   0.139847E+05
  1    15271200.00    15274800.00   0.346065E-07   0.590415E-02   0.140059E+05
  1    15274800.00    15278400.00   0.346065E-07   0.589825E-02   0.140272E+05
  1    15278400.00    15282000.00   0.346065E-07   0.589236E-02   0.140484E+05
  1    15282000.00    15285600.00   0.346065E-07   0.588647E-02   0.140696E+05
  1    15285600.00    15289200.00   0.346065E-07   0.588058E-02   0.140907E+05
  1    15289200.00    15292800.00   0.346065E-07   0.587470E-02   0.141119E+05
  1    15292800.00    15296400.00   0.335648E-08   0.588659E-02   0.141331E+05
  1    15296400.00    15300000.00   0.335648E-08   0.589849E-02   0.141543E+05
  1    15300000.00    15303600.00   0.335648E-08   0.591041E-02   0.141756E+05
  1    15303600.00    15307200.00   0.335648E-08   0.592234E-02   0.141969E+05
  1    15307200.00    15310800.00   0.335648E-08   0.593428E-02   0.142183E+05
  1    15310800.00    15314400.00   0.335648E-08   0.594624E-02   0.142397E+05
  1    15314400.00    15318000.00   0.335648E-08   0.595820E-02   0.142611E+05
  1    15318000.00    15321600.00   0.335648E-08   0.597018E-02   0.142826E+05
  1    15321600.00    15325200.00   0.335648E-08   0.598217E-02   0.143042E+05
  1    15325200.00    15328800.00   0.335648E-08   0.599418E-02   0.143257E+05
  1    15328800.00    15332400.00   0.335648E-08   0.600619E-02   0.143474E+05
  1    15332400.00    15336000.00   0.335648E-08   0.601822E-02   0.143690E+05
  1    15336000.00    15339600.00   0.335648E-08   0.603026E-02   0.143907E+05
  1    15339600.00    15343200.00   0.335648E-08   0.604232E-02   0.144125E+05
  1    15343200.00    15346800.00   0.335648E-08   0.605438E-02   0.144343E+05
  1    15346800.00    15350400.00   0.335648E-08   0.606646E-02   0.144561E+05
  1    15350400.00    15354000.00   0.335648E-08   0.607855E-02   0.144780E+05
  1    15354000.00    15357600.00   0.335648E-08   0.609065E-02   0.144999E+05
  1    15357600.00    15361200.00   0.335648E-08   0.610277E-02   0.145219E+05
  1    15361200.00    15364800.00   0.335648E-08   0.611490E-02   0.145439E+05
  1    15364800.00    15368400.00   0.335648E-08   0.612704E-02   0.145660E+05
  1    15368400.00    15372000.00   0.335648E-08   0.613919E-02   0.145881E+05
  1    15372000.00    15375600.00   0.335648E-08   0.615135E-02   0.146102E+05
  1    15375600.00    15379200.00   0.335648E-08   0.616353E-02   0.146324E+05
  1    15379200.00    15382800.00   0.370370E-08   0.617365E-02   0.146546E+05
  1    15382800.00    15386400.00   0.370370E-08   0.618377E-02   0.146769E+05
  1    15386400.00    15390000.00   0.370370E-08   0.619391E-02   0.146992E+05
  1    15390000.00    15393600.00   0.370370E-08   0.620405E-02   0.147215E+05
  1    15393600.00    15397200.00   0.370370E-08   0.621420E-02   0.147439E+05
  1    15397200.00    15400800.00   0.370370E-08   0.622436E-02   0.147663E+05
  1    15400800.00    15404400.00   0.370370E-08   0.623453E-02   0.147888E+05
  1    15404400.00    15408000.00   0.370370E-08   0.624470E-02   0.148112E+05
  1    15408000.00    15411600.00   0.370370E-08   0.625489E-02   0.148338E+05
  1    15411600.00    15415200.00   0.370370E-08   0.626508E-02   0.148563E+05
  1    15415200.00    15418800.00   0.370370E-08   0.627528E-02   0.148789E+05
  1    15418800.00    15422400.00   0.370370E-08   0.628549E-02   0.149015E+05
  1    15422400.00    15426000.00   0.370370E-08   0.629571E-02   0.149242E+05
  1    15426000.00    15429600.00   0.370370E-08   0.630594E-02   0.149469E+05
  1    15429600.00    15433200.00   0.370370E-08   0.631618E-02   0.149696E+05
  1    15433200.00    15436800.00   0.370370E-08   0.632642E-02   0.149924E+05
  1    15436800.00    15440400.00   0.370370E-08   0.633667E-02   0.150152E+05
  1    15440400.00    15444000.00   0.370370E-08   0.634693E-02   0.150381E+05
  1    15444000.00    15447600.00   0.370370E-08   0.635720E-02   0.150610E+05
  1    15447600.00    15451200.00   0.370370E-08   0.636748E-02   0.150839E+05
  1    15451200.00    15454800.00   0.370370E-08   0.637777E-02   0.151068E+05
  1    15454800.00    15458400.00   0.370370E-08   0.638806E-02   0.151298E+05
  1    15458400.00    15462000.00   0.370370E-08   0.639837E-02   0.151529E+05
  1    15462000.00    15465600.00   0.370370E-08   0.640868E-02   0.151759E+05
  1    15465600.00    15469200.00   0.188657E-07   0.640996E-02   0.151990E+05
  1    15469200.00    15472800.00   0.188657E-07   0.641125E-02   0.152221E+05
  1    15472800.00    15476400.00   0.188657E-07   0.641254E-02   0.152452E+05
  1    15476400.00    15480000.00   0.188657E-07   0.641382E-02   0.152683E+05
  1    15480000.00    15483600.00   0.188657E-07   0.641511E-02   0.152914E+05
  1    15483600.00    15487200.00   0.188657E-07   0.641639E-02   0.153145E+05
  1    15487200.00    15490800.00   0.188657E-07   0.641768E-02   0.153376E+05
  1    15490800.00    15494400.00   0.188657E-07   0.641897E-02   0.153607E+05
  1    15494400.00    15498000.00   0.188657E-07   0.642025E-02   0.153838E+05
  1    15498000.00    15501600.00   0.188657E-07   0.642154E-02   0.154069E+05
  1    15501600.00    15505200.00   0.188657E-07   0.642283E-02   0.154300E+05
  1    15505200.00    15508800.00   0.188657E-07   0.642412E-02   0.154532E+05
  1    15508800.00    15512400.00   0.188657E-07   0.642540E-02   0.154763E+05
  1    15512400.00    15516000.00   0.188657E-07   0.642669E-02   0.154994E+05
  1    15516000.00    15519600.00   0.188657E-07   0.642798E-02   0.155226E+05
  1    15519600.00    15523200.00   0.188657E-07   0.642927E-02   0.155457E+05
  1    15523200.00    15526800.00   0.188657E-07   0.643055E-02   0.155689E+05
  1    15526800.00    15530400.00   0.188657E-07   0.643184E-02   0.155920E+05
  1    15530400.00    15534000.00   0.188657E-07   0.643313E-02   0.156152E+05
  1    15534000.00    15537600.00   0.188657E-07   0.643442E-02   0.156383E+05
  1    15537600.00    15541200.00   0.188657E-07   0.643571E-02   0.156615E+05
  1    15541200.00    15544800.00   0.188657E-07   0.643699E-02   0.156847E+05
  1    15544800.00    15548400.00   0.188657E-07   0.643828E-02   0.157079E+05
  1    15548400.00    15552000.00   0.188657E-07   0.643957E-02   0.157310E+05
  1    15552000.00    15555600.00   0.347222E-08   0.648182E-02   0.157544E+05
  1    15555600.00    15559200.00   0.347222E-08   0.652420E-02   0.157779E+05
  1    15559200.00    15562800.00   0.347222E-08   0.656673E-02   0.158015E+05
  1    15562800.00    15566400.00   0.347222E-08   0.660939E-02   0.158253E+05
  1    15566400.00    15570000.00   0.347222E-08   0.665220E-02   0.158492E+05
  1    15570000.00    15573600.00   0.347222E-08   0.669514E-02   0.158733E+05
  1    15573600.00    15577200.00   0.347222E-08   0.673823E-02   0.158976E+05
  1    15577200.00    15580800.00   0.347222E-08   0.678145E-02   0.159220E+05
  1    15580800.00    15584400.00   0.347222E-08   0.682481E-02   0.159466E+05
  1    15584400.00    15588000.00   0.347222E-08   0.686831E-02   0.159713E+05
  1    15588000.00    15591600.00   0.347222E-08   0.691195E-02   0.159962E+05
  1    15591600.00    15595200.00   0.347222E-08   0.696752E-02   0.160213E+05
  1    15595200.00    15598800.00   0.347222E-08   0.701168E-02   0.160465E+05
  1    15598800.00    15602400.00   0.347222E-08   0.705597E-02   0.160719E+05
  1    15602400.00    15606000.00   0.347222E-08   0.710041E-02   0.160975E+05
  1    15606000.00    15609600.00   0.347222E-08   0.714499E-02   0.161232E+05
  1    15609600.00    15613200.00   0.347222E-08   0.718970E-02   0.161491E+05
  1    15613200.00    15616800.00   0.347222E-08   0.723455E-02   0.161751E+05
  1    15616800.00    15620400.00   0.347222E-08   0.727954E-02   0.162013E+05
  1    15620400.00    15624000.00   0.347222E-08   0.732467E-02   0.162277E+05
  1    15624000.00    15627600.00   0.347222E-08   0.736994E-02   0.162542E+05
  1    15627600.00    15631200.00   0.347222E-08   0.741535E-02   0.162809E+05
  1    15631200.00    15634800.00   0.347222E-08   0.746090E-02   0.163078E+05
  1    15634800.00    15638400.00   0.347222E-08   0.750658E-02   0.163348E+05
  1    15638400.00    15642000.00   0.277778E-08   0.747654E-02   0.163617E+05
  1    15642000.00    15645600.00   0.277778E-08   0.744656E-02   0.163885E+05
  1    15645600.00    15649200.00   0.277778E-08   0.741664E-02   0.164152E+05
  1    15649200.00    15652800.00   0.277778E-08   0.738678E-02   0.164418E+05
  1    15652800.00    15656400.00   0.277778E-08   0.735698E-02   0.164683E+05
  1    15656400.00    15660000.00   0.277778E-08   0.732724E-02   0.164947E+05
  1    15660000.00    15663600.00   0.277778E-08   0.729756E-02   0.165210E+05
  1    15663600.00    15667200.00   0.277778E-08   0.726794E-02   0.165471E+05
  1    15667200.00    15670800.00   0.277778E-08   0.723838E-02   0.165732E+05
  1    15670800.00    15674400.00   0.277778E-08   0.720888E-02   0.165991E+05
  1    15674400.00    15678000.00   0.277778E-08   0.717944E-02   0.166250E+05
  1    15678000.00    15681600.00   0.277778E-08   0.715006E-02   0.166507E+05
  1    15681600.00    15685200.00   0.277778E-08   0.712074E-02   0.166764E+05
  1    15685200.00    15688800.00   0.277778E-08   0.709148E-02   0.167019E+05
  1    15688800.00    15692400.00   0.277778E-08   0.706228E-02   0.167273E+05
  1    15692400.00    15696000.00   0.277778E-08   0.703314E-02   0.167526E+05
  1    15696000.00    15699600.00   0.277778E-08   0.700406E-02   0.167779E+05
  1    15699600.00    15703200.00   0.277778E-08   0.697504E-02   0.168030E+05
  1    15703200.00    15706800.00   0.277778E-08   0.694608E-02   0.168280E+05
  1    15706800.00    15710400.00   0.277778E-08   0.690566E-02   0.168528E+05
  1    15710400.00    15714000.00   0.277778E-08   0.687698E-02   0.168776E+05
  1    15714000.00    15717600.00   0.277778E-08   0.684836E-02   0.169022E+05
  1    15717600.00    15721200.00   0.277778E-08   0.681980E-02   0.169268E+05
  1    15721200.00    15724800.00   0.277778E-08   0.679129E-02   0.169512E+05
  1    15724800.00    15728400.00   0.347222E-08   0.677603E-02   0.169756E+05
  1    15728400.00    15732000.00   0.347222E-08   0.676078E-02   0.170000E+05
  1    15732000.00    15735600.00   0.347222E-08   0.674554E-02   0.170243E+05
  1    15735600.00    15739200.00   0.347222E-08   0.673033E-02   0.170485E+05
  1    15739200.00    15742800.00   0.347222E-08   0.671513E-02   0.170727E+05
  1    15742800.00    15746400.00   0.347222E-08   0.669995E-02   0.170968E+05
  1    15746400.00    15750000.00   0.347222E-08   0.668479E-02   0.171208E+05
  1    15750000.00    15753600.00   0.347222E-08   0.666964E-02   0.171449E+05
  1    15753600.00    15757200.00   0.347222E-08   0.665451E-02   0.171688E+05
  1    15757200.00    15760800.00   0.347222E-08   0.663940E-02   0.171927E+05
  1    15760800.00    15764400.00   0.347222E-08   0.662431E-02   0.172166E+05
  1    15764400.00    15768000.00   0.347222E-08   0.660923E-02   0.172404E+05
  1    15768000.00    15771600.00   0.347222E-08   0.659417E-02   0.172641E+05
  1    15771600.00    15775200.00   0.347222E-08   0.657913E-02   0.172878E+05
  1    15775200.00    15778800.00   0.347222E-08   0.656411E-02   0.173114E+05
  1    15778800.00    15782400.00   0.347222E-08   0.654910E-02   0.173350E+05
  1    15782400.00    15786000.00   0.347222E-08   0.653411E-02   0.173585E+05
  1    15786000.00    15789600.00   0.347222E-08   0.651914E-02   0.173820E+05
  1    15789600.00    15793200.00   0.347222E-08   0.650418E-02   0.174054E+05
  1    15793200.00    15796800.00   0.347222E-08   0.648925E-02   0.174288E+05
  1    15796800.00    15800400.00   0.347222E-08   0.647433E-02   0.174521E+05
  1    15800400.00    15804000.00   0.347222E-08   0.645942E-02   0.174753E+05
  1    15804000.00    15807600.00   0.347222E-08   0.644454E-02   0.174985E+05
  1    15807600.00    15811200.00   0.347222E-08   0.642967E-02   0.175217E+05
  1    15811200.00    15814800.00   0.547454E-07   0.645093E-02   0.175449E+05
  1    15814800.00    15818400.00   0.547454E-07   0.647222E-02   0.175682E+05
  1    15818400.00    15822000.00   0.547454E-07   0.649355E-02   0.175916E+05
  1    15822000.00    15825600.00   0.547454E-07   0.651492E-02   0.176150E+05
  1    15825600.00    15829200.00   0.547454E-07   0.653632E-02   0.176385E+05
  1    15829200.00    15832800.00   0.547454E-07   0.655776E-02   0.176622E+05
  1    15832800.00    15836400.00   0.547454E-07   0.657923E-02   0.176858E+05
  1    15836400.00    15840000.00   0.547454E-07   0.660074E-02   0.177096E+05
  1    15840000.00    15843600.00   0.547454E-07   0.662228E-02   0.177334E+05
  1    15843600.00    15847200.00   0.547454E-07   0.664386E-02   0.177574E+05
  1    15847200.00    15850800.00   0.547454E-07   0.666547E-02   0.177814E+05
  1    15850800.00    15854400.00   0.547454E-07   0.668712E-02   0.178054E+05
  1    15854400.00    15858000.00   0.547454E-07   0.670881E-02   0.178296E+05
  1    15858000.00    15861600.00   0.547454E-07   0.673053E-02   0.178538E+05
  1    15861600.00    15865200.00   0.547454E-07   0.675228E-02   0.178781E+05
  1    15865200.00    15868800.00   0.547454E-07   0.677407E-02   0.179025E+05
  1    15868800.00    15872400.00   0.547454E-07   0.679590E-02   0.179270E+05
  1    15872400.00    15876000.00   0.547454E-07   0.681776E-02   0.179515E+05
  1    15876000.00    15879600.00   0.547454E-07   0.683966E-02   0.179761E+05
  1    15879600.00    15883200.00   0.547454E-07   0.686159E-02   0.180008E+05
  1    15883200.00    15886800.00   0.547454E-07   0.688356E-02   0.180256E+05
  1    15886800.00    15890400.00   0.547454E-07   0.690556E-02   0.180505E+05
  1    15890400.00    15894000.00   0.547454E-07   0.692760E-02   0.180754E+05
  1    15894000.00    15897600.00   0.547454E-07   0.696143E-02   0.181005E+05
  1    15897600.00    15901200.00   0.775463E-08   0.697709E-02   0.181256E+05
  1    15901200.00    15904800.00   0.775463E-08   0.699278E-02   0.181508E+05
  1    15904800.00    15908400.00   0.775463E-08   0.700848E-02   0.181760E+05
  1    15908400.00    15912000.00   0.775463E-08   0.702419E-02   0.182013E+05
  1    15912000.00    15915600.00   0.775463E-08   0.703993E-02   0.182266E+05
  1    15915600.00    15919200.00   0.775463E-08   0.705568E-02   0.182520E+05
  1    15919200.00    15922800.00   0.775463E-08   0.707145E-02   0.182775E+05
  1    15922800.00    15926400.00   0.775463E-08   0.708724E-02   0.183030E+05
  1    15926400.00    15930000.00   0.775463E-08   0.710305E-02   0.183286E+05
  1    15930000.00    15933600.00   0.775463E-08   0.711887E-02   0.183542E+05
  1    15933600.00    15937200.00   0.775463E-08   0.713471E-02   0.183799E+05
  1    15937200.00    15940800.00   0.775463E-08   0.715057E-02   0.184056E+05
  1    15940800.00    15944400.00   0.775463E-08   0.716645E-02   0.184314E+05
  1    15944400.00    15948000.00   0.775463E-08   0.718234E-02   0.184573E+05
  1    15948000.00    15951600.00   0.775463E-08   0.719825E-02   0.184832E+05
  1    15951600.00    15955200.00   0.775463E-08   0.721418E-02   0.185092E+05
  1    15955200.00    15958800.00   0.775463E-08   0.723013E-02   0.185352E+05
  1    15958800.00    15962400.00   0.775463E-08   0.724609E-02   0.185613E+05
  1    15962400.00    15966000.00   0.775463E-08   0.726207E-02   0.185874E+05
  1    15966000.00    15969600.00   0.775463E-08   0.727807E-02   0.186136E+05
  1    15969600.00    15973200.00   0.775463E-08   0.729408E-02   0.186399E+05
  1    15973200.00    15976800.00   0.775463E-08   0.731012E-02   0.186662E+05
  1    15976800.00    15980400.00   0.775463E-08   0.732617E-02   0.186926E+05
  1    15980400.00    15984000.00   0.775463E-08   0.734224E-02   0.187190E+05
  1    15984000.00    15987600.00   0.231481E-09   0.732072E-02   0.187454E+05
  1    15987600.00    15991200.00   0.231481E-09   0.729923E-02   0.187716E+05
  1    15991200.00    15994800.00   0.231481E-09   0.727778E-02   0.187978E+05
  1    15994800.00    15998400.00   0.231481E-09   0.725635E-02   0.188240E+05
  1    15998400.00    16002000.00   0.231481E-09   0.723496E-02   0.188500E+05
  1    16002000.00    16005600.00   0.231481E-09   0.721360E-02   0.188760E+05
  1    16005600.00    16009200.00   0.231481E-09   0.719227E-02   0.189019E+05
  1    16009200.00    16012800.00   0.231481E-09   0.717097E-02   0.189277E+05
  1    16012800.00    16016400.00   0.231481E-09   0.714971E-02   0.189534E+05
  1    16016400.00    16020000.00   0.231481E-09   0.712847E-02   0.189791E+05
  1    16020000.00    16023600.00   0.231481E-09   0.710727E-02   0.190047E+05
  1    16023600.00    16027200.00   0.231481E-09   0.708609E-02   0.190302E+05
  1    16027200.00    16030800.00   0.231481E-09   0.706495E-02   0.190556E+05
  1    16030800.00    16034400.00   0.231481E-09   0.704384E-02   0.190810E+05
  1    16034400.00    16038000.00   0.231481E-09   0.702276E-02   0.191063E+05
  1    16038000.00    16041600.00   0.231481E-09   0.700172E-02   0.191315E+05
  1    16041600.00    16045200.00   0.231481E-09   0.698070E-02   0.191566E+05
  1    16045200.00    16048800.00   0.231481E-09   0.695972E-02   0.191817E+05
  1    16048800.00    16052400.00   0.231481E-09   0.692713E-02   0.192066E+05
  1    16052400.00    16056000.00   0.231481E-09   0.690633E-02   0.192315E+05
  1    16056000.00    16059600.00   0.231481E-09   0.688555E-02   0.192562E+05
  1    16059600.00    16063200.00   0.231481E-09   0.686481E-02   0.192810E+05
  1    16063200.00    16066800.00   0.231481E-09   0.684410E-02   0.193056E+05
  1    16066800.00    16070400.00   0.231481E-09   0.682342E-02   0.193302E+05
  1    16070400.00    16074000.00   0.925926E-09   0.683003E-02   0.193547E+05
  1    16074000.00    16077600.00   0.925926E-09   0.683664E-02   0.193794E+05
  1    16077600.00    16081200.00   0.925926E-09   0.684326E-02   0.194040E+05
  1    16081200.00    16084800.00   0.925926E-09   0.684987E-02   0.194287E+05
  1    16084800.00    16088400.00   0.925926E-09   0.685650E-02   0.194533E+05
  1    16088400.00    16092000.00   0.925926E-09   0.686312E-02   0.194780E+05
  1    16092000.00    16095600.00   0.925926E-09   0.686975E-02   0.195028E+05
  1    16095600.00    16099200.00   0.925926E-09   0.687638E-02   0.195275E+05
  1    16099200.00    16102800.00   0.925926E-09   0.688302E-02   0.195523E+05
  1    16102800.00    16106400.00   0.925926E-09   0.688965E-02   0.195771E+05
  1    16106400.00    16110000.00   0.925926E-09   0.689629E-02   0.196019E+05
  1    16110000.00    16113600.00   0.925926E-09   0.690294E-02   0.196268E+05
  1    16113600.00    16117200.00   0.925926E-09   0.690959E-02   0.196517E+05
  1    16117200.00    16120800.00   0.925926E-09   0.691624E-02   0.196766E+05
  1    16120800.00    16124400.00   0.925926E-09   0.692289E-02   0.197015E+05
  1    16124400.00    16128000.00   0.925926E-09   0.692955E-02   0.197264E+05
  1    16128000.00    16131600.00   0.925926E-09   0.694789E-02   0.197514E+05
  1    16131600.00    16135200.00   0.925926E-09   0.695459E-02   0.197765E+05
  1    16135200.00    16138800.00   0.925926E-09   0.696130E-02   0.198015E+05
  1    16138800.00    16142400.00   0.925926E-09   0.696800E-02   0.198266E+05
  1    16142400.00    16146000.00   0.925926E-09   0.697471E-02   0.198517E+05
  1    16146000.00    16149600.00   0.925926E-09   0.698143E-02   0.198769E+05
  1    16149600.00    16153200.00   0.925926E-09   0.698814E-02   0.199020E+05
  1    16153200.00    16156800.00   0.925926E-09   0.699486E-02   0.199272E+05
  1    16156800.00    16160400.00   0.347222E-09   0.701330E-02   0.199525E+05
  1    16160400.00    16164000.00   0.347222E-09   0.703176E-02   0.199778E+05
  1    16164000.00    16167600.00   0.347222E-09   0.705024E-02   0.200032E+05
  1    16167600.00    16171200.00   0.347222E-09   0.706875E-02   0.200286E+05
  1    16171200.00    16174800.00   0.347222E-09   0.708729E-02   0.200541E+05
  1    16174800.00    16178400.00   0.347222E-09   0.710584E-02   0.200797E+05
  1    16178400.00    16182000.00   0.347222E-09   0.712443E-02   0.201053E+05
  1    16182000.00    16185600.00   0.347222E-09   0.714303E-02   0.201311E+05
  1    16185600.00    16189200.00   0.347222E-09   0.716166E-02   0.201568E+05
  1    16189200.00    16192800.00   0.347222E-09   0.718032E-02   0.201827E+05
  1    16192800.00    16196400.00   0.347222E-09   0.719899E-02   0.202086E+05
  1    16196400.00    16200000.00   0.347222E-09   0.721770E-02   0.202346E+05
  1    16200000.00    16203600.00   0.347222E-09   0.723642E-02   0.202606E+05
  1    16203600.00    16207200.00   0.347222E-09   0.725517E-02   0.202868E+05
  1    16207200.00    16210800.00   0.347222E-09   0.727395E-02   0.203129E+05
  1    16210800.00    16214400.00   0.347222E-09   0.729275E-02   0.203392E+05
  1    16214400.00    16218000.00   0.347222E-09   0.731157E-02   0.203655E+05
  1    16218000.00    16221600.00   0.347222E-09   0.733042E-02   0.203919E+05
  1    16221600.00    16225200.00   0.347222E-09   0.734929E-02   0.204184E+05
  1    16225200.00    16228800.00   0.347222E-09   0.736818E-02   0.204449E+05
  1    16228800.00    16232400.00   0.347222E-09   0.738710E-02   0.204715E+05
  1    16232400.00    16236000.00   0.347222E-09   0.740605E-02   0.204981E+05
  1    16236000.00    16239600.00   0.347222E-09   0.742501E-02   0.205249E+05
  1    16239600.00    16243200.00   0.347222E-09   0.744401E-02   0.205517E+05
  1    16243200.00    16246800.00   0.000000E+00   0.744857E-02   0.205785E+05
  1    16246800.00    16250400.00   0.000000E+00   0.745314E-02   0.206053E+05
  1    16250400.00    16254000.00   0.000000E+00   0.745770E-02   0.206322E+05
  1    16254000.00    16257600.00   0.000000E+00   0.746227E-02   0.206590E+05
  1    16257600.00    16261200.00   0.000000E+00   0.746684E-02   0.206859E+05
  1    16261200.00    16264800.00   0.000000E+00   0.747141E-02   0.207128E+05
  1    16264800.00    16268400.00   0.000000E+00   0.747598E-02   0.207397E+05
  1    16268400.00    16272000.00   0.000000E+00   0.748056E-02   0.207667E+05
  1    16272000.00    16275600.00   0.000000E+00   0.748513E-02   0.207936E+05
  1    16275600.00    16279200.00   0.000000E+00   0.748971E-02   0.208206E+05
  1    16279200.00    16282800.00   0.000000E+00   0.749429E-02   0.208475E+05
  1    16282800.00    16286400.00   0.000000E+00   0.749887E-02   0.208745E+05
  1    16286400.00    16290000.00   0.000000E+00   0.750345E-02   0.209016E+05
  1    16290000.00    16293600.00   0.000000E+00   0.750803E-02   0.209286E+05
  1    16293600.00    16297200.00   0.000000E+00   0.751261E-02   0.209556E+05
  1    16297200.00    16300800.00   0.000000E+00   0.751720E-02   0.209827E+05
  1    16300800.00    16304400.00   0.000000E+00   0.752178E-02   0.210098E+05
  1    16304400.00    16308000.00   0.000000E+00   0.752637E-02   0.210369E+05
  1    16308000.00    16311600.00   0.000000E+00   0.753096E-02   0.210640E+05
  1    16311600.00    16315200.00   0.000000E+00   0.753555E-02   0.210911E+05
  1    16315200.00    16318800.00   0.000000E+00   0.754014E-02   0.211182E+05
  1    16318800.00    16322400.00   0.000000E+00   0.754474E-02   0.211454E+05
  1    16322400.00    16326000.00   0.000000E+00   0.754933E-02   0.211726E+05
  1    16326000.00    16329600.00   0.000000E+00   0.755393E-02   0.211998E+05
  1    16329600.00    16333200.00   0.000000E+00   0.757544E-02   0.212270E+05
  1    16333200.00    16336800.00   0.000000E+00   0.759699E-02   0.212544E+05
  1    16336800.00    16340400.00   0.000000E+00   0.761856E-02   0.212818E+05
  1    16340400.00    16344000.00   0.000000E+00   0.764016E-02   0.213093E+05
  1    16344000.00    16347600.00   0.000000E+00   0.766180E-02   0.213369E+05
  1    16347600.00    16351200.00   0.000000E+00   0.768346E-02   0.213646E+05
  1    16351200.00    16354800.00   0.000000E+00   0.770516E-02   0.213923E+05
  1    16354800.00    16358400.00   0.000000E+00   0.772688E-02   0.214201E+05
  1    16358400.00    16362000.00   0.000000E+00   0.774864E-02   0.214480E+05
  1    16362000.00    16365600.00   0.000000E+00   0.777042E-02   0.214760E+05
  1    16365600.00    16369200.00   0.000000E+00   0.779224E-02   0.215040E+05
  1    16369200.00    16372800.00   0.000000E+00   0.781408E-02   0.215322E+05
  1    16372800.00    16376400.00   0.000000E+00   0.783596E-02   0.215604E+05
  1    16376400.00    16380000.00   0.000000E+00   0.785786E-02   0.215887E+05
  1    16380000.00    16383600.00   0.000000E+00   0.787980E-02   0.216170E+05
  1    16383600.00    16387200.00   0.000000E+00   0.790176E-02   0.216455E+05
  1    16387200.00    16390800.00   0.000000E+00   0.792376E-02   0.216740E+05
  1    16390800.00    16394400.00   0.000000E+00   0.794578E-02   0.217026E+05
  1    16394400.00    16398000.00   0.000000E+00   0.796784E-02   0.217313E+05
  1    16398000.00    16401600.00   0.000000E+00   0.798992E-02   0.217601E+05
  1    16401600.00    16405200.00   0.000000E+00   0.801204E-02   0.217889E+05
  1    16405200.00    16408800.00   0.000000E+00   0.803418E-02   0.218178E+05
  1    16408800.00    16412400.00   0.000000E+00   0.805635E-02   0.218468E+05
  1    16412400.00    16416000.00   0.000000E+00   0.807856E-02   0.218759E+05
  1    16416000.00    16419600.00   0.000000E+00   0.807296E-02   0.219050E+05
  1    16419600.00    16423200.00   0.000000E+00   0.806736E-02   0.219340E+05
  1    16423200.00    16426800.00   0.000000E+00   0.806176E-02   0.219630E+05
  1    16426800.00    16430400.00   0.000000E+00   0.805617E-02   0.219921E+05
  1    16430400.00    16434000.00   0.000000E+00   0.805058E-02   0.220210E+05
  1    16434000.00    16437600.00   0.000000E+00   0.804499E-02   0.220500E+05
  1    16437600.00    16441200.00   0.000000E+00   0.803940E-02   0.220789E+05
  1    16441200.00    16444800.00   0.000000E+00   0.803381E-02   0.221079E+05
  1    16444800.00    16448400.00   0.000000E+00   0.802823E-02   0.221368E+05
  1    16448400.00    16452000.00   0.000000E+00   0.802264E-02   0.221656E+05
  1    16452000.00    16455600.00   0.000000E+00   0.801706E-02   0.221945E+05
  1    16455600.00    16459200.00   0.000000E+00   0.801148E-02   0.222233E+05
  1    16459200.00    16462800.00   0.000000E+00   0.800591E-02   0.222522E+05
  1    16462800.00    16466400.00   0.000000E+00   0.800033E-02   0.222810E+05
  1    16466400.00    16470000.00   0.000000E+00   0.799476E-02   0.223097E+05
  1    16470000.00    16473600.00   0.000000E+00   0.798919E-02   0.223385E+05
  1    16473600.00    16477200.00   0.000000E+00   0.798362E-02   0.223672E+05
  1    16477200.00    16480800.00   0.000000E+00   0.797805E-02   0.223960E+05
  1    16480800.00    16484400.00   0.000000E+00   0.797248E-02   0.224247E+05
  1    16484400.00    16488000.00   0.000000E+00   0.796692E-02   0.224534E+05
  1    16488000.00    16491600.00   0.000000E+00   0.796136E-02   0.224820E+05
  1    16491600.00    16495200.00   0.000000E+00   0.795580E-02   0.225107E+05
  1    16495200.00    16498800.00   0.000000E+00   0.795024E-02   0.225393E+05
  1    16498800.00    16502400.00   0.000000E+00   0.794468E-02   0.225679E+05
  1    16502400.00    16506000.00   0.000000E+00   0.790896E-02   0.225963E+05
  1    16506000.00    16509600.00   0.000000E+00   0.787331E-02   0.226247E+05
  1    16509600.00    16513200.00   0.000000E+00   0.783774E-02   0.226529E+05
  1    16513200.00    16516800.00   0.000000E+00   0.780225E-02   0.226810E+05
  1    16516800.00    16520400.00   0.000000E+00   0.776685E-02   0.227090E+05
  1    16520400.00    16524000.00   0.000000E+00   0.773151E-02   0.227368E+05
  1    16524000.00    16527600.00   0.000000E+00   0.769626E-02   0.227645E+05
  1    16527600.00    16531200.00   0.000000E+00   0.766109E-02   0.227921E+05
  1    16531200.00    16534800.00   0.000000E+00   0.762600E-02   0.228195E+05
  1    16534800.00    16538400.00   0.000000E+00   0.759098E-02   0.228469E+05
  1    16538400.00    16542000.00   0.000000E+00   0.755605E-02   0.228741E+05
  1    16542000.00    16545600.00   0.000000E+00   0.752120E-02   0.229011E+05
  1    16545600.00    16549200.00   0.000000E+00   0.748642E-02   0.229281E+05
  1    16549200.00    16552800.00   0.000000E+00   0.745173E-02   0.229549E+05
  1    16552800.00    16556400.00   0.000000E+00   0.741711E-02   0.229816E+05
  1    16556400.00    16560000.00   0.000000E+00   0.738258E-02   0.230082E+05
  1    16560000.00    16563600.00   0.000000E+00   0.734812E-02   0.230346E+05
  1    16563600.00    16567200.00   0.000000E+00   0.731374E-02   0.230610E+05
  1    16567200.00    16570800.00   0.000000E+00   0.727945E-02   0.230872E+05
  1    16570800.00    16574400.00   0.000000E+00   0.724523E-02   0.231133E+05
  1    16574400.00    16578000.00   0.000000E+00   0.721110E-02   0.231392E+05
  1    16578000.00    16581600.00   0.000000E+00   0.717704E-02   0.231651E+05
  1    16581600.00    16585200.00   0.000000E+00   0.714307E-02   0.231908E+05
  1    16585200.00    16588800.00   0.000000E+00   0.710917E-02   0.232164E+05
  1    16588800.00    16592400.00   0.283565E-07   0.709056E-02   0.232419E+05
  1    16592400.00    16596000.00   0.283565E-07   0.707197E-02   0.232674E+05
  1    16596000.00    16599600.00   0.283565E-07   0.705341E-02   0.232927E+05
  1    16599600.00    16603200.00   0.283565E-07   0.703487E-02   0.233181E+05
  1    16603200.00    16606800.00   0.283565E-07   0.701636E-02   0.233433E+05
  1    16606800.00    16610400.00   0.283565E-07   0.699787E-02   0.233685E+05
  1    16610400.00    16614000.00   0.283565E-07   0.697940E-02   0.233936E+05
  1    16614000.00    16617600.00   0.283565E-07   0.696096E-02   0.234187E+05
  1    16617600.00    16621200.00   0.283565E-07   0.694255E-02   0.234437E+05
  1    16621200.00    16624800.00   0.283565E-07   0.691260E-02   0.234686E+05
  1    16624800.00    16628400.00   0.283565E-07   0.689433E-02   0.234934E+05
  1    16628400.00    16632000.00   0.283565E-07   0.687609E-02   0.235182E+05
  1    16632000.00    16635600.00   0.283565E-07   0.685787E-02   0.235428E+05
  1    16635600.00    16639200.00   0.283565E-07   0.683968E-02   0.235675E+05
  1    16639200.00    16642800.00   0.283565E-07   0.682150E-02   0.235920E+05
  1    16642800.00    16646400.00   0.283565E-07   0.680336E-02   0.236165E+05
  1    16646400.00    16650000.00   0.283565E-07   0.678524E-02   0.236409E+05
  1    16650000.00    16653600.00   0.283565E-07   0.676714E-02   0.236653E+05
  1    16653600.00    16657200.00   0.283565E-07   0.674907E-02   0.236896E+05
  1    16657200.00    16660800.00   0.283565E-07   0.673102E-02   0.237138E+05
  1    16660800.00    16664400.00   0.283565E-07   0.671299E-02   0.237380E+05
  1    16664400.00    16668000.00   0.283565E-07   0.669499E-02   0.237621E+05
  1    16668000.00    16671600.00   0.283565E-07   0.667702E-02   0.237861E+05
  1    16671600.00    16675200.00   0.283565E-07   0.665907E-02   0.238101E+05
  1    16675200.00    16678800.00   0.240741E-07   0.664060E-02   0.238340E+05
  1    16678800.00    16682400.00   0.240741E-07   0.662217E-02   0.238579E+05
  1    16682400.00    16686000.00   0.240741E-07   0.660376E-02   0.238816E+05
  1    16686000.00    16689600.00   0.240741E-07   0.658538E-02   0.239053E+05
  1    16689600.00    16693200.00   0.240741E-07   0.656702E-02   0.239290E+05
  1    16693200.00    16696800.00   0.240741E-07   0.654869E-02   0.239526E+05
  1    16696800.00    16700400.00   0.240741E-07   0.653038E-02   0.239761E+05
  1    16700400.00    16704000.00   0.240741E-07   0.651210E-02   0.239995E+05
  1    16704000.00    16707600.00   0.240741E-07   0.649384E-02   0.240229E+05
  1    16707600.00    16711200.00   0.240741E-07   0.647562E-02   0.240462E+05
  1    16711200.00    16714800.00   0.240741E-07   0.645741E-02   0.240695E+05
  1    16714800.00    16718400.00   0.240741E-07   0.643924E-02   0.240926E+05
  1    16718400.00    16722000.00   0.240741E-07   0.642109E-02   0.241157E+05
  1    16722000.00    16725600.00   0.240741E-07   0.640296E-02   0.241388E+05
  1    16725600.00    16729200.00   0.240741E-07   0.638487E-02   0.241618E+05
  1    16729200.00    16732800.00   0.240741E-07   0.636679E-02   0.241847E+05
  1    16732800.00    16736400.00   0.240741E-07   0.634875E-02   0.242076E+05
  1    16736400.00    16740000.00   0.240741E-07   0.633073E-02   0.242304E+05
  1    16740000.00    16743600.00   0.240741E-07   0.631273E-02   0.242531E+05
  1    16743600.00    16747200.00   0.240741E-07   0.629476E-02   0.242757E+05
  1    16747200.00    16750800.00   0.240741E-07   0.627682E-02   0.242983E+05
  1    16750800.00    16754400.00   0.240741E-07   0.625891E-02   0.243209E+05
  1    16754400.00    16758000.00   0.240741E-07   0.624102E-02   0.243433E+05
  1    16758000.00    16761600.00   0.240741E-07   0.622315E-02   0.243657E+05
  1    16761600.00    16765200.00   0.414352E-07   0.622008E-02   0.243881E+05
  1    16765200.00    16768800.00   0.414352E-07   0.621700E-02   0.244105E+05
  1    16768800.00    16772400.00   0.414352E-07   0.621393E-02   0.244329E+05
  1    16772400.00    16776000.00   0.414352E-07   0.621086E-02   0.244552E+05
  1    16776000.00    16779600.00   0.414352E-07   0.620779E-02   0.244776E+05
  1    16779600.00    16783200.00   0.414352E-07   0.620472E-02   0.244999E+05
  1    16783200.00    16786800.00   0.414352E-07   0.620164E-02   0.245223E+05
  1    16786800.00    16790400.00   0.414352E-07   0.619858E-02   0.245446E+05
  1    16790400.00    16794000.00   0.414352E-07   0.619551E-02   0.245669E+05
  1    16794000.00    16797600.00   0.414352E-07   0.619244E-02   0.245892E+05
  1    16797600.00    16801200.00   0.414352E-07   0.618937E-02   0.246114E+05
  1    16801200.00    16804800.00   0.414352E-07   0.618630E-02   0.246337E+05
  1    16804800.00    16808400.00   0.414352E-07   0.618324E-02   0.246560E+05
  1    16808400.00    16812000.00   0.414352E-07   0.618017E-02   0.246782E+05
  1    16812000.00    16815600.00   0.414352E-07   0.617711E-02   0.247005E+05
  1    16815600.00    16819200.00   0.414352E-07   0.617405E-02   0.247227E+05
  1    16819200.00    16822800.00   0.414352E-07   0.617098E-02   0.247449E+05
  1    16822800.00    16826400.00   0.414352E-07   0.616792E-02   0.247671E+05
  1    16826400.00    16830000.00   0.414352E-07   0.616486E-02   0.247893E+05
  1    16830000.00    16833600.00   0.414352E-07   0.616180E-02   0.248115E+05
  1    16833600.00    16837200.00   0.414352E-07   0.615874E-02   0.248337E+05
  1    16837200.00    16840800.00   0.414352E-07   0.615568E-02   0.248558E+05
  1    16840800.00    16844400.00   0.414352E-07   0.615262E-02   0.248780E+05
  1    16844400.00    16848000.00   0.414352E-07   0.614957E-02   0.249001E+05
  1    16848000.00    16851600.00   0.278935E-07   0.617036E-02   0.249223E+05
  1    16851600.00    16855200.00   0.278935E-07   0.619120E-02   0.249446E+05
  1    16855200.00    16858800.00   0.278935E-07   0.621207E-02   0.249670E+05
  1    16858800.00    16862400.00   0.278935E-07   0.623297E-02   0.249894E+05
  1    16862400.00    16866000.00   0.278935E-07   0.625391E-02   0.250119E+05
  1    16866000.00    16869600.00   0.278935E-07   0.627489E-02   0.250345E+05
  1    16869600.00    16873200.00   0.278935E-07   0.629590E-02   0.250572E+05
  1    16873200.00    16876800.00   0.278935E-07   0.631695E-02   0.250799E+05
  1    16876800.00    16880400.00   0.278935E-07   0.633804E-02   0.251027E+05
  1    16880400.00    16884000.00   0.278935E-07   0.635916E-02   0.251256E+05
  1    16884000.00    16887600.00   0.278935E-07   0.638031E-02   0.251486E+05
  1    16887600.00    16891200.00   0.278935E-07   0.640151E-02   0.251716E+05
  1    16891200.00    16894800.00   0.278935E-07   0.642273E-02   0.251948E+05
  1    16894800.00    16898400.00   0.278935E-07   0.644400E-02   0.252180E+05
  1    16898400.00    16902000.00   0.278935E-07   0.646530E-02   0.252412E+05
  1    16902000.00    16905600.00   0.278935E-07   0.648663E-02   0.252646E+05
  1    16905600.00    16909200.00   0.278935E-07   0.650800E-02   0.252880E+05
  1    16909200.00    16912800.00   0.278935E-07   0.652941E-02   0.253115E+05
  1    16912800.00    16916400.00   0.278935E-07   0.655085E-02   0.253351E+05
  1    16916400.00    16920000.00   0.278935E-07   0.657233E-02   0.253588E+05
  1    16920000.00    16923600.00   0.278935E-07   0.659384E-02   0.253825E+05
  1    16923600.00    16927200.00   0.278935E-07   0.661539E-02   0.254063E+05
  1    16927200.00    16930800.00   0.278935E-07   0.663697E-02   0.254302E+05
  1    16930800.00    16934400.00   0.278935E-07   0.665859E-02   0.254542E+05
  1    16934400.00    16938000.00   0.150463E-08   0.668447E-02   0.254782E+05
  1    16938000.00    16941600.00   0.150463E-08   0.671040E-02   0.255024E+05
  1    16941600.00    16945200.00   0.150463E-08   0.673639E-02   0.255267E+05
  1    16945200.00    16948800.00   0.150463E-08   0.676242E-02   0.255510E+05
  1    16948800.00    16952400.00   0.150463E-08   0.678850E-02   0.255754E+05
  1    16952400.00    16956000.00   0.150463E-08   0.681464E-02   0.256000E+05
  1    16956000.00    16959600.00   0.150463E-08   0.684082E-02   0.256246E+05
  1    16959600.00    16963200.00   0.150463E-08   0.686706E-02   0.256493E+05
  1    16963200.00    16966800.00   0.150463E-08   0.689335E-02   0.256741E+05
  1    16966800.00    16970400.00   0.150463E-08   0.691968E-02   0.256990E+05
  1    16970400.00    16974000.00   0.150463E-08   0.695781E-02   0.257241E+05
  1    16974000.00    16977600.00   0.150463E-08   0.698439E-02   0.257492E+05
  1    16977600.00    16981200.00   0.150463E-08   0.701102E-02   0.257745E+05
  1    16981200.00    16984800.00   0.150463E-08   0.703771E-02   0.257998E+05
  1    16984800.00    16988400.00   0.150463E-08   0.706444E-02   0.258252E+05
  1    16988400.00    16992000.00   0.150463E-08   0.709123E-02   0.258508E+05
  1    16992000.00    16995600.00   0.150463E-08   0.711806E-02   0.258764E+05
  1    16995600.00    16999200.00   0.150463E-08   0.714495E-02   0.259021E+05
  1    16999200.00    17002800.00   0.150463E-08   0.717188E-02   0.259279E+05
  1    17002800.00    17006400.00   0.150463E-08   0.719887E-02   0.259539E+05
  1    17006400.00    17010000.00   0.150463E-08   0.722591E-02   0.259799E+05
  1    17010000.00    17013600.00   0.150463E-08   0.725300E-02   0.260060E+05
  1    17013600.00    17017200.00   0.150463E-08   0.728013E-02   0.260322E+05
  1    17017200.00    17020800.00   0.150463E-08   0.730732E-02   0.260585E+05
  1    17020800.00    17024400.00   0.115741E-09   0.731375E-02   0.260848E+05
  1    17024400.00    17028000.00   0.115741E-09   0.732019E-02   0.261112E+05
  1    17028000.00    17031600.00   0.115741E-09   0.732662E-02   0.261376E+05
  1    17031600.00    17035200.00   0.115741E-09   0.733306E-02   0.261640E+05
  1    17035200.00    17038800.00   0.115741E-09   0.733950E-02   0.261904E+05
  1    17038800.00    17042400.00   0.115741E-09   0.734595E-02   0.262168E+05
  1    17042400.00    17046000.00   0.115741E-09   0.735240E-02   0.262433E+05
  1    17046000.00    17049600.00   0.115741E-09   0.735885E-02   0.262698E+05
  1    17049600.00    17053200.00   0.115741E-09   0.736530E-02   0.262963E+05
  1    17053200.00    17056800.00   0.115741E-09   0.737175E-02   0.263228E+05
  1    17056800.00    17060400.00   0.115741E-09   0.737821E-02   0.263494E+05
  1    17060400.00    17064000.00   0.115741E-09   0.738468E-02   0.263760E+05
  1    17064000.00    17067600.00   0.115741E-09   0.739114E-02   0.264026E+05
  1    17067600.00    17071200.00   0.115741E-09   0.739761E-02   0.264292E+05
  1    17071200.00    17074800.00   0.115741E-09   0.740408E-02   0.264559E+05
  1    17074800.00    17078400.00   0.115741E-09   0.741055E-02   0.264826E+05
  1    17078400.00    17082000.00   0.115741E-09   0.741702E-02   0.265093E+05
  1    17082000.00    17085600.00   0.115741E-09   0.742350E-02   0.265360E+05
  1    17085600.00    17089200.00   0.115741E-09   0.742998E-02   0.265627E+05
  1    17089200.00    17092800.00   0.115741E-09   0.743647E-02   0.265895E+05
  1    17092800.00    17096400.00   0.115741E-09   0.744295E-02   0.266163E+05
  1    17096400.00    17100000.00   0.115741E-09   0.744944E-02   0.266431E+05
  1    17100000.00    17103600.00   0.115741E-09   0.745594E-02   0.266700E+05
  1    17103600.00    17107200.00   0.115741E-09   0.746243E-02   0.266968E+05
  1    17107200.00    17110800.00   0.358796E-08   0.747277E-02   0.267237E+05
  1    17110800.00    17114400.00   0.358796E-08   0.748311E-02   0.267507E+05
  1    17114400.00    17118000.00   0.358796E-08   0.749346E-02   0.267776E+05
  1    17118000.00    17121600.00   0.358796E-08   0.750382E-02   0.268046E+05
  1    17121600.00    17125200.00   0.358796E-08   0.751419E-02   0.268317E+05
  1    17125200.00    17128800.00   0.358796E-08   0.752456E-02   0.268588E+05
  1    17128800.00    17132400.00   0.358796E-08   0.753494E-02   0.268859E+05
  1    17132400.00    17136000.00   0.358796E-08   0.754533E-02   0.269131E+05
  1    17136000.00    17139600.00   0.358796E-08   0.755572E-02   0.269403E+05
  1    17139600.00    17143200.00   0.358796E-08   0.756612E-02   0.269675E+05
  1    17143200.00    17146800.00   0.358796E-08   0.757653E-02   0.269948E+05
  1    17146800.00    17150400.00   0.358796E-08   0.758694E-02   0.270221E+05
  1    17150400.00    17154000.00   0.358796E-08   0.759737E-02   0.270495E+05
  1    17154000.00    17157600.00   0.358796E-08   0.760779E-02   0.270768E+05
  1    17157600.00    17161200.00   0.358796E-08   0.761823E-02   0.271043E+05
  1    17161200.00    17164800.00   0.358796E-08   0.762867E-02   0.271317E+05
  1    17164800.00    17168400.00   0.358796E-08   0.763912E-02   0.271592E+05
  1    17168400.00    17172000.00   0.358796E-08   0.764958E-02   0.271868E+05
  1    17172000.00    17175600.00   0.358796E-08   0.766004E-02   0.272143E+05
  1    17175600.00    17179200.00   0.358796E-08   0.767052E-02   0.272420E+05
  1    17179200.00    17182800.00   0.358796E-08   0.768099E-02   0.272696E+05
  1    17182800.00    17186400.00   0.358796E-08   0.769148E-02   0.272973E+05
  1    17186400.00    17190000.00   0.358796E-08   0.770197E-02   0.273250E+05
  1    17190000.00    17193600.00   0.358796E-08   0.771247E-02   0.273528E+05
  1    17193600.00    17197200.00   0.254630E-08   0.773589E-02   0.273806E+05
  1    17197200.00    17200800.00   0.254630E-08   0.775933E-02   0.274086E+05
  1    17200800.00    17204400.00   0.254630E-08   0.778282E-02   0.274366E+05
  1    17204400.00    17208000.00   0.254630E-08   0.780634E-02   0.274647E+05
  1    17208000.00    17211600.00   0.254630E-08   0.782989E-02   0.274929E+05
  1    17211600.00    17215200.00   0.254630E-08   0.785348E-02   0.275212E+05
  1    17215200.00    17218800.00   0.254630E-08   0.787710E-02   0.275495E+05
  1    17218800.00    17222400.00   0.254630E-08   0.790076E-02   0.275780E+05
  1    17222400.00    17226000.00   0.254630E-08   0.792445E-02   0.276065E+05
  1    17226000.00    17229600.00   0.254630E-08   0.794818E-02   0.276351E+05
  1    17229600.00    17233200.00   0.254630E-08   0.797195E-02   0.276638E+05
  1    17233200.00    17236800.00   0.254630E-08   0.799574E-02   0.276926E+05
  1    17236800.00    17240400.00   0.254630E-08   0.801957E-02   0.277215E+05
  1    17240400.00    17244000.00   0.254630E-08   0.804344E-02   0.277504E+05
  1    17244000.00    17247600.00   0.254630E-08   0.806734E-02   0.277795E+05
  1    17247600.00    17251200.00   0.254630E-08   0.809128E-02   0.278086E+05
  1    17251200.00    17254800.00   0.254630E-08   0.811525E-02   0.278378E+05
  1    17254800.00    17258400.00   0.254630E-08   0.813925E-02   0.278671E+05
  1    17258400.00    17262000.00   0.254630E-08   0.816329E-02   0.278965E+05
  1    17262000.00    17265600.00   0.254630E-08   0.818737E-02   0.279260E+05
  1    17265600.00    17269200.00   0.254630E-08   0.821148E-02   0.279555E+05
  1    17269200.00    17272800.00   0.254630E-08   0.823562E-02   0.279852E+05
  1    17272800.00    17276400.00   0.254630E-08   0.825980E-02   0.280149E+05
  1    17276400.00    17280000.00   0.254630E-08   0.828401E-02   0.280447E+05
  1    17280000.00    17283600.00   0.000000E+00   0.825106E-02   0.280744E+05
  1    17283600.00    17287200.00   0.000000E+00   0.821817E-02   0.281040E+05
  1    17287200.00    17290800.00   0.000000E+00   0.818535E-02   0.281335E+05
  1    17290800.00    17294400.00   0.000000E+00   0.815259E-02   0.281628E+05
  1    17294400.00    17298000.00   0.000000E+00   0.811989E-02   0.281921E+05
  1    17298000.00    17301600.00   0.000000E+00   0.808726E-02   0.282212E+05
  1    17301600.00    17305200.00   0.000000E+00   0.805470E-02   0.282502E+05
  1    17305200.00    17308800.00   0.000000E+00   0.802219E-02   0.282791E+05
  1    17308800.00    17312400.00   0.000000E+00   0.798976E-02   0.283078E+05
  1    17312400.00    17316000.00   0.000000E+00   0.795738E-02   0.283365E+05
  1    17316000.00    17319600.00   0.000000E+00   0.792507E-02   0.283650E+05
  1    17319600.00    17323200.00   0.000000E+00   0.789283E-02   0.283934E+05
  1    17323200.00    17326800.00   0.000000E+00   0.786065E-02   0.284217E+05
  1    17326800.00    17330400.00   0.000000E+00   0.782853E-02   0.284499E+05
  1    17330400.00    17334000.00   0.000000E+00   0.779648E-02   0.284780E+05
  1    17334000.00    17337600.00   0.000000E+00   0.776449E-02   0.285059E+05
  1    17337600.00    17341200.00   0.000000E+00   0.773257E-02   0.285337E+05
  1    17341200.00    17344800.00   0.000000E+00   0.770071E-02   0.285615E+05
  1    17344800.00    17348400.00   0.000000E+00   0.766892E-02   0.285891E+05
  1    17348400.00    17352000.00   0.000000E+00   0.763719E-02   0.286166E+05
  1    17352000.00    17355600.00   0.000000E+00   0.760553E-02   0.286440E+05
  1    17355600.00    17359200.00   0.000000E+00   0.757393E-02   0.286712E+05
  1    17359200.00    17362800.00   0.000000E+00   0.754239E-02   0.286984E+05
  1    17362800.00    17366400.00   0.000000E+00   0.751093E-02   0.287254E+05
  1    17366400.00    17370000.00   0.000000E+00   0.751377E-02   0.287525E+05
  1    17370000.00    17373600.00   0.000000E+00   0.751661E-02   0.287795E+05
  1    17373600.00    17377200.00   0.000000E+00   0.751946E-02   0.288066E+05
  1    17377200.00    17380800.00   0.000000E+00   0.752230E-02   0.288337E+05
  1    17380800.00    17384400.00   0.000000E+00   0.752515E-02   0.288608E+05
  1    17384400.00    17388000.00   0.000000E+00   0.752799E-02   0.288879E+05
  1    17388000.00    17391600.00   0.000000E+00   0.753084E-02   0.289150E+05
  1    17391600.00    17395200.00   0.000000E+00   0.753368E-02   0.289421E+05
  1    17395200.00    17398800.00   0.000000E+00   0.753653E-02   0.289692E+05
  1    17398800.00    17402400.00   0.000000E+00   0.753938E-02   0.289964E+05
  1    17402400.00    17406000.00   0.000000E+00   0.754223E-02   0.290235E+05
  1    17406000.00    17409600.00   0.000000E+00   0.754508E-02   0.290507E+05
  1    17409600.00    17413200.00   0.000000E+00   0.754793E-02   0.290779E+05
  1    17413200.00    17416800.00   0.000000E+00   0.755078E-02   0.291050E+05
  1    17416800.00    17420400.00   0.000000E+00   0.755363E-02   0.291322E+05
  1    17420400.00    17424000.00   0.000000E+00   0.755648E-02   0.291594E+05
  1    17424000.00    17427600.00   0.000000E+00   0.755933E-02   0.291866E+05
  1    17427600.00    17431200.00   0.000000E+00   0.756218E-02   0.292139E+05
  1    17431200.00    17434800.00   0.000000E+00   0.756504E-02   0.292411E+05
  1    17434800.00    17437885.71   0.000000E+00   0.628961E-02   0.292605E+05
  1    17437885.71    17438400.00   0.000000E+00   0.411522E-02   0.292626E+05
  1    17438400.00    17442000.00   0.000000E+00   0.100909E-01   0.292990E+05
  1    17442000.00    17445600.00   0.000000E+00   0.100940E-01   0.293353E+05
  1    17445600.00    17449200.00   0.000000E+00   0.100971E-01   0.293716E+05
  1    17449200.00    17452800.00   0.000000E+00   0.101001E-01   0.294080E+05
  1    17452800.00    17452872.00   0.576389E-07   0.000000E+00   0.294080E+05
