1 IUP: Loess                     1.000   1.000   1   800   0.5000E-02
  0.600050E-01  0.100000E+06  0.327085E-28 -0.533219E-10
  0.600052E-01  0.977209E+05  0.364098E-28 -0.559154E-10
  0.600053E-01  0.954938E+05  0.405300E-28 -0.586351E-10
  0.600054E-01  0.933174E+05  0.451164E-28 -0.614870E-10
  0.600055E-01  0.911906E+05  0.502219E-28 -0.644776E-10
  0.600057E-01  0.891123E+05  0.559051E-28 -0.676137E-10
  0.600058E-01  0.870813E+05  0.622313E-28 -0.709023E-10
  0.600060E-01  0.850966E+05  0.692735E-28 -0.743509E-10
  0.600061E-01  0.831572E+05  0.771127E-28 -0.779672E-10
  0.600063E-01  0.812620E+05  0.858388E-28 -0.817594E-10
  0.600064E-01  0.794099E+05  0.955524E-28 -0.857361E-10
  0.600066E-01  0.776001E+05  0.106365E-27 -0.899062E-10
  0.600067E-01  0.758315E+05  0.118402E-27 -0.942791E-10
  0.600069E-01  0.741033E+05  0.131800E-27 -0.988647E-10
  0.600071E-01  0.724144E+05  0.146715E-27 -0.103673E-09
  0.600073E-01  0.707640E+05  0.163318E-27 -0.108716E-09
  0.600074E-01  0.691512E+05  0.181799E-27 -0.114004E-09
  0.600076E-01  0.675752E+05  0.202371E-27 -0.119549E-09
  0.600078E-01  0.660351E+05  0.225272E-27 -0.125363E-09
  0.600080E-01  0.645301E+05  0.250764E-27 -0.131461E-09
  0.600082E-01  0.630594E+05  0.279141E-27 -0.137855E-09
  0.600084E-01  0.616222E+05  0.310729E-27 -0.144560E-09
  0.600086E-01  0.602178E+05  0.345892E-27 -0.151591E-09
  0.600088E-01  0.588453E+05  0.385034E-27 -0.158964E-09
  0.600090E-01  0.575042E+05  0.428605E-27 -0.166696E-09
  0.600093E-01  0.561936E+05  0.477106E-27 -0.174804E-09
  0.600095E-01  0.549129E+05  0.531096E-27 -0.183306E-09
  0.600097E-01  0.536614E+05  0.591196E-27 -0.192222E-09
  0.600100E-01  0.524384E+05  0.658097E-27 -0.201571E-09
  0.600102E-01  0.512433E+05  0.732568E-27 -0.211375E-09
  0.600105E-01  0.500754E+05  0.815466E-27 -0.221656E-09
  0.600107E-01  0.489341E+05  0.907746E-27 -0.232437E-09
  0.600110E-01  0.478189E+05  0.101047E-26 -0.243742E-09
  0.600113E-01  0.467291E+05  0.112481E-26 -0.255598E-09
  0.600115E-01  0.456641E+05  0.125210E-26 -0.268029E-09
  0.600118E-01  0.446233E+05  0.139379E-26 -0.281066E-09
  0.600121E-01  0.436063E+05  0.155151E-26 -0.294737E-09
  0.600124E-01  0.426125E+05  0.172708E-26 -0.309072E-09
  0.600127E-01  0.416413E+05  0.192252E-26 -0.324105E-09
  0.600130E-01  0.406923E+05  0.214008E-26 -0.339869E-09
  0.600134E-01  0.397649E+05  0.238225E-26 -0.356400E-09
  0.600137E-01  0.388586E+05  0.265183E-26 -0.373734E-09
  0.600140E-01  0.379730E+05  0.295192E-26 -0.391912E-09
  0.600144E-01  0.371075E+05  0.328596E-26 -0.410974E-09
  0.600147E-01  0.362618E+05  0.365781E-26 -0.430963E-09
  0.600151E-01  0.354354E+05  0.407173E-26 -0.451925E-09
  0.600155E-01  0.346278E+05  0.453249E-26 -0.473906E-09
  0.600159E-01  0.338386E+05  0.504540E-26 -0.496956E-09
  0.600163E-01  0.330673E+05  0.561634E-26 -0.521127E-09
  0.600167E-01  0.323137E+05  0.625190E-26 -0.546474E-09
  0.600171E-01  0.315772E+05  0.695937E-26 -0.573053E-09
  0.600175E-01  0.308576E+05  0.774690E-26 -0.600926E-09
  0.600179E-01  0.301543E+05  0.862355E-26 -0.630154E-09
  0.600184E-01  0.294671E+05  0.959941E-26 -0.660803E-09
  0.600188E-01  0.287955E+05  0.106857E-25 -0.692944E-09
  0.600193E-01  0.281392E+05  0.118949E-25 -0.726648E-09
  0.600198E-01  0.274979E+05  0.132409E-25 -0.761991E-09
  0.600203E-01  0.268712E+05  0.147393E-25 -0.799053E-09
  0.600208E-01  0.262588E+05  0.164072E-25 -0.837917E-09
  0.600213E-01  0.256603E+05  0.182639E-25 -0.878672E-09
  0.600218E-01  0.250755E+05  0.203307E-25 -0.921410E-09
  0.600223E-01  0.245040E+05  0.226313E-25 -0.966226E-09
  0.600229E-01  0.239455E+05  0.251923E-25 -0.101322E-08
  0.600235E-01  0.233998E+05  0.280431E-25 -0.106250E-08
  0.600240E-01  0.228665E+05  0.312165E-25 -0.111418E-08
  0.600246E-01  0.223453E+05  0.347490E-25 -0.116837E-08
  0.600252E-01  0.218360E+05  0.386813E-25 -0.122520E-08
  0.600259E-01  0.213384E+05  0.430585E-25 -0.128479E-08
  0.600265E-01  0.208521E+05  0.479311E-25 -0.134728E-08
  0.600272E-01  0.203768E+05  0.533551E-25 -0.141281E-08
  0.600278E-01  0.199124E+05  0.593928E-25 -0.148153E-08
  0.600285E-01  0.194586E+05  0.661138E-25 -0.155359E-08
  0.600292E-01  0.190151E+05  0.735953E-25 -0.162915E-08
  0.600299E-01  0.185817E+05  0.819235E-25 -0.170839E-08
  0.600307E-01  0.181582E+05  0.911941E-25 -0.179149E-08
  0.600314E-01  0.177444E+05  0.101514E-24 -0.187862E-08
  0.600322E-01  0.173400E+05  0.113001E-24 -0.197000E-08
  0.600330E-01  0.169448E+05  0.125789E-24 -0.206581E-08
  0.600338E-01  0.165586E+05  0.140023E-24 -0.216629E-08
  0.600347E-01  0.161812E+05  0.155868E-24 -0.227166E-08
  0.600355E-01  0.158124E+05  0.173507E-24 -0.238215E-08
  0.600364E-01  0.154521E+05  0.193141E-24 -0.249801E-08
  0.600373E-01  0.150999E+05  0.214997E-24 -0.261951E-08
  0.600382E-01  0.147557E+05  0.239326E-24 -0.274692E-08
  0.600392E-01  0.144194E+05  0.266409E-24 -0.288052E-08
  0.600402E-01  0.140908E+05  0.296556E-24 -0.302063E-08
  0.600411E-01  0.137697E+05  0.330115E-24 -0.316755E-08
  0.600422E-01  0.134559E+05  0.367471E-24 -0.332161E-08
  0.600432E-01  0.131492E+05  0.409055E-24 -0.348317E-08
  0.600443E-01  0.128495E+05  0.455344E-24 -0.365259E-08
  0.600454E-01  0.125566E+05  0.506871E-24 -0.383024E-08
  0.600465E-01  0.122705E+05  0.564230E-24 -0.401654E-08
  0.600476E-01  0.119908E+05  0.628079E-24 -0.421190E-08
  0.600488E-01  0.117175E+05  0.699153E-24 -0.441676E-08
  0.600500E-01  0.114505E+05  0.778271E-24 -0.463158E-08
  0.600513E-01  0.111895E+05  0.866341E-24 -0.485686E-08
  0.600525E-01  0.109345E+05  0.964377E-24 -0.509309E-08
  0.600538E-01  0.106853E+05  0.107351E-23 -0.534081E-08
  0.600552E-01  0.104418E+05  0.119499E-23 -0.560057E-08
  0.600565E-01  0.102038E+05  0.133021E-23 -0.587298E-08
  0.600579E-01  0.997122E+04  0.148074E-23 -0.615863E-08
  0.600594E-01  0.974397E+04  0.164831E-23 -0.645818E-08
  0.600608E-01  0.952190E+04  0.183483E-23 -0.677229E-08
  0.600623E-01  0.930488E+04  0.204246E-23 -0.710169E-08
  0.600639E-01  0.909282E+04  0.227359E-23 -0.744710E-08
  0.600655E-01  0.888558E+04  0.253088E-23 -0.780932E-08
  0.600671E-01  0.868307E+04  0.281727E-23 -0.818915E-08
  0.600687E-01  0.848518E+04  0.313608E-23 -0.858746E-08
  0.600704E-01  0.829179E+04  0.349096E-23 -0.900514E-08
  0.600722E-01  0.810281E+04  0.388601E-23 -0.944313E-08
  0.600740E-01  0.791814E+04  0.432575E-23 -0.990243E-08
  0.600758E-01  0.773768E+04  0.481526E-23 -0.103841E-07
  0.600777E-01  0.756133E+04  0.536016E-23 -0.108891E-07
  0.600796E-01  0.738900E+04  0.596673E-23 -0.114188E-07
  0.600816E-01  0.722060E+04  0.664193E-23 -0.119742E-07
  0.600836E-01  0.705603E+04  0.739354E-23 -0.125566E-07
  0.600857E-01  0.689522E+04  0.823021E-23 -0.131673E-07
  0.600878E-01  0.673807E+04  0.916155E-23 -0.138077E-07
  0.600899E-01  0.658451E+04  0.101983E-22 -0.144793E-07
  0.600922E-01  0.643444E+04  0.113523E-22 -0.151836E-07
  0.600944E-01  0.628779E+04  0.126370E-22 -0.159221E-07
  0.600968E-01  0.614449E+04  0.140670E-22 -0.166965E-07
  0.600992E-01  0.600445E+04  0.156589E-22 -0.175086E-07
  0.601016E-01  0.586760E+04  0.174308E-22 -0.183602E-07
  0.601041E-01  0.573387E+04  0.194033E-22 -0.192532E-07
  0.601067E-01  0.560319E+04  0.215990E-22 -0.201896E-07
  0.601094E-01  0.547549E+04  0.240432E-22 -0.211716E-07
  0.601121E-01  0.535070E+04  0.267640E-22 -0.222014E-07
  0.601148E-01  0.522875E+04  0.297927E-22 -0.232812E-07
  0.601177E-01  0.510958E+04  0.331640E-22 -0.244136E-07
  0.601206E-01  0.499313E+04  0.369169E-22 -0.256010E-07
  0.601236E-01  0.487933E+04  0.410945E-22 -0.268462E-07
  0.601266E-01  0.476813E+04  0.457448E-22 -0.281520E-07
  0.601298E-01  0.465946E+04  0.509214E-22 -0.295213E-07
  0.601330E-01  0.455326E+04  0.566837E-22 -0.309571E-07
  0.601363E-01  0.444949E+04  0.630981E-22 -0.324628E-07
  0.601396E-01  0.434808E+04  0.702384E-22 -0.340418E-07
  0.601431E-01  0.424899E+04  0.781867E-22 -0.356975E-07
  0.601466E-01  0.415215E+04  0.870344E-22 -0.374338E-07
  0.601503E-01  0.405752E+04  0.968834E-22 -0.392545E-07
  0.601540E-01  0.396504E+04  0.107847E-21 -0.411638E-07
  0.601578E-01  0.387468E+04  0.120051E-21 -0.431659E-07
  0.601617E-01  0.378637E+04  0.133636E-21 -0.452654E-07
  0.601657E-01  0.370007E+04  0.148759E-21 -0.474671E-07
  0.601698E-01  0.361574E+04  0.165592E-21 -0.497758E-07
  0.601740E-01  0.353334E+04  0.184331E-21 -0.521968E-07
  0.601783E-01  0.345281E+04  0.205190E-21 -0.547356E-07
  0.601827E-01  0.337412E+04  0.228410E-21 -0.573978E-07
  0.601872E-01  0.329722E+04  0.254257E-21 -0.601896E-07
  0.601919E-01  0.322207E+04  0.283029E-21 -0.631171E-07
  0.601966E-01  0.314864E+04  0.315057E-21 -0.661870E-07
  0.602015E-01  0.307688E+04  0.350710E-21 -0.694063E-07
  0.602065E-01  0.300675E+04  0.390396E-21 -0.727821E-07
  0.602116E-01  0.293823E+04  0.434574E-21 -0.763221E-07
  0.602168E-01  0.287126E+04  0.483751E-21 -0.800343E-07
  0.602222E-01  0.280582E+04  0.538493E-21 -0.839270E-07
  0.602277E-01  0.274187E+04  0.599430E-21 -0.880091E-07
  0.602333E-01  0.267938E+04  0.667262E-21 -0.922897E-07
  0.602391E-01  0.261832E+04  0.742771E-21 -0.967785E-07
  0.602450E-01  0.255864E+04  0.826824E-21 -0.101486E-06
  0.602510E-01  0.250033E+04  0.920388E-21 -0.106422E-06
  0.602572E-01  0.244335E+04  0.102454E-20 -0.111598E-06
  0.602636E-01  0.238766E+04  0.114048E-20 -0.117026E-06
  0.602701E-01  0.233324E+04  0.126954E-20 -0.122718E-06
  0.602768E-01  0.228007E+04  0.141320E-20 -0.128687E-06
  0.602837E-01  0.222810E+04  0.157312E-20 -0.134946E-06
  0.602907E-01  0.217732E+04  0.175114E-20 -0.141509E-06
  0.602979E-01  0.212770E+04  0.194930E-20 -0.148392E-06
  0.603052E-01  0.207921E+04  0.216988E-20 -0.155610E-06
  0.603128E-01  0.203182E+04  0.241543E-20 -0.163178E-06
  0.603205E-01  0.198551E+04  0.268876E-20 -0.171115E-06
  0.603284E-01  0.194026E+04  0.299303E-20 -0.179438E-06
  0.603366E-01  0.189604E+04  0.333172E-20 -0.188165E-06
  0.603449E-01  0.185283E+04  0.370875E-20 -0.197317E-06
  0.603534E-01  0.181060E+04  0.412843E-20 -0.206915E-06
  0.603622E-01  0.176933E+04  0.459561E-20 -0.216979E-06
  0.603711E-01  0.172901E+04  0.511566E-20 -0.227532E-06
  0.603803E-01  0.168960E+04  0.569456E-20 -0.238599E-06
  0.603897E-01  0.165110E+04  0.633896E-20 -0.250204E-06
  0.603994E-01  0.161347E+04  0.705629E-20 -0.262373E-06
  0.604092E-01  0.157669E+04  0.785479E-20 -0.275135E-06
  0.604194E-01  0.154076E+04  0.874364E-20 -0.288517E-06
  0.604297E-01  0.150564E+04  0.973309E-20 -0.302550E-06
  0.604404E-01  0.147133E+04  0.108345E-19 -0.317265E-06
  0.604513E-01  0.143780E+04  0.120605E-19 -0.332697E-06
  0.604624E-01  0.140503E+04  0.134253E-19 -0.348878E-06
  0.604739E-01  0.137300E+04  0.149446E-19 -0.365847E-06
  0.604856E-01  0.134171E+04  0.166357E-19 -0.383642E-06
  0.604976E-01  0.131113E+04  0.185182E-19 -0.402301E-06
  0.605099E-01  0.128125E+04  0.206138E-19 -0.421868E-06
  0.605225E-01  0.125205E+04  0.229464E-19 -0.442387E-06
  0.605355E-01  0.122352E+04  0.255431E-19 -0.463904E-06
  0.605487E-01  0.119563E+04  0.284336E-19 -0.486468E-06
  0.605623E-01  0.116838E+04  0.316512E-19 -0.510129E-06
  0.605762E-01  0.114175E+04  0.352329E-19 -0.534940E-06
  0.605905E-01  0.111573E+04  0.392198E-19 -0.560959E-06
  0.606051E-01  0.109030E+04  0.436580E-19 -0.588243E-06
  0.606200E-01  0.106545E+04  0.485984E-19 -0.616854E-06
  0.606354E-01  0.104117E+04  0.540979E-19 -0.646857E-06
  0.606511E-01  0.101744E+04  0.602196E-19 -0.678319E-06
  0.606672E-01  0.994253E+03  0.670342E-19 -0.711311E-06
  0.606837E-01  0.971593E+03  0.746198E-19 -0.745908E-06
  0.607006E-01  0.949449E+03  0.830639E-19 -0.782187E-06
  0.607179E-01  0.927811E+03  0.924635E-19 -0.820231E-06
  0.607357E-01  0.906665E+03  0.102927E-18 -0.860126E-06
  0.607539E-01  0.886001E+03  0.114574E-18 -0.901961E-06
  0.607726E-01  0.865808E+03  0.127539E-18 -0.945830E-06
  0.607917E-01  0.846076E+03  0.141972E-18 -0.991833E-06
  0.608113E-01  0.826793E+03  0.158038E-18 -0.104007E-05
  0.608313E-01  0.807950E+03  0.175921E-18 -0.109066E-05
  0.608519E-01  0.789536E+03  0.195829E-18 -0.114371E-05
  0.608730E-01  0.771541E+03  0.217989E-18 -0.119934E-05
  0.608946E-01  0.753957E+03  0.242657E-18 -0.125767E-05
  0.609167E-01  0.736774E+03  0.270116E-18 -0.131884E-05
  0.609394E-01  0.719982E+03  0.300682E-18 -0.138299E-05
  0.609626E-01  0.703573E+03  0.334708E-18 -0.145025E-05
  0.609864E-01  0.687538E+03  0.372583E-18 -0.152079E-05
  0.610108E-01  0.671868E+03  0.414745E-18 -0.159476E-05
  0.610358E-01  0.656556E+03  0.461678E-18 -0.167232E-05
  0.610615E-01  0.641592E+03  0.513922E-18 -0.175366E-05
  0.610877E-01  0.626970E+03  0.572077E-18 -0.183895E-05
  0.611146E-01  0.612680E+03  0.636814E-18 -0.192839E-05
  0.611422E-01  0.598717E+03  0.708876E-18 -0.202219E-05
  0.611705E-01  0.585072E+03  0.789093E-18 -0.212054E-05
  0.611994E-01  0.571737E+03  0.878387E-18 -0.222368E-05
  0.612291E-01  0.558707E+03  0.977785E-18 -0.233183E-05
  0.612595E-01  0.545973E+03  0.108843E-17 -0.244525E-05
  0.612906E-01  0.533530E+03  0.121160E-17 -0.256418E-05
  0.613226E-01  0.521370E+03  0.134870E-17 -0.268889E-05
  0.613553E-01  0.509488E+03  0.150132E-17 -0.281967E-05
  0.613888E-01  0.497876E+03  0.167121E-17 -0.295681E-05
  0.614232E-01  0.486529E+03  0.186033E-17 -0.310062E-05
  0.614584E-01  0.475441E+03  0.207084E-17 -0.325143E-05
  0.614945E-01  0.464605E+03  0.230517E-17 -0.340957E-05
  0.615314E-01  0.454016E+03  0.256603E-17 -0.357540E-05
  0.615693E-01  0.443669E+03  0.285640E-17 -0.374929E-05
  0.616081E-01  0.433557E+03  0.317963E-17 -0.393165E-05
  0.616479E-01  0.423676E+03  0.353943E-17 -0.412287E-05
  0.616887E-01  0.414020E+03  0.393995E-17 -0.432339E-05
  0.617305E-01  0.404584E+03  0.438579E-17 -0.453366E-05
  0.617733E-01  0.395363E+03  0.488208E-17 -0.475416E-05
  0.618171E-01  0.386353E+03  0.543453E-17 -0.498539E-05
  0.618621E-01  0.377547E+03  0.604949E-17 -0.522786E-05
  0.619082E-01  0.368943E+03  0.673404E-17 -0.548212E-05
  0.619554E-01  0.360534E+03  0.749606E-17 -0.574875E-05
  0.620037E-01  0.352317E+03  0.834430E-17 -0.602834E-05
  0.620533E-01  0.344287E+03  0.928852E-17 -0.632153E-05
  0.621041E-01  0.336441E+03  0.103396E-16 -0.662898E-05
  0.621562E-01  0.328773E+03  0.115096E-16 -0.695139E-05
  0.622095E-01  0.321280E+03  0.128120E-16 -0.728947E-05
  0.622642E-01  0.313958E+03  0.142618E-16 -0.764399E-05
  0.623202E-01  0.306802E+03  0.158756E-16 -0.801576E-05
  0.623776E-01  0.299810E+03  0.176720E-16 -0.840560E-05
  0.624364E-01  0.292977E+03  0.196717E-16 -0.881440E-05
  0.624966E-01  0.286300E+03  0.218977E-16 -0.924308E-05
  0.625584E-01  0.279775E+03  0.243755E-16 -0.969261E-05
  0.626217E-01  0.273398E+03  0.271338E-16 -0.101640E-04
  0.626865E-01  0.267167E+03  0.302041E-16 -0.106583E-04
  0.627530E-01  0.261078E+03  0.336219E-16 -0.111767E-04
  0.628211E-01  0.255128E+03  0.374263E-16 -0.117202E-04
  0.628909E-01  0.249314E+03  0.416613E-16 -0.122902E-04
  0.629624E-01  0.243631E+03  0.463754E-16 -0.128879E-04
  0.630357E-01  0.238079E+03  0.516230E-16 -0.135147E-04
  0.631108E-01  0.232653E+03  0.574643E-16 -0.141719E-04
  0.631877E-01  0.227350E+03  0.639666E-16 -0.148611E-04
  0.632666E-01  0.222169E+03  0.712046E-16 -0.155838E-04
  0.633474E-01  0.217106E+03  0.792616E-16 -0.163417E-04
  0.634302E-01  0.212157E+03  0.882301E-16 -0.171364E-04
  0.635150E-01  0.207322E+03  0.982135E-16 -0.179698E-04
  0.636020E-01  0.202597E+03  0.109326E-15 -0.188436E-04
  0.636911E-01  0.197980E+03  0.121697E-15 -0.197600E-04
  0.637824E-01  0.193468E+03  0.135467E-15 -0.207209E-04
  0.638760E-01  0.189058E+03  0.150795E-15 -0.217285E-04
  0.639718E-01  0.184749E+03  0.167857E-15 -0.227851E-04
  0.640701E-01  0.180539E+03  0.186850E-15 -0.238931E-04
  0.641707E-01  0.176424E+03  0.207991E-15 -0.250550E-04
  0.642739E-01  0.172403E+03  0.231525E-15 -0.262733E-04
  0.643796E-01  0.168474E+03  0.257721E-15 -0.275509E-04
  0.644880E-01  0.164634E+03  0.286880E-15 -0.288905E-04
  0.645990E-01  0.160882E+03  0.319339E-15 -0.302953E-04
  0.647127E-01  0.157216E+03  0.355471E-15 -0.317684E-04
  0.648293E-01  0.153633E+03  0.395689E-15 -0.333131E-04
  0.649487E-01  0.150131E+03  0.440458E-15 -0.349328E-04
  0.650711E-01  0.146709E+03  0.490292E-15 -0.366313E-04
  0.651965E-01  0.143366E+03  0.545764E-15 -0.384124E-04
  0.653251E-01  0.140098E+03  0.607511E-15 -0.402800E-04
  0.654568E-01  0.136905E+03  0.676243E-15 -0.422384E-04
  0.655917E-01  0.133785E+03  0.752751E-15 -0.442919E-04
  0.657300E-01  0.130736E+03  0.837913E-15 -0.464453E-04
  0.658717E-01  0.127756E+03  0.932710E-15 -0.487033E-04
  0.660170E-01  0.124845E+03  0.103823E-14 -0.510710E-04
  0.661658E-01  0.121999E+03  0.115569E-14 -0.535537E-04
  0.663182E-01  0.119219E+03  0.128643E-14 -0.561571E-04
  0.664745E-01  0.116502E+03  0.143196E-14 -0.588870E-04
  0.666346E-01  0.113847E+03  0.159395E-14 -0.617495E-04
  0.667987E-01  0.111252E+03  0.177427E-14 -0.647511E-04
  0.669668E-01  0.108716E+03  0.197498E-14 -0.678985E-04
  0.671391E-01  0.106239E+03  0.219839E-14 -0.711988E-04
  0.673156E-01  0.103817E+03  0.244707E-14 -0.746593E-04
  0.674965E-01  0.101451E+03  0.272387E-14 -0.782880E-04
  0.676819E-01  0.991392E+02  0.303199E-14 -0.820928E-04
  0.678718E-01  0.968797E+02  0.337494E-14 -0.860825E-04
  0.680664E-01  0.946717E+02  0.375668E-14 -0.902658E-04
  0.682659E-01  0.925141E+02  0.418159E-14 -0.946523E-04
  0.684702E-01  0.904056E+02  0.465455E-14 -0.992518E-04
  0.686796E-01  0.883452E+02  0.518099E-14 -0.104074E-03
  0.688942E-01  0.863317E+02  0.576696E-14 -0.109131E-03
  0.691141E-01  0.843641E+02  0.641918E-14 -0.114434E-03
  0.693394E-01  0.824414E+02  0.714515E-14 -0.119993E-03
  0.695703E-01  0.805625E+02  0.795320E-14 -0.125823E-03
  0.698068E-01  0.787264E+02  0.885260E-14 -0.131935E-03
  0.700493E-01  0.769321E+02  0.985367E-14 -0.138344E-03
  0.702976E-01  0.751788E+02  0.109679E-13 -0.145063E-03
  0.705522E-01  0.734654E+02  0.122081E-13 -0.152109E-03
  0.708130E-01  0.717910E+02  0.135885E-13 -0.159496E-03
  0.710802E-01  0.701548E+02  0.151249E-13 -0.167241E-03
  0.713540E-01  0.685559E+02  0.168350E-13 -0.175362E-03
  0.716346E-01  0.669935E+02  0.187383E-13 -0.183877E-03
  0.719221E-01  0.654666E+02  0.208567E-13 -0.192804E-03
  0.722166E-01  0.639746E+02  0.232144E-13 -0.202164E-03
  0.725185E-01  0.625165E+02  0.258386E-13 -0.211977E-03
  0.728277E-01  0.610917E+02  0.287593E-13 -0.222266E-03
  0.731446E-01  0.596994E+02  0.320099E-13 -0.233053E-03
  0.734693E-01  0.583388E+02  0.356278E-13 -0.244362E-03
  0.738020E-01  0.570092E+02  0.396543E-13 -0.256219E-03
  0.741429E-01  0.557099E+02  0.441356E-13 -0.268650E-03
  0.744922E-01  0.544402E+02  0.491230E-13 -0.281682E-03
  0.748500E-01  0.531995E+02  0.546736E-13 -0.295344E-03
  0.752167E-01  0.519870E+02  0.608509E-13 -0.309668E-03
  0.755924E-01  0.508022E+02  0.677256E-13 -0.324683E-03
  0.759774E-01  0.496444E+02  0.753765E-13 -0.340425E-03
  0.763717E-01  0.485129E+02  0.838909E-13 -0.356927E-03
  0.767758E-01  0.474073E+02  0.933663E-13 -0.374226E-03
  0.771899E-01  0.463268E+02  0.103911E-12 -0.392361E-03
  0.776140E-01  0.452710E+02  0.115645E-12 -0.411371E-03
  0.780486E-01  0.442392E+02  0.128704E-12 -0.431298E-03
  0.784939E-01  0.432309E+02  0.143235E-12 -0.452186E-03
  0.789501E-01  0.422457E+02  0.159405E-12 -0.474082E-03
  0.794175E-01  0.412829E+02  0.177398E-12 -0.497032E-03
  0.798963E-01  0.403420E+02  0.197420E-12 -0.521089E-03
  0.803869E-01  0.394225E+02  0.219699E-12 -0.546303E-03
  0.808894E-01  0.385241E+02  0.244489E-12 -0.572731E-03
  0.814043E-01  0.376461E+02  0.272073E-12 -0.600431E-03
  0.819318E-01  0.367881E+02  0.302763E-12 -0.629462E-03
  0.824722E-01  0.359496E+02  0.336911E-12 -0.659887E-03
  0.830257E-01  0.351303E+02  0.374903E-12 -0.691774E-03
  0.835928E-01  0.343297E+02  0.417173E-12 -0.725191E-03
  0.841737E-01  0.335473E+02  0.464201E-12 -0.760210E-03
  0.847689E-01  0.327827E+02  0.516520E-12 -0.796908E-03
  0.853785E-01  0.320355E+02  0.574724E-12 -0.835363E-03
  0.860029E-01  0.313054E+02  0.639474E-12 -0.875659E-03
  0.866426E-01  0.305919E+02  0.711504E-12 -0.917881E-03
  0.872978E-01  0.298947E+02  0.791629E-12 -0.962120E-03
  0.879689E-01  0.292134E+02  0.880756E-12 -0.100847E-02
  0.886563E-01  0.285476E+02  0.979893E-12 -0.105703E-02
  0.893604E-01  0.278970E+02  0.109016E-11 -0.110791E-02
  0.900816E-01  0.272612E+02  0.121280E-11 -0.116120E-02
  0.908202E-01  0.266399E+02  0.134920E-11 -0.121704E-02
  0.915766E-01  0.260327E+02  0.150090E-11 -0.127552E-02
  0.923514E-01  0.254394E+02  0.166960E-11 -0.133677E-02
  0.931448E-01  0.248596E+02  0.185720E-11 -0.140093E-02
  0.939574E-01  0.242930E+02  0.206581E-11 -0.146813E-02
  0.947895E-01  0.237394E+02  0.229776E-11 -0.153850E-02
  0.956416E-01  0.231983E+02  0.255567E-11 -0.161219E-02
  0.965141E-01  0.226696E+02  0.284240E-11 -0.168935E-02
  0.974076E-01  0.221530E+02  0.316118E-11 -0.177014E-02
  0.983224E-01  0.216481E+02  0.351555E-11 -0.185473E-02
  0.992591E-01  0.211547E+02  0.390947E-11 -0.194328E-02
  0.100218E+00  0.206726E+02  0.434732E-11 -0.203598E-02
  0.101200E+00  0.202014E+02  0.483396E-11 -0.213301E-02
  0.102205E+00  0.197410E+02  0.537480E-11 -0.223456E-02
  0.103234E+00  0.192911E+02  0.597582E-11 -0.234083E-02
  0.104287E+00  0.188514E+02  0.664366E-11 -0.245204E-02
  0.105366E+00  0.184218E+02  0.738569E-11 -0.256841E-02
  0.106469E+00  0.180019E+02  0.821007E-11 -0.269014E-02
  0.107599E+00  0.175917E+02  0.912587E-11 -0.281749E-02
  0.108755E+00  0.171907E+02  0.101431E-10 -0.295069E-02
  0.109938E+00  0.167989E+02  0.112729E-10 -0.309000E-02
  0.111148E+00  0.164161E+02  0.125276E-10 -0.323567E-02
  0.112387E+00  0.160419E+02  0.139209E-10 -0.338798E-02
  0.113655E+00  0.156763E+02  0.154678E-10 -0.354721E-02
  0.114951E+00  0.153190E+02  0.171851E-10 -0.371365E-02
  0.116278E+00  0.149699E+02  0.190914E-10 -0.388759E-02
  0.117635E+00  0.146287E+02  0.212070E-10 -0.406935E-02
  0.119023E+00  0.142953E+02  0.235547E-10 -0.425924E-02
  0.120443E+00  0.139695E+02  0.261597E-10 -0.445760E-02
  0.121895E+00  0.136511E+02  0.290495E-10 -0.466476E-02
  0.123379E+00  0.133400E+02  0.322548E-10 -0.488107E-02
  0.124897E+00  0.130360E+02  0.358095E-10 -0.510689E-02
  0.126449E+00  0.127389E+02  0.397510E-10 -0.534259E-02
  0.128035E+00  0.124486E+02  0.441206E-10 -0.558855E-02
  0.129657E+00  0.121648E+02  0.489638E-10 -0.584515E-02
  0.131314E+00  0.118876E+02  0.543308E-10 -0.611278E-02
  0.133008E+00  0.116167E+02  0.602771E-10 -0.639186E-02
  0.134738E+00  0.113519E+02  0.668638E-10 -0.668279E-02
  0.136506E+00  0.110932E+02  0.741581E-10 -0.698599E-02
  0.138312E+00  0.108404E+02  0.822342E-10 -0.730189E-02
  0.140156E+00  0.105933E+02  0.911734E-10 -0.763092E-02
  0.142039E+00  0.103519E+02  0.101066E-09 -0.797352E-02
  0.143962E+00  0.101159E+02  0.112009E-09 -0.833012E-02
  0.145925E+00  0.988539E+01  0.124113E-09 -0.870118E-02
  0.147928E+00  0.966009E+01  0.137495E-09 -0.908714E-02
  0.149973E+00  0.943993E+01  0.152287E-09 -0.948843E-02
  0.152058E+00  0.922478E+01  0.168631E-09 -0.990552E-02
  0.154186E+00  0.901454E+01  0.186685E-09 -0.103388E-01
  0.156356E+00  0.880909E+01  0.206619E-09 -0.107888E-01
  0.158568E+00  0.860832E+01  0.228623E-09 -0.112559E-01
  0.160824E+00  0.841213E+01  0.252901E-09 -0.117405E-01
  0.163122E+00  0.822041E+01  0.279677E-09 -0.122430E-01
  0.165464E+00  0.803306E+01  0.309198E-09 -0.127639E-01
  0.167850E+00  0.784998E+01  0.341729E-09 -0.133035E-01
  0.170280E+00  0.767107E+01  0.377562E-09 -0.138621E-01
  0.172753E+00  0.749624E+01  0.417014E-09 -0.144401E-01
  0.175271E+00  0.732539E+01  0.460429E-09 -0.150379E-01
  0.177833E+00  0.715844E+01  0.508181E-09 -0.156556E-01
  0.180438E+00  0.699529E+01  0.560675E-09 -0.162936E-01
  0.183088E+00  0.683587E+01  0.618351E-09 -0.169520E-01
  0.185781E+00  0.668007E+01  0.681686E-09 -0.176311E-01
  0.188519E+00  0.652782E+01  0.751192E-09 -0.183309E-01
  0.191299E+00  0.637905E+01  0.827426E-09 -0.190516E-01
  0.194122E+00  0.623366E+01  0.910985E-09 -0.197930E-01
  0.196988E+00  0.609159E+01  0.100251E-08 -0.205553E-01
  0.199896E+00  0.595276E+01  0.110270E-08 -0.213383E-01
  0.202845E+00  0.581709E+01  0.121230E-08 -0.221418E-01
  0.205834E+00  0.568451E+01  0.133209E-08 -0.229656E-01
  0.208864E+00  0.555496E+01  0.146294E-08 -0.238094E-01
  0.211932E+00  0.542836E+01  0.160574E-08 -0.246727E-01
  0.215039E+00  0.530464E+01  0.176147E-08 -0.255551E-01
  0.218183E+00  0.518374E+01  0.193116E-08 -0.264560E-01
  0.221362E+00  0.506560E+01  0.211590E-08 -0.273748E-01
  0.224576E+00  0.495015E+01  0.231685E-08 -0.283106E-01
  0.227823E+00  0.483733E+01  0.253522E-08 -0.292626E-01
  0.231102E+00  0.472708E+01  0.277232E-08 -0.302298E-01
  0.234412E+00  0.461935E+01  0.302950E-08 -0.312111E-01
  0.237750E+00  0.451407E+01  0.330818E-08 -0.322054E-01
  0.241114E+00  0.441119E+01  0.360986E-08 -0.332114E-01
  0.244504E+00  0.431065E+01  0.393609E-08 -0.342277E-01
  0.247917E+00  0.421241E+01  0.428849E-08 -0.352528E-01
  0.251351E+00  0.411641E+01  0.466874E-08 -0.362850E-01
  0.254803E+00  0.402259E+01  0.507859E-08 -0.373227E-01
  0.258273E+00  0.393091E+01  0.551983E-08 -0.383640E-01
  0.261756E+00  0.384132E+01  0.599431E-08 -0.394072E-01
  0.265252E+00  0.375377E+01  0.650391E-08 -0.404500E-01
  0.268756E+00  0.366822E+01  0.705057E-08 -0.414906E-01
  0.272268E+00  0.358462E+01  0.763625E-08 -0.425268E-01
  0.275785E+00  0.350292E+01  0.826293E-08 -0.435563E-01
  0.279303E+00  0.342309E+01  0.893262E-08 -0.445769E-01
  0.282820E+00  0.334507E+01  0.964732E-08 -0.455863E-01
  0.286333E+00  0.326883E+01  0.104090E-07 -0.465822E-01
  0.289840E+00  0.319434E+01  0.112198E-07 -0.475621E-01
  0.293337E+00  0.312153E+01  0.120815E-07 -0.485236E-01
  0.296823E+00  0.305039E+01  0.129960E-07 -0.494646E-01
  0.300294E+00  0.298087E+01  0.139654E-07 -0.503824E-01
  0.303747E+00  0.291293E+01  0.149914E-07 -0.512749E-01
  0.307180E+00  0.284654E+01  0.160757E-07 -0.521398E-01
  0.310589E+00  0.278167E+01  0.172199E-07 -0.529748E-01
  0.313973E+00  0.271827E+01  0.184257E-07 -0.537777E-01
  0.317329E+00  0.265632E+01  0.196945E-07 -0.545466E-01
  0.320653E+00  0.259578E+01  0.210275E-07 -0.552794E-01
  0.323944E+00  0.253662E+01  0.224259E-07 -0.559744E-01
  0.327199E+00  0.247881E+01  0.238909E-07 -0.566296E-01
  0.330416E+00  0.242231E+01  0.254231E-07 -0.572437E-01
  0.333592E+00  0.236711E+01  0.270234E-07 -0.578151E-01
  0.336726E+00  0.231316E+01  0.286922E-07 -0.583425E-01
  0.339814E+00  0.226044E+01  0.304299E-07 -0.588248E-01
  0.342856E+00  0.220892E+01  0.322366E-07 -0.592609E-01
  0.345850E+00  0.215858E+01  0.341123E-07 -0.596502E-01
  0.348793E+00  0.210938E+01  0.360566E-07 -0.599919E-01
  0.351684E+00  0.206131E+01  0.380692E-07 -0.602856E-01
  0.354522E+00  0.201433E+01  0.401494E-07 -0.605311E-01
  0.357306E+00  0.196842E+01  0.422963E-07 -0.607281E-01
  0.360034E+00  0.192356E+01  0.445089E-07 -0.608768E-01
  0.362705E+00  0.187972E+01  0.467859E-07 -0.609774E-01
  0.365318E+00  0.183688E+01  0.491259E-07 -0.610303E-01
  0.367874E+00  0.179501E+01  0.515273E-07 -0.610360E-01
  0.370370E+00  0.175410E+01  0.539883E-07 -0.609952E-01
  0.372807E+00  0.171413E+01  0.565069E-07 -0.609088E-01
  0.375184E+00  0.167506E+01  0.590810E-07 -0.607776E-01
  0.377501E+00  0.163688E+01  0.617084E-07 -0.606029E-01
  0.379758E+00  0.159958E+01  0.643867E-07 -0.603858E-01
  0.381955E+00  0.156312E+01  0.671133E-07 -0.601276E-01
  0.384092E+00  0.152750E+01  0.698857E-07 -0.598297E-01
  0.386169E+00  0.149268E+01  0.727011E-07 -0.594936E-01
  0.388187E+00  0.145866E+01  0.755568E-07 -0.591209E-01
  0.390145E+00  0.142542E+01  0.784499E-07 -0.587130E-01
  0.392046E+00  0.139293E+01  0.813774E-07 -0.582717E-01
  0.393888E+00  0.136119E+01  0.843365E-07 -0.577987E-01
  0.395674E+00  0.133016E+01  0.873241E-07 -0.572957E-01
  0.397403E+00  0.129985E+01  0.903373E-07 -0.567644E-01
  0.399076E+00  0.127022E+01  0.933730E-07 -0.562066E-01
  0.400695E+00  0.124127E+01  0.964283E-07 -0.556240E-01
  0.402260E+00  0.121298E+01  0.995002E-07 -0.550184E-01
  0.403772E+00  0.118534E+01  0.102586E-06 -0.543915E-01
  0.405233E+00  0.115832E+01  0.105682E-06 -0.537450E-01
  0.406643E+00  0.113192E+01  0.108786E-06 -0.530806E-01
  0.408004E+00  0.110613E+01  0.111895E-06 -0.523998E-01
  0.409316E+00  0.108092E+01  0.115007E-06 -0.517044E-01
  0.410581E+00  0.105628E+01  0.118119E-06 -0.509960E-01
  0.411800E+00  0.103221E+01  0.121227E-06 -0.502759E-01
  0.412975E+00  0.100868E+01  0.124330E-06 -0.495457E-01
  0.414105E+00  0.985694E+00  0.127426E-06 -0.488068E-01
  0.415193E+00  0.963229E+00  0.130511E-06 -0.480606E-01
  0.416240E+00  0.941276E+00  0.133584E-06 -0.473083E-01
  0.417247E+00  0.919824E+00  0.136642E-06 -0.465513E-01
  0.418215E+00  0.898860E+00  0.139684E-06 -0.457907E-01
  0.419145E+00  0.878374E+00  0.142708E-06 -0.450277E-01
  0.420039E+00  0.858355E+00  0.145712E-06 -0.442633E-01
  0.420897E+00  0.838793E+00  0.148693E-06 -0.434986E-01
  0.421722E+00  0.819676E+00  0.151651E-06 -0.427344E-01
  0.422513E+00  0.800995E+00  0.154584E-06 -0.419718E-01
  0.423272E+00  0.782739E+00  0.157490E-06 -0.412116E-01
  0.424001E+00  0.764900E+00  0.160369E-06 -0.404545E-01
  0.424699E+00  0.747467E+00  0.163218E-06 -0.397013E-01
  0.425369E+00  0.730431E+00  0.166037E-06 -0.389527E-01
  0.426012E+00  0.713784E+00  0.168825E-06 -0.382093E-01
  0.426627E+00  0.697516E+00  0.171581E-06 -0.374718E-01
  0.427217E+00  0.681619E+00  0.174303E-06 -0.367406E-01
  0.427782E+00  0.666085E+00  0.176992E-06 -0.360163E-01
  0.428323E+00  0.650904E+00  0.179646E-06 -0.352993E-01
  0.428842E+00  0.636069E+00  0.182265E-06 -0.345900E-01
  0.429338E+00  0.621573E+00  0.184848E-06 -0.338888E-01
  0.429813E+00  0.607406E+00  0.187394E-06 -0.331960E-01
  0.430268E+00  0.593563E+00  0.189905E-06 -0.325120E-01
  0.430703E+00  0.580035E+00  0.192378E-06 -0.318370E-01
  0.431120E+00  0.566816E+00  0.194813E-06 -0.311713E-01
  0.431518E+00  0.553897E+00  0.197211E-06 -0.305150E-01
  0.431900E+00  0.541274E+00  0.199572E-06 -0.298683E-01
  0.432264E+00  0.528937E+00  0.201895E-06 -0.292314E-01
  0.432613E+00  0.516882E+00  0.204179E-06 -0.286044E-01
  0.432946E+00  0.505102E+00  0.206426E-06 -0.279874E-01
  0.433265E+00  0.493590E+00  0.208635E-06 -0.273805E-01
  0.433569E+00  0.482341E+00  0.210806E-06 -0.267837E-01
  0.433861E+00  0.471348E+00  0.212939E-06 -0.261971E-01
  0.434139E+00  0.460606E+00  0.215035E-06 -0.256208E-01
  0.434405E+00  0.450108E+00  0.217094E-06 -0.250546E-01
  0.434659E+00  0.439850E+00  0.219115E-06 -0.244986E-01
  0.434902E+00  0.429825E+00  0.221099E-06 -0.239528E-01
  0.435134E+00  0.420029E+00  0.223047E-06 -0.234172E-01
  0.435356E+00  0.410456E+00  0.224958E-06 -0.228916E-01
  0.435567E+00  0.401101E+00  0.226833E-06 -0.223761E-01
  0.435770E+00  0.391960E+00  0.228672E-06 -0.218705E-01
  0.435963E+00  0.383027E+00  0.230476E-06 -0.213748E-01
  0.436147E+00  0.374297E+00  0.232245E-06 -0.208889E-01
  0.436323E+00  0.365767E+00  0.233980E-06 -0.204127E-01
  0.436492E+00  0.357430E+00  0.235680E-06 -0.199462E-01
  0.436652E+00  0.349284E+00  0.237346E-06 -0.194891E-01
  0.436806E+00  0.341324E+00  0.238979E-06 -0.190414E-01
  0.436952E+00  0.333545E+00  0.240579E-06 -0.186029E-01
  0.437092E+00  0.325943E+00  0.242146E-06 -0.181737E-01
  0.437225E+00  0.318514E+00  0.243682E-06 -0.177534E-01
  0.437353E+00  0.311255E+00  0.245186E-06 -0.173420E-01
  0.437474E+00  0.304161E+00  0.246658E-06 -0.169394E-01
  0.437590E+00  0.297229E+00  0.248101E-06 -0.165454E-01
  0.437701E+00  0.290455E+00  0.249513E-06 -0.161599E-01
  0.437807E+00  0.283835E+00  0.250895E-06 -0.157828E-01
  0.437908E+00  0.277366E+00  0.252248E-06 -0.154139E-01
  0.438004E+00  0.271045E+00  0.253572E-06 -0.150531E-01
  0.438096E+00  0.264868E+00  0.254868E-06 -0.147002E-01
  0.438184E+00  0.258831E+00  0.256137E-06 -0.143551E-01
  0.438267E+00  0.252932E+00  0.257378E-06 -0.140176E-01
  0.438347E+00  0.247167E+00  0.258592E-06 -0.136877E-01
  0.438423E+00  0.241534E+00  0.259780E-06 -0.133652E-01
  0.438496E+00  0.236029E+00  0.260942E-06 -0.130499E-01
  0.438565E+00  0.230650E+00  0.262079E-06 -0.127417E-01
  0.438632E+00  0.225393E+00  0.263190E-06 -0.124405E-01
  0.438695E+00  0.220256E+00  0.264278E-06 -0.121462E-01
  0.438755E+00  0.215237E+00  0.265341E-06 -0.118585E-01
  0.438812E+00  0.210331E+00  0.266381E-06 -0.115774E-01
  0.438867E+00  0.205538E+00  0.267397E-06 -0.113027E-01
  0.438920E+00  0.200853E+00  0.268392E-06 -0.110343E-01
  0.438970E+00  0.196275E+00  0.269363E-06 -0.107721E-01
  0.439017E+00  0.191802E+00  0.270314E-06 -0.105159E-01
  0.439063E+00  0.187431E+00  0.271242E-06 -0.102657E-01
  0.439106E+00  0.183159E+00  0.272150E-06 -0.100212E-01
  0.439147E+00  0.178985E+00  0.273038E-06 -0.978242E-02
  0.439187E+00  0.174906E+00  0.273905E-06 -0.954917E-02
  0.439224E+00  0.170919E+00  0.274753E-06 -0.932136E-02
  0.439260E+00  0.167024E+00  0.275582E-06 -0.909886E-02
  0.439294E+00  0.163217E+00  0.276391E-06 -0.888156E-02
  0.439327E+00  0.159497E+00  0.277183E-06 -0.866934E-02
  0.439358E+00  0.155862E+00  0.277956E-06 -0.846209E-02
  0.439388E+00  0.152310E+00  0.278711E-06 -0.825970E-02
  0.439416E+00  0.148839E+00  0.279450E-06 -0.806207E-02
  0.439443E+00  0.145447E+00  0.280171E-06 -0.786908E-02
  0.439469E+00  0.142132E+00  0.280876E-06 -0.768065E-02
  0.439494E+00  0.138892E+00  0.281564E-06 -0.749665E-02
  0.439517E+00  0.135727E+00  0.282237E-06 -0.731700E-02
  0.439539E+00  0.132634E+00  0.282894E-06 -0.714159E-02
  0.439561E+00  0.129611E+00  0.283536E-06 -0.697033E-02
  0.439581E+00  0.126657E+00  0.284163E-06 -0.680313E-02
  0.439600E+00  0.123770E+00  0.284776E-06 -0.663989E-02
  0.439619E+00  0.120949E+00  0.285374E-06 -0.648052E-02
  0.439637E+00  0.118193E+00  0.285959E-06 -0.632494E-02
  0.439653E+00  0.115499E+00  0.286529E-06 -0.617305E-02
  0.439669E+00  0.112867E+00  0.287087E-06 -0.602477E-02
  0.439685E+00  0.110294E+00  0.287632E-06 -0.588002E-02
  0.439699E+00  0.107781E+00  0.288164E-06 -0.573871E-02
  0.439713E+00  0.105324E+00  0.288683E-06 -0.560078E-02
  0.439727E+00  0.102924E+00  0.289190E-06 -0.546613E-02
  0.439739E+00  0.100578E+00  0.289686E-06 -0.533469E-02
  0.439751E+00  0.982858E-01  0.290170E-06 -0.520639E-02
  0.439763E+00  0.960457E-01  0.290642E-06 -0.508115E-02
  0.439774E+00  0.938568E-01  0.291103E-06 -0.495890E-02
  0.439784E+00  0.917177E-01  0.291554E-06 -0.483958E-02
  0.439794E+00  0.896273E-01  0.291994E-06 -0.472311E-02
  0.439804E+00  0.875847E-01  0.292424E-06 -0.460943E-02
  0.439813E+00  0.855885E-01  0.292843E-06 -0.449846E-02
  0.439822E+00  0.836379E-01  0.293253E-06 -0.439016E-02
  0.439830E+00  0.817317E-01  0.293653E-06 -0.428445E-02
  0.439838E+00  0.798689E-01  0.294043E-06 -0.418127E-02
  0.439845E+00  0.780487E-01  0.294425E-06 -0.408056E-02
  0.439852E+00  0.762699E-01  0.294797E-06 -0.398227E-02
  0.439859E+00  0.745316E-01  0.295160E-06 -0.388634E-02
  0.439866E+00  0.728330E-01  0.295515E-06 -0.379271E-02
  0.439872E+00  0.711730E-01  0.295862E-06 -0.370132E-02
  0.439878E+00  0.695509E-01  0.296200E-06 -0.361213E-02
  0.439884E+00  0.679658E-01  0.296530E-06 -0.352508E-02
  0.439889E+00  0.664168E-01  0.296853E-06 -0.344013E-02
  0.439894E+00  0.649031E-01  0.297168E-06 -0.335721E-02
  0.439899E+00  0.634239E-01  0.297475E-06 -0.327628E-02
  0.439904E+00  0.619784E-01  0.297775E-06 -0.319730E-02
  0.439908E+00  0.605658E-01  0.298068E-06 -0.312022E-02
  0.439912E+00  0.591855E-01  0.298354E-06 -0.304500E-02
  0.439917E+00  0.578366E-01  0.298633E-06 -0.297158E-02
  0.439920E+00  0.565184E-01  0.298906E-06 -0.289993E-02
  0.439924E+00  0.552303E-01  0.299172E-06 -0.283000E-02
  0.439928E+00  0.539716E-01  0.299431E-06 -0.276175E-02
  0.439931E+00  0.527415E-01  0.299685E-06 -0.269515E-02
  0.439934E+00  0.515395E-01  0.299932E-06 -0.263015E-02
  0.439937E+00  0.503649E-01  0.300174E-06 -0.256671E-02
  0.439940E+00  0.492170E-01  0.300410E-06 -0.250480E-02
  0.439943E+00  0.480953E-01  0.300640E-06 -0.244439E-02
  0.439946E+00  0.469992E-01  0.300865E-06 -0.238542E-02
  0.439948E+00  0.459280E-01  0.301084E-06 -0.232788E-02
  0.439950E+00  0.448813E-01  0.301298E-06 -0.227172E-02
  0.439953E+00  0.438584E-01  0.301507E-06 -0.221692E-02
  0.439955E+00  0.428588E-01  0.301711E-06 -0.216344E-02
  0.439957E+00  0.418820E-01  0.301910E-06 -0.211124E-02
  0.439959E+00  0.409275E-01  0.302105E-06 -0.206030E-02
  0.439961E+00  0.399947E-01  0.302294E-06 -0.201059E-02
  0.439963E+00  0.390832E-01  0.302480E-06 -0.196208E-02
  0.439964E+00  0.381924E-01  0.302660E-06 -0.191474E-02
  0.439966E+00  0.373220E-01  0.302837E-06 -0.186854E-02
  0.439968E+00  0.364714E-01  0.303009E-06 -0.182345E-02
  0.439969E+00  0.356402E-01  0.303177E-06 -0.177945E-02
  0.439971E+00  0.348279E-01  0.303341E-06 -0.173651E-02
  0.439972E+00  0.340341E-01  0.303501E-06 -0.169461E-02
  0.439973E+00  0.332585E-01  0.303658E-06 -0.165371E-02
  0.439975E+00  0.325005E-01  0.303810E-06 -0.161380E-02
  0.439976E+00  0.317598E-01  0.303959E-06 -0.157486E-02
  0.439977E+00  0.310359E-01  0.304104E-06 -0.153685E-02
  0.439978E+00  0.303286E-01  0.304246E-06 -0.149976E-02
  0.439979E+00  0.296374E-01  0.304385E-06 -0.146357E-02
  0.439980E+00  0.289619E-01  0.304520E-06 -0.142824E-02
  0.439981E+00  0.283018E-01  0.304652E-06 -0.139377E-02
  0.439982E+00  0.276568E-01  0.304780E-06 -0.136013E-02
  0.439983E+00  0.270265E-01  0.304906E-06 -0.132731E-02
  0.439983E+00  0.264105E-01  0.305029E-06 -0.129527E-02
  0.439984E+00  0.258086E-01  0.305148E-06 -0.126401E-02
  0.439985E+00  0.252204E-01  0.305265E-06 -0.123350E-02
  0.439986E+00  0.246456E-01  0.305379E-06 -0.120373E-02
  0.439986E+00  0.240839E-01  0.305490E-06 -0.117467E-02
  0.439987E+00  0.235350E-01  0.305599E-06 -0.114632E-02
  0.439988E+00  0.229986E-01  0.305705E-06 -0.111865E-02
  0.439988E+00  0.224745E-01  0.305808E-06 -0.109165E-02
  0.439989E+00  0.219623E-01  0.305909E-06 -0.106530E-02
  0.439989E+00  0.214617E-01  0.306008E-06 -0.103959E-02
  0.439990E+00  0.209726E-01  0.306104E-06 -0.101449E-02
  0.439990E+00  0.204946E-01  0.306198E-06 -0.990006E-03
  0.439991E+00  0.200275E-01  0.306290E-06 -0.966109E-03
  0.439991E+00  0.195711E-01  0.306379E-06 -0.942789E-03
  0.439991E+00  0.191250E-01  0.306466E-06 -0.920031E-03
  0.439992E+00  0.186891E-01  0.306551E-06 -0.897823E-03
  0.439992E+00  0.182632E-01  0.306634E-06 -0.876150E-03
  0.439993E+00  0.178470E-01  0.306716E-06 -0.855001E-03
  0.439993E+00  0.174402E-01  0.306795E-06 -0.834362E-03
  0.439993E+00  0.170427E-01  0.306872E-06 -0.814221E-03
  0.439994E+00  0.166543E-01  0.306947E-06 -0.794566E-03
  0.439994E+00  0.162748E-01  0.307021E-06 -0.775386E-03
  0.439994E+00  0.159038E-01  0.307093E-06 -0.756668E-03
  0.439994E+00  0.155414E-01  0.307163E-06 -0.738402E-03
  0.439995E+00  0.151872E-01  0.307231E-06 -0.720577E-03
  0.439995E+00  0.148410E-01  0.307298E-06 -0.703183E-03
  0.439995E+00  0.145028E-01  0.307363E-06 -0.686208E-03
  0.439995E+00  0.141723E-01  0.307427E-06 -0.669643E-03
  0.439996E+00  0.138493E-01  0.307489E-06 -0.653478E-03
  0.439996E+00  0.135336E-01  0.307549E-06 -0.637702E-03
  0.439996E+00  0.132252E-01  0.307608E-06 -0.622308E-03
  0.439996E+00  0.129238E-01  0.307666E-06 -0.607285E-03
  0.439996E+00  0.126292E-01  0.307722E-06 -0.592625E-03
  0.439997E+00  0.123414E-01  0.307777E-06 -0.578319E-03
  0.439997E+00  0.120601E-01  0.307831E-06 -0.564358E-03
  0.439997E+00  0.117853E-01  0.307883E-06 -0.550734E-03
  0.439997E+00  0.115167E-01  0.307934E-06 -0.537439E-03
  0.439997E+00  0.112542E-01  0.307984E-06 -0.524465E-03
  0.439997E+00  0.109977E-01  0.308033E-06 -0.511804E-03
  0.439997E+00  0.107470E-01  0.308080E-06 -0.499449E-03
  0.439998E+00  0.105021E-01  0.308126E-06 -0.487391E-03
  0.439998E+00  0.102628E-01  0.308171E-06 -0.475625E-03
  0.439998E+00  0.100289E-01  0.308216E-06 -0.464143E-03
  0.439998E+00  0.980029E-02  0.308259E-06 -0.452938E-03
  0.439998E+00  0.957693E-02  0.308301E-06 -0.442004E-03
  0.439998E+00  0.935867E-02  0.308342E-06 -0.431334E-03
  0.439998E+00  0.914537E-02  0.308382E-06 -0.420921E-03
  0.439998E+00  0.893694E-02  0.308421E-06 -0.410759E-03
  0.439998E+00  0.873326E-02  0.308459E-06 -0.400843E-03
  0.439998E+00  0.853422E-02  0.308496E-06 -0.391166E-03
  0.439998E+00  0.833972E-02  0.308532E-06 -0.381723E-03
  0.439999E+00  0.814965E-02  0.308568E-06 -0.372508E-03
  0.439999E+00  0.796391E-02  0.308602E-06 -0.363515E-03
  0.439999E+00  0.778241E-02  0.308636E-06 -0.354739E-03
  0.439999E+00  0.760504E-02  0.308669E-06 -0.346175E-03
  0.439999E+00  0.743171E-02  0.308701E-06 -0.337818E-03
  0.439999E+00  0.726234E-02  0.308732E-06 -0.329663E-03
  0.439999E+00  0.709682E-02  0.308763E-06 -0.321704E-03
  0.439999E+00  0.693508E-02  0.308793E-06 -0.313938E-03
  0.439999E+00  0.677702E-02  0.308822E-06 -0.306359E-03
  0.439999E+00  0.662257E-02  0.308850E-06 -0.298963E-03
  0.439999E+00  0.647163E-02  0.308878E-06 -0.291746E-03
  0.439999E+00  0.632414E-02  0.308905E-06 -0.284703E-03
  0.439999E+00  0.618000E-02  0.308931E-06 -0.277829E-03
  0.439999E+00  0.603916E-02  0.308957E-06 -0.271122E-03
  0.439999E+00  0.590152E-02  0.308982E-06 -0.264577E-03
  0.439999E+00  0.576702E-02  0.309007E-06 -0.258190E-03
  0.439999E+00  0.563558E-02  0.309031E-06 -0.251957E-03
  0.439999E+00  0.550714E-02  0.309054E-06 -0.245874E-03
  0.439999E+00  0.538163E-02  0.309077E-06 -0.239938E-03
  0.439999E+00  0.525898E-02  0.309099E-06 -0.234146E-03
  0.439999E+00  0.513912E-02  0.309121E-06 -0.228493E-03
  0.439999E+00  0.502199E-02  0.309142E-06 -0.222977E-03
  0.439999E+00  0.490754E-02  0.309163E-06 -0.217594E-03
  0.440000E+00  0.479569E-02  0.309183E-06 -0.212341E-03
  0.440000E+00  0.468639E-02  0.309203E-06 -0.207215E-03
  0.440000E+00  0.457958E-02  0.309222E-06 -0.202212E-03
  0.440000E+00  0.447521E-02  0.309241E-06 -0.197330E-03
  0.440000E+00  0.437322E-02  0.309259E-06 -0.192566E-03
  0.440000E+00  0.427355E-02  0.309277E-06 -0.187918E-03
  0.440000E+00  0.417615E-02  0.309295E-06 -0.183381E-03
  0.440000E+00  0.408097E-02  0.309312E-06 -0.178954E-03
  0.440000E+00  0.398796E-02  0.309328E-06 -0.174634E-03
  0.440000E+00  0.389707E-02  0.309344E-06 -0.170418E-03
  0.440000E+00  0.380825E-02  0.309360E-06 -0.166304E-03
  0.440000E+00  0.372146E-02  0.309376E-06 -0.162289E-03
  0.440000E+00  0.363664E-02  0.309391E-06 -0.158371E-03
  0.440000E+00  0.355376E-02  0.309405E-06 -0.154547E-03
  0.440000E+00  0.347277E-02  0.309420E-06 -0.150816E-03
  0.440000E+00  0.339362E-02  0.309434E-06 -0.147175E-03
  0.440000E+00  0.331628E-02  0.309447E-06 -0.143622E-03
  0.440000E+00  0.324070E-02  0.309461E-06 -0.140155E-03
  0.440000E+00  0.316684E-02  0.309474E-06 -0.136772E-03
  0.440000E+00  0.309466E-02  0.309487E-06 -0.133470E-03
  0.440000E+00  0.302413E-02  0.309499E-06 -0.130247E-03
  0.440000E+00  0.295521E-02  0.309511E-06 -0.127103E-03
  0.440000E+00  0.288786E-02  0.309523E-06 -0.124035E-03
  0.440000E+00  0.282204E-02  0.309534E-06 -0.121040E-03
  0.440000E+00  0.275772E-02  0.309546E-06 -0.118118E-03
  0.440000E+00  0.269487E-02  0.309557E-06 -0.115266E-03
  0.440000E+00  0.263345E-02  0.309567E-06 -0.112484E-03
  0.440000E+00  0.257343E-02  0.309578E-06 -0.109768E-03
  0.440000E+00  0.251478E-02  0.309588E-06 -0.107118E-03
  0.440000E+00  0.245747E-02  0.309598E-06 -0.104532E-03
  0.440000E+00  0.240146E-02  0.309608E-06 -0.102009E-03
  0.440000E+00  0.234673E-02  0.309617E-06 -0.995459E-04
  0.440000E+00  0.229325E-02  0.309626E-06 -0.971427E-04
  0.440000E+00  0.224098E-02  0.309635E-06 -0.947975E-04
  0.440000E+00  0.218991E-02  0.309644E-06 -0.925090E-04
  0.440000E+00  0.214000E-02  0.309653E-06 -0.902756E-04
  0.440000E+00  0.209122E-02  0.309661E-06 -0.880962E-04
  0.440000E+00  0.204356E-02  0.309669E-06 -0.859694E-04
  0.440000E+00  0.199699E-02  0.309677E-06 -0.838940E-04
  0.440000E+00  0.195147E-02  0.309685E-06 -0.818686E-04
  0.440000E+00  0.190700E-02  0.309693E-06 -0.798922E-04
  0.440000E+00  0.186354E-02  0.309700E-06 -0.779634E-04
  0.440000E+00  0.182106E-02  0.309707E-06 -0.760813E-04
  0.440000E+00  0.177956E-02  0.309714E-06 -0.742445E-04
  0.440000E+00  0.173900E-02  0.309721E-06 -0.724521E-04
  0.440000E+00  0.169937E-02  0.309728E-06 -0.707030E-04
  0.440000E+00  0.166064E-02  0.309735E-06 -0.689961E-04
  0.440000E+00  0.162279E-02  0.309741E-06 -0.673304E-04
  0.440000E+00  0.158581E-02  0.309747E-06 -0.657050E-04
  0.440000E+00  0.154966E-02  0.309753E-06 -0.641187E-04
  0.440000E+00  0.151435E-02  0.309759E-06 -0.625708E-04
  0.440000E+00  0.147983E-02  0.309765E-06 -0.610602E-04
  0.440000E+00  0.144611E-02  0.309771E-06 -0.595861E-04
  0.440000E+00  0.141315E-02  0.309776E-06 -0.581476E-04
  0.440000E+00  0.138094E-02  0.309782E-06 -0.567438E-04
  0.440000E+00  0.134947E-02  0.309787E-06 -0.553739E-04
  0.440000E+00  0.131871E-02  0.309792E-06 -0.540371E-04
  0.440000E+00  0.128866E-02  0.309797E-06 -0.527326E-04
  0.440000E+00  0.125929E-02  0.309802E-06 -0.514595E-04
  0.440000E+00  0.123059E-02  0.309807E-06 -0.502172E-04
  0.440000E+00  0.120254E-02  0.309811E-06 -0.490049E-04
  0.440000E+00  0.117513E-02  0.309816E-06 -0.478218E-04
  0.440000E+00  0.114835E-02  0.309820E-06 -0.466673E-04
  0.440000E+00  0.112218E-02  0.309825E-06 -0.455407E-04
  0.440000E+00  0.109660E-02  0.309829E-06 -0.444412E-04
  0.440000E+00  0.107161E-02  0.309833E-06 -0.433683E-04
  0.440000E+00  0.104719E-02  0.309837E-06 -0.423213E-04
  0.440000E+00  0.102332E-02  0.309841E-06 -0.412996E-04
  0.440000E+00  0.100000E-02  0.309845E-06 -0.403026E-04
2 IUP: Coluvisol                 1.000   1.000   1   800   0.5000E-02
  0.572430E-01  0.100000E+06  0.945759E-21 -0.431076E-07
  0.573802E-01  0.968797E+05  0.102783E-20 -0.448501E-07
  0.575185E-01  0.938568E+05  0.111701E-20 -0.466629E-07
  0.576579E-01  0.909282E+05  0.121394E-20 -0.485491E-07
  0.577984E-01  0.880909E+05  0.131928E-20 -0.505115E-07
  0.579400E-01  0.853422E+05  0.143376E-20 -0.525532E-07
  0.580828E-01  0.826793E+05  0.155817E-20 -0.546774E-07
  0.582266E-01  0.800995E+05  0.169337E-20 -0.568875E-07
  0.583717E-01  0.776001E+05  0.184031E-20 -0.591870E-07
  0.585178E-01  0.751788E+05  0.200000E-20 -0.615793E-07
  0.586652E-01  0.728330E+05  0.217355E-20 -0.640684E-07
  0.588137E-01  0.705603E+05  0.236216E-20 -0.666581E-07
  0.589634E-01  0.683587E+05  0.256713E-20 -0.693525E-07
  0.591143E-01  0.662257E+05  0.278989E-20 -0.721558E-07
  0.592663E-01  0.641592E+05  0.303197E-20 -0.750724E-07
  0.594196E-01  0.621573E+05  0.329507E-20 -0.781068E-07
  0.595741E-01  0.602178E+05  0.358099E-20 -0.812640E-07
  0.597299E-01  0.583388E+05  0.389172E-20 -0.845487E-07
  0.598869E-01  0.565184E+05  0.422942E-20 -0.879662E-07
  0.600451E-01  0.547549E+05  0.459642E-20 -0.915219E-07
  0.602046E-01  0.530464E+05  0.499527E-20 -0.952213E-07
  0.603654E-01  0.513912E+05  0.542872E-20 -0.990702E-07
  0.605274E-01  0.497876E+05  0.589979E-20 -0.103075E-06
  0.606907E-01  0.482341E+05  0.641174E-20 -0.107241E-06
  0.608553E-01  0.467291E+05  0.696810E-20 -0.111576E-06
  0.610213E-01  0.452710E+05  0.757275E-20 -0.116086E-06
  0.611885E-01  0.438584E+05  0.822986E-20 -0.120778E-06
  0.613571E-01  0.424899E+05  0.894399E-20 -0.125660E-06
  0.615270E-01  0.411641E+05  0.972009E-20 -0.130739E-06
  0.616983E-01  0.398796E+05  0.105635E-19 -0.136024E-06
  0.618710E-01  0.386353E+05  0.114802E-19 -0.141522E-06
  0.620450E-01  0.374297E+05  0.124763E-19 -0.147242E-06
  0.622204E-01  0.362618E+05  0.135589E-19 -0.153194E-06
  0.623972E-01  0.351303E+05  0.147355E-19 -0.159386E-06
  0.625754E-01  0.340341E+05  0.160141E-19 -0.165829E-06
  0.627550E-01  0.329722E+05  0.174037E-19 -0.172532E-06
  0.629361E-01  0.319434E+05  0.189139E-19 -0.179506E-06
  0.631186E-01  0.309466E+05  0.205551E-19 -0.186761E-06
  0.633025E-01  0.299810E+05  0.223388E-19 -0.194310E-06
  0.634879E-01  0.290455E+05  0.242772E-19 -0.202165E-06
  0.636748E-01  0.281392E+05  0.263838E-19 -0.210336E-06
  0.638632E-01  0.272612E+05  0.286732E-19 -0.218838E-06
  0.640530E-01  0.264105E+05  0.311612E-19 -0.227684E-06
  0.642444E-01  0.255864E+05  0.338652E-19 -0.236887E-06
  0.644373E-01  0.247881E+05  0.368038E-19 -0.246462E-06
  0.646317E-01  0.240146E+05  0.399974E-19 -0.256424E-06
  0.648277E-01  0.232653E+05  0.434681E-19 -0.266789E-06
  0.650253E-01  0.225393E+05  0.472399E-19 -0.277573E-06
  0.652244E-01  0.218360E+05  0.513391E-19 -0.288792E-06
  0.654251E-01  0.211547E+05  0.557939E-19 -0.300466E-06
  0.656274E-01  0.204946E+05  0.606353E-19 -0.312611E-06
  0.658313E-01  0.198551E+05  0.658969E-19 -0.325247E-06
  0.660368E-01  0.192356E+05  0.716149E-19 -0.338393E-06
  0.662440E-01  0.186354E+05  0.778292E-19 -0.352071E-06
  0.664528E-01  0.180539E+05  0.845827E-19 -0.366302E-06
  0.666632E-01  0.174906E+05  0.919222E-19 -0.381108E-06
  0.668754E-01  0.169448E+05  0.998985E-19 -0.396513E-06
  0.670892E-01  0.164161E+05  0.108567E-18 -0.412540E-06
  0.673048E-01  0.159038E+05  0.117988E-18 -0.429216E-06
  0.675220E-01  0.154076E+05  0.128226E-18 -0.446565E-06
  0.677410E-01  0.149268E+05  0.139352E-18 -0.464615E-06
  0.679617E-01  0.144611E+05  0.151444E-18 -0.483395E-06
  0.681842E-01  0.140098E+05  0.164586E-18 -0.502934E-06
  0.684084E-01  0.135727E+05  0.178867E-18 -0.523263E-06
  0.686345E-01  0.131492E+05  0.194388E-18 -0.544414E-06
  0.688623E-01  0.127389E+05  0.211256E-18 -0.566419E-06
  0.690919E-01  0.123414E+05  0.229587E-18 -0.589314E-06
  0.693234E-01  0.119563E+05  0.249509E-18 -0.613135E-06
  0.695567E-01  0.115832E+05  0.271160E-18 -0.637918E-06
  0.697919E-01  0.112218E+05  0.294689E-18 -0.663703E-06
  0.700289E-01  0.108716E+05  0.320260E-18 -0.690530E-06
  0.702679E-01  0.105324E+05  0.348050E-18 -0.718442E-06
  0.705087E-01  0.102038E+05  0.378252E-18 -0.747482E-06
  0.707514E-01  0.988539E+04  0.411074E-18 -0.777695E-06
  0.709961E-01  0.957693E+04  0.446744E-18 -0.809130E-06
  0.712427E-01  0.927811E+04  0.485509E-18 -0.841836E-06
  0.714913E-01  0.898860E+04  0.527638E-18 -0.875863E-06
  0.717419E-01  0.870813E+04  0.573423E-18 -0.911266E-06
  0.719944E-01  0.843641E+04  0.623180E-18 -0.948100E-06
  0.722490E-01  0.817317E+04  0.677255E-18 -0.986423E-06
  0.725056E-01  0.791814E+04  0.736023E-18 -0.102629E-05
  0.727642E-01  0.767107E+04  0.799890E-18 -0.106778E-05
  0.730249E-01  0.743171E+04  0.869298E-18 -0.111094E-05
  0.732876E-01  0.719982E+04  0.944730E-18 -0.115584E-05
  0.735525E-01  0.697516E+04  0.102671E-17 -0.120256E-05
  0.738195E-01  0.675752E+04  0.111580E-17 -0.125117E-05
  0.740885E-01  0.654666E+04  0.121262E-17 -0.130174E-05
  0.743598E-01  0.634239E+04  0.131784E-17 -0.135436E-05
  0.746331E-01  0.614449E+04  0.143219E-17 -0.140910E-05
  0.749087E-01  0.595276E+04  0.155647E-17 -0.146606E-05
  0.751865E-01  0.576702E+04  0.169153E-17 -0.152532E-05
  0.754664E-01  0.558707E+04  0.183830E-17 -0.158697E-05
  0.757486E-01  0.541274E+04  0.199782E-17 -0.165112E-05
  0.760330E-01  0.524384E+04  0.217118E-17 -0.171786E-05
  0.763197E-01  0.508022E+04  0.235957E-17 -0.178729E-05
  0.766087E-01  0.492170E+04  0.256432E-17 -0.185954E-05
  0.769000E-01  0.476813E+04  0.278683E-17 -0.193470E-05
  0.771936E-01  0.461935E+04  0.302865E-17 -0.201290E-05
  0.774895E-01  0.447521E+04  0.329146E-17 -0.209426E-05
  0.777878E-01  0.433557E+04  0.357707E-17 -0.217891E-05
  0.780884E-01  0.420029E+04  0.388746E-17 -0.226698E-05
  0.783915E-01  0.406923E+04  0.422478E-17 -0.235862E-05
  0.786969E-01  0.394225E+04  0.459138E-17 -0.245395E-05
  0.790048E-01  0.381924E+04  0.498978E-17 -0.255314E-05
  0.793152E-01  0.370007E+04  0.542276E-17 -0.265634E-05
  0.796280E-01  0.358462E+04  0.589330E-17 -0.276371E-05
  0.799433E-01  0.347277E+04  0.640468E-17 -0.287542E-05
  0.802611E-01  0.336441E+04  0.696042E-17 -0.299164E-05
  0.805814E-01  0.325943E+04  0.756439E-17 -0.311256E-05
  0.809043E-01  0.315772E+04  0.822077E-17 -0.323837E-05
  0.812297E-01  0.305919E+04  0.893411E-17 -0.336926E-05
  0.815578E-01  0.296374E+04  0.970934E-17 -0.350545E-05
  0.818884E-01  0.287126E+04  0.105518E-16 -0.364714E-05
  0.822217E-01  0.278167E+04  0.114674E-16 -0.379455E-05
  0.825576E-01  0.269487E+04  0.124625E-16 -0.394793E-05
  0.828962E-01  0.261078E+04  0.135439E-16 -0.410750E-05
  0.832375E-01  0.252932E+04  0.147191E-16 -0.427353E-05
  0.835816E-01  0.245040E+04  0.159963E-16 -0.444626E-05
  0.839283E-01  0.237394E+04  0.173843E-16 -0.462598E-05
  0.842778E-01  0.229986E+04  0.188928E-16 -0.481295E-05
  0.846301E-01  0.222810E+04  0.205322E-16 -0.500749E-05
  0.849852E-01  0.215858E+04  0.223138E-16 -0.520989E-05
  0.853431E-01  0.209122E+04  0.242500E-16 -0.542047E-05
  0.857039E-01  0.202597E+04  0.263542E-16 -0.563956E-05
  0.860675E-01  0.196275E+04  0.286410E-16 -0.586751E-05
  0.864340E-01  0.190151E+04  0.311262E-16 -0.610467E-05
  0.868035E-01  0.184218E+04  0.338270E-16 -0.635141E-05
  0.871758E-01  0.178470E+04  0.367623E-16 -0.660813E-05
  0.875512E-01  0.172901E+04  0.399522E-16 -0.687522E-05
  0.879295E-01  0.167506E+04  0.434188E-16 -0.715311E-05
  0.883108E-01  0.162279E+04  0.471863E-16 -0.744223E-05
  0.886952E-01  0.157216E+04  0.512807E-16 -0.774303E-05
  0.890826E-01  0.152310E+04  0.557304E-16 -0.805599E-05
  0.894731E-01  0.147557E+04  0.605661E-16 -0.838160E-05
  0.898668E-01  0.142953E+04  0.658215E-16 -0.872037E-05
  0.902635E-01  0.138493E+04  0.715328E-16 -0.907283E-05
  0.906634E-01  0.134171E+04  0.777398E-16 -0.943954E-05
  0.910665E-01  0.129985E+04  0.844852E-16 -0.982107E-05
  0.914728E-01  0.125929E+04  0.918160E-16 -0.102180E-04
  0.918823E-01  0.121999E+04  0.997829E-16 -0.106310E-04
  0.922951E-01  0.118193E+04  0.108441E-15 -0.110607E-04
  0.927111E-01  0.114505E+04  0.117850E-15 -0.115077E-04
  0.931305E-01  0.110932E+04  0.128076E-15 -0.119728E-04
  0.935532E-01  0.107470E+04  0.139189E-15 -0.124568E-04
  0.939793E-01  0.104117E+04  0.151267E-15 -0.129602E-04
  0.944087E-01  0.100868E+04  0.164392E-15 -0.134840E-04
  0.948416E-01  0.977209E+03  0.178656E-15 -0.140290E-04
  0.952779E-01  0.946717E+03  0.194158E-15 -0.145960E-04
  0.957177E-01  0.917177E+03  0.211004E-15 -0.151859E-04
  0.961610E-01  0.888558E+03  0.229313E-15 -0.157997E-04
  0.966078E-01  0.860832E+03  0.249210E-15 -0.164383E-04
  0.970581E-01  0.833972E+03  0.270833E-15 -0.171026E-04
  0.975121E-01  0.807950E+03  0.294333E-15 -0.177938E-04
  0.979696E-01  0.782739E+03  0.319871E-15 -0.185130E-04
  0.984308E-01  0.758315E+03  0.347625E-15 -0.192612E-04
  0.988957E-01  0.734654E+03  0.377788E-15 -0.200396E-04
  0.993642E-01  0.711730E+03  0.410567E-15 -0.208495E-04
  0.998365E-01  0.689522E+03  0.446190E-15 -0.216922E-04
  0.100313E+00  0.668007E+03  0.484904E-15 -0.225688E-04
  0.100792E+00  0.647163E+03  0.526977E-15 -0.234809E-04
  0.101276E+00  0.626970E+03  0.572701E-15 -0.244299E-04
  0.101763E+00  0.607406E+03  0.622391E-15 -0.254172E-04
  0.102255E+00  0.588453E+03  0.676393E-15 -0.264444E-04
  0.102750E+00  0.570092E+03  0.735080E-15 -0.275131E-04
  0.103249E+00  0.552303E+03  0.798858E-15 -0.286249E-04
  0.103752E+00  0.535070E+03  0.868170E-15 -0.297817E-04
  0.104260E+00  0.518374E+03  0.943495E-15 -0.309853E-04
  0.104771E+00  0.502199E+03  0.102536E-14 -0.322375E-04
  0.105286E+00  0.486529E+03  0.111432E-14 -0.335402E-04
  0.105805E+00  0.471348E+03  0.121100E-14 -0.348956E-04
  0.106329E+00  0.456641E+03  0.131607E-14 -0.363057E-04
  0.106856E+00  0.442392E+03  0.143025E-14 -0.377729E-04
  0.107388E+00  0.428588E+03  0.155434E-14 -0.392992E-04
  0.107924E+00  0.415215E+03  0.168919E-14 -0.408873E-04
  0.108465E+00  0.402259E+03  0.183575E-14 -0.425395E-04
  0.109009E+00  0.389707E+03  0.199502E-14 -0.442584E-04
  0.109558E+00  0.377547E+03  0.216810E-14 -0.460468E-04
  0.110111E+00  0.365767E+03  0.235620E-14 -0.479075E-04
  0.110669E+00  0.354354E+03  0.256062E-14 -0.498432E-04
  0.111231E+00  0.343297E+03  0.278277E-14 -0.518572E-04
  0.111798E+00  0.332585E+03  0.302419E-14 -0.539525E-04
  0.112369E+00  0.322207E+03  0.328655E-14 -0.561325E-04
  0.112944E+00  0.312153E+03  0.357168E-14 -0.584004E-04
  0.113525E+00  0.302413E+03  0.388153E-14 -0.607600E-04
  0.114109E+00  0.292977E+03  0.421827E-14 -0.632149E-04
  0.114699E+00  0.283835E+03  0.458421E-14 -0.657689E-04
  0.115293E+00  0.274979E+03  0.498189E-14 -0.684261E-04
  0.115892E+00  0.266399E+03  0.541408E-14 -0.711905E-04
  0.116495E+00  0.258086E+03  0.588374E-14 -0.740666E-04
  0.117104E+00  0.250033E+03  0.639415E-14 -0.770588E-04
  0.117717E+00  0.242231E+03  0.694883E-14 -0.801718E-04
  0.118335E+00  0.234673E+03  0.755161E-14 -0.834105E-04
  0.118958E+00  0.227350E+03  0.820668E-14 -0.867800E-04
  0.119586E+00  0.220256E+03  0.891856E-14 -0.902855E-04
  0.120219E+00  0.213384E+03  0.969218E-14 -0.939325E-04
  0.120857E+00  0.206726E+03  0.105329E-13 -0.977267E-04
  0.121500E+00  0.200275E+03  0.114465E-13 -0.101674E-03
  0.122148E+00  0.194026E+03  0.124394E-13 -0.105781E-03
  0.122801E+00  0.187972E+03  0.135184E-13 -0.110053E-03
  0.123459E+00  0.182106E+03  0.146909E-13 -0.114498E-03
  0.124123E+00  0.176424E+03  0.159651E-13 -0.119122E-03
  0.124792E+00  0.170919E+03  0.173498E-13 -0.123933E-03
  0.125466E+00  0.165586E+03  0.188546E-13 -0.128938E-03
  0.126145E+00  0.160419E+03  0.204899E-13 -0.134145E-03
  0.126830E+00  0.155414E+03  0.222669E-13 -0.139562E-03
  0.127520E+00  0.150564E+03  0.241980E-13 -0.145197E-03
  0.128216E+00  0.145866E+03  0.262966E-13 -0.151060E-03
  0.128918E+00  0.141315E+03  0.285771E-13 -0.157159E-03
  0.129624E+00  0.136905E+03  0.310554E-13 -0.163505E-03
  0.130337E+00  0.132634E+03  0.337484E-13 -0.170106E-03
  0.131055E+00  0.128495E+03  0.366750E-13 -0.176973E-03
  0.131778E+00  0.124486E+03  0.398552E-13 -0.184117E-03
  0.132508E+00  0.120601E+03  0.433111E-13 -0.191549E-03
  0.133243E+00  0.116838E+03  0.470666E-13 -0.199281E-03
  0.133984E+00  0.113192E+03  0.511476E-13 -0.207324E-03
  0.134731E+00  0.109660E+03  0.555823E-13 -0.215692E-03
  0.135484E+00  0.106239E+03  0.604013E-13 -0.224396E-03
  0.136242E+00  0.102924E+03  0.656380E-13 -0.233452E-03
  0.137007E+00  0.997122E+02  0.713285E-13 -0.242872E-03
  0.137778E+00  0.966009E+02  0.775122E-13 -0.252672E-03
  0.138555E+00  0.935867E+02  0.842316E-13 -0.262866E-03
  0.139338E+00  0.906665E+02  0.915332E-13 -0.273471E-03
  0.140127E+00  0.878374E+02  0.994675E-13 -0.284503E-03
  0.140922E+00  0.850966E+02  0.108089E-12 -0.295979E-03
  0.141723E+00  0.824414E+02  0.117458E-12 -0.307917E-03
  0.142531E+00  0.798689E+02  0.127638E-12 -0.320335E-03
  0.143346E+00  0.773768E+02  0.138700E-12 -0.333253E-03
  0.144166E+00  0.749624E+02  0.150720E-12 -0.346690E-03
  0.144993E+00  0.726234E+02  0.163781E-12 -0.360668E-03
  0.145827E+00  0.703573E+02  0.177973E-12 -0.375208E-03
  0.146667E+00  0.681619E+02  0.193394E-12 -0.390333E-03
  0.147514E+00  0.660351E+02  0.210150E-12 -0.406065E-03
  0.148367E+00  0.639746E+02  0.228357E-12 -0.422430E-03
  0.149227E+00  0.619784E+02  0.248140E-12 -0.439453E-03
  0.150094E+00  0.600445E+02  0.269635E-12 -0.457159E-03
  0.150967E+00  0.581709E+02  0.292991E-12 -0.475576E-03
  0.151848E+00  0.563558E+02  0.318368E-12 -0.494732E-03
  0.152735E+00  0.545973E+02  0.345941E-12 -0.514657E-03
  0.153629E+00  0.528937E+02  0.375900E-12 -0.535382E-03
  0.154531E+00  0.512433E+02  0.408451E-12 -0.556938E-03
  0.155439E+00  0.496444E+02  0.443818E-12 -0.579358E-03
  0.156354E+00  0.480953E+02  0.482243E-12 -0.602677E-03
  0.157276E+00  0.465946E+02  0.523992E-12 -0.626930E-03
  0.158206E+00  0.451407E+02  0.569350E-12 -0.652155E-03
  0.159143E+00  0.437322E+02  0.618631E-12 -0.678390E-03
  0.160087E+00  0.423676E+02  0.672171E-12 -0.705675E-03
  0.161038E+00  0.410456E+02  0.730339E-12 -0.734052E-03
  0.161997E+00  0.397649E+02  0.793533E-12 -0.763564E-03
  0.162964E+00  0.385241E+02  0.862188E-12 -0.794256E-03
  0.163937E+00  0.373220E+02  0.936774E-12 -0.826174E-03
  0.164918E+00  0.361574E+02  0.101780E-11 -0.859367E-03
  0.165907E+00  0.350292E+02  0.110583E-11 -0.893885E-03
  0.166904E+00  0.339362E+02  0.120145E-11 -0.929780E-03
  0.167908E+00  0.328773E+02  0.130533E-11 -0.967108E-03
  0.168920E+00  0.318514E+02  0.141818E-11 -0.100592E-02
  0.169939E+00  0.308576E+02  0.154076E-11 -0.104628E-02
  0.170967E+00  0.298947E+02  0.167392E-11 -0.108825E-02
  0.172002E+00  0.289619E+02  0.181856E-11 -0.113189E-02
  0.173045E+00  0.280582E+02  0.197568E-11 -0.117726E-02
  0.174096E+00  0.271827E+02  0.214633E-11 -0.122444E-02
  0.175155E+00  0.263345E+02  0.233170E-11 -0.127349E-02
  0.176222E+00  0.255128E+02  0.253303E-11 -0.132449E-02
  0.177297E+00  0.247167E+02  0.275171E-11 -0.137750E-02
  0.178381E+00  0.239455E+02  0.298922E-11 -0.143262E-02
  0.179472E+00  0.231983E+02  0.324717E-11 -0.148992E-02
  0.180572E+00  0.224745E+02  0.352731E-11 -0.154949E-02
  0.181680E+00  0.217732E+02  0.383156E-11 -0.161141E-02
  0.182797E+00  0.210938E+02  0.416197E-11 -0.167578E-02
  0.183921E+00  0.204356E+02  0.452078E-11 -0.174269E-02
  0.185055E+00  0.197980E+02  0.491042E-11 -0.181223E-02
  0.186196E+00  0.191802E+02  0.533354E-11 -0.188451E-02
  0.187346E+00  0.185817E+02  0.579298E-11 -0.195964E-02
  0.188505E+00  0.180019E+02  0.629185E-11 -0.203771E-02
  0.189672E+00  0.174402E+02  0.683352E-11 -0.211885E-02
  0.190848E+00  0.168960E+02  0.742163E-11 -0.220317E-02
  0.192032E+00  0.163688E+02  0.806015E-11 -0.229078E-02
  0.193225E+00  0.158581E+02  0.875337E-11 -0.238183E-02
  0.194427E+00  0.153633E+02  0.950593E-11 -0.247643E-02
  0.195637E+00  0.148839E+02  0.103229E-10 -0.257471E-02
  0.196856E+00  0.144194E+02  0.112097E-10 -0.267682E-02
  0.198084E+00  0.139695E+02  0.121724E-10 -0.278290E-02
  0.199321E+00  0.135336E+02  0.132172E-10 -0.289310E-02
  0.200567E+00  0.131113E+02  0.143513E-10 -0.300756E-02
  0.201821E+00  0.127022E+02  0.155821E-10 -0.312645E-02
  0.203085E+00  0.123059E+02  0.169179E-10 -0.324993E-02
  0.204357E+00  0.119219E+02  0.183675E-10 -0.337817E-02
  0.205638E+00  0.115499E+02  0.199404E-10 -0.351134E-02
  0.206928E+00  0.111895E+02  0.216472E-10 -0.364962E-02
  0.208227E+00  0.108404E+02  0.234991E-10 -0.379320E-02
  0.209535E+00  0.105021E+02  0.255082E-10 -0.394226E-02
  0.210852E+00  0.101744E+02  0.276878E-10 -0.409700E-02
  0.212178E+00  0.985694E+01  0.300522E-10 -0.425764E-02
  0.213513E+00  0.954938E+01  0.326169E-10 -0.442436E-02
  0.214856E+00  0.925141E+01  0.353987E-10 -0.459740E-02
  0.216209E+00  0.896273E+01  0.384155E-10 -0.477696E-02
  0.217571E+00  0.868307E+01  0.416872E-10 -0.496329E-02
  0.218942E+00  0.841213E+01  0.452349E-10 -0.515660E-02
  0.220321E+00  0.814965E+01  0.490815E-10 -0.535715E-02
  0.221710E+00  0.789536E+01  0.532518E-10 -0.556518E-02
  0.223107E+00  0.764900E+01  0.577728E-10 -0.578094E-02
  0.224513E+00  0.741033E+01  0.626733E-10 -0.600470E-02
  0.225928E+00  0.717910E+01  0.679847E-10 -0.623671E-02
  0.227352E+00  0.695509E+01  0.737408E-10 -0.647725E-02
  0.228784E+00  0.673807E+01  0.799783E-10 -0.672661E-02
  0.230225E+00  0.652782E+01  0.867366E-10 -0.698507E-02
  0.231675E+00  0.632414E+01  0.940583E-10 -0.725292E-02
  0.233133E+00  0.612680E+01  0.101989E-09 -0.753045E-02
  0.234600E+00  0.593563E+01  0.110580E-09 -0.781799E-02
  0.236075E+00  0.575042E+01  0.119882E-09 -0.811582E-02
  0.237559E+00  0.557099E+01  0.129956E-09 -0.842428E-02
  0.239051E+00  0.539716E+01  0.140861E-09 -0.874368E-02
  0.240551E+00  0.522875E+01  0.152667E-09 -0.907436E-02
  0.242059E+00  0.506560E+01  0.165444E-09 -0.941664E-02
  0.243575E+00  0.490754E+01  0.179272E-09 -0.977086E-02
  0.245099E+00  0.475441E+01  0.194233E-09 -0.101374E-01
  0.246631E+00  0.460606E+01  0.210418E-09 -0.105165E-01
  0.248170E+00  0.446233E+01  0.227924E-09 -0.109086E-01
  0.249717E+00  0.432309E+01  0.246856E-09 -0.113141E-01
  0.251271E+00  0.418820E+01  0.267326E-09 -0.117332E-01
  0.252832E+00  0.405752E+01  0.289453E-09 -0.121664E-01
  0.254401E+00  0.393091E+01  0.313369E-09 -0.126139E-01
  0.255976E+00  0.380825E+01  0.339212E-09 -0.130763E-01
  0.257558E+00  0.368943E+01  0.367131E-09 -0.135537E-01
  0.259146E+00  0.357430E+01  0.397287E-09 -0.140466E-01
  0.260741E+00  0.346278E+01  0.429851E-09 -0.145554E-01
  0.262342E+00  0.335473E+01  0.465008E-09 -0.150803E-01
  0.263948E+00  0.325005E+01  0.502954E-09 -0.156217E-01
  0.265561E+00  0.314864E+01  0.543900E-09 -0.161800E-01
  0.267178E+00  0.305039E+01  0.588072E-09 -0.167555E-01
  0.268801E+00  0.295521E+01  0.635711E-09 -0.173486E-01
  0.270429E+00  0.286300E+01  0.687076E-09 -0.179594E-01
  0.272061E+00  0.277366E+01  0.742442E-09 -0.185884E-01
  0.273697E+00  0.268712E+01  0.802102E-09 -0.192359E-01
  0.275338E+00  0.260327E+01  0.866370E-09 -0.199021E-01
  0.276982E+00  0.252204E+01  0.935581E-09 -0.205873E-01
  0.278630E+00  0.244335E+01  0.101009E-08 -0.212917E-01
  0.280280E+00  0.236711E+01  0.109027E-08 -0.220156E-01
  0.281933E+00  0.229325E+01  0.117654E-08 -0.227592E-01
  0.283589E+00  0.222169E+01  0.126931E-08 -0.235227E-01
  0.285247E+00  0.215237E+01  0.136904E-08 -0.243061E-01
  0.286906E+00  0.208521E+01  0.147622E-08 -0.251098E-01
  0.288566E+00  0.202014E+01  0.159135E-08 -0.259338E-01
  0.290227E+00  0.195711E+01  0.171498E-08 -0.267781E-01
  0.291889E+00  0.189604E+01  0.184768E-08 -0.276428E-01
  0.293550E+00  0.183688E+01  0.199005E-08 -0.285279E-01
  0.295211E+00  0.177956E+01  0.214273E-08 -0.294334E-01
  0.296871E+00  0.172403E+01  0.230640E-08 -0.303593E-01
  0.298529E+00  0.167024E+01  0.248176E-08 -0.313054E-01
  0.300185E+00  0.161812E+01  0.266957E-08 -0.322716E-01
  0.301840E+00  0.156763E+01  0.287061E-08 -0.332577E-01
  0.303491E+00  0.151872E+01  0.308572E-08 -0.342634E-01
  0.305138E+00  0.147133E+01  0.331574E-08 -0.352885E-01
  0.306782E+00  0.142542E+01  0.356160E-08 -0.363327E-01
  0.308422E+00  0.138094E+01  0.382425E-08 -0.373955E-01
  0.310056E+00  0.133785E+01  0.410468E-08 -0.384766E-01
  0.311685E+00  0.129611E+01  0.440392E-08 -0.395754E-01
  0.313308E+00  0.125566E+01  0.472307E-08 -0.406914E-01
  0.314924E+00  0.121648E+01  0.506324E-08 -0.418240E-01
  0.316534E+00  0.117853E+01  0.542562E-08 -0.429726E-01
  0.318135E+00  0.114175E+01  0.581141E-08 -0.441364E-01
  0.319728E+00  0.110613E+01  0.622188E-08 -0.453147E-01
  0.321313E+00  0.107161E+01  0.665834E-08 -0.465067E-01
  0.322888E+00  0.103817E+01  0.712213E-08 -0.477115E-01
  0.324453E+00  0.100578E+01  0.761466E-08 -0.489281E-01
  0.326008E+00  0.974397E+00  0.813735E-08 -0.501556E-01
  0.327551E+00  0.943993E+00  0.869169E-08 -0.513929E-01
  0.329083E+00  0.914537E+00  0.927918E-08 -0.526390E-01
  0.330603E+00  0.886001E+00  0.990140E-08 -0.538928E-01
  0.332110E+00  0.858355E+00  0.105599E-07 -0.551529E-01
  0.333604E+00  0.831572E+00  0.112564E-07 -0.564183E-01
  0.335085E+00  0.805625E+00  0.119924E-07 -0.576877E-01
  0.336551E+00  0.780487E+00  0.127697E-07 -0.589597E-01
  0.338002E+00  0.756133E+00  0.135900E-07 -0.602331E-01
  0.339438E+00  0.732539E+00  0.144550E-07 -0.615064E-01
  0.340858E+00  0.709682E+00  0.153665E-07 -0.627782E-01
  0.342263E+00  0.687538E+00  0.163262E-07 -0.640472E-01
  0.343650E+00  0.666085E+00  0.173359E-07 -0.653120E-01
  0.345021E+00  0.645301E+00  0.183975E-07 -0.665710E-01
  0.346374E+00  0.625165E+00  0.195126E-07 -0.678229E-01
  0.347709E+00  0.605658E+00  0.206831E-07 -0.690661E-01
  0.349026E+00  0.586760E+00  0.219108E-07 -0.702993E-01
  0.350324E+00  0.568451E+00  0.231974E-07 -0.715209E-01
  0.351603E+00  0.550714E+00  0.245447E-07 -0.727296E-01
  0.352863E+00  0.533530E+00  0.259544E-07 -0.739239E-01
  0.354104E+00  0.516882E+00  0.274283E-07 -0.751025E-01
  0.355324E+00  0.500754E+00  0.289681E-07 -0.762639E-01
  0.356525E+00  0.485129E+00  0.305753E-07 -0.774068E-01
  0.357705E+00  0.469992E+00  0.322515E-07 -0.785300E-01
  0.358865E+00  0.455326E+00  0.339985E-07 -0.796321E-01
  0.360004E+00  0.441119E+00  0.358176E-07 -0.807120E-01
  0.361122E+00  0.427355E+00  0.377103E-07 -0.817684E-01
  0.362219E+00  0.414020E+00  0.396780E-07 -0.828004E-01
  0.363295E+00  0.401101E+00  0.417221E-07 -0.838067E-01
  0.364350E+00  0.388586E+00  0.438438E-07 -0.847865E-01
  0.365384E+00  0.376461E+00  0.460443E-07 -0.857387E-01
  0.366397E+00  0.364714E+00  0.483248E-07 -0.866626E-01
  0.367388E+00  0.353334E+00  0.506864E-07 -0.875572E-01
  0.368358E+00  0.342309E+00  0.531298E-07 -0.884219E-01
  0.369307E+00  0.331628E+00  0.556561E-07 -0.892560E-01
  0.370235E+00  0.321280E+00  0.582661E-07 -0.900589E-01
  0.371141E+00  0.311255E+00  0.609605E-07 -0.908300E-01
  0.372027E+00  0.301543E+00  0.637398E-07 -0.915690E-01
  0.372892E+00  0.292134E+00  0.666046E-07 -0.922753E-01
  0.373736E+00  0.283018E+00  0.695554E-07 -0.929488E-01
  0.374560E+00  0.274187E+00  0.725925E-07 -0.935890E-01
  0.375363E+00  0.265632E+00  0.757162E-07 -0.941960E-01
  0.376146E+00  0.257343E+00  0.789265E-07 -0.947694E-01
  0.376910E+00  0.249314E+00  0.822237E-07 -0.953094E-01
  0.377653E+00  0.241534E+00  0.856076E-07 -0.958159E-01
  0.378377E+00  0.233998E+00  0.890781E-07 -0.962890E-01
  0.379082E+00  0.226696E+00  0.926350E-07 -0.967287E-01
  0.379767E+00  0.219623E+00  0.962781E-07 -0.971354E-01
  0.380434E+00  0.212770E+00  0.100007E-06 -0.975092E-01
  0.381083E+00  0.206131E+00  0.103821E-06 -0.978505E-01
  0.381713E+00  0.199699E+00  0.107720E-06 -0.981596E-01
  0.382326E+00  0.193468E+00  0.111703E-06 -0.984368E-01
  0.382921E+00  0.187431E+00  0.115769E-06 -0.986827E-01
  0.383498E+00  0.181582E+00  0.119918E-06 -0.988976E-01
  0.384059E+00  0.175917E+00  0.124149E-06 -0.990821E-01
  0.384604E+00  0.170427E+00  0.128461E-06 -0.992368E-01
  0.385132E+00  0.165110E+00  0.132852E-06 -0.993621E-01
  0.385644E+00  0.159958E+00  0.137322E-06 -0.994588E-01
  0.386140E+00  0.154966E+00  0.141870E-06 -0.995273E-01
  0.386622E+00  0.150131E+00  0.146495E-06 -0.995685E-01
  0.387088E+00  0.145447E+00  0.151195E-06 -0.995828E-01
  0.387540E+00  0.140908E+00  0.155969E-06 -0.995711E-01
  0.387978E+00  0.136511E+00  0.160816E-06 -0.995340E-01
  0.388402E+00  0.132252E+00  0.165734E-06 -0.994722E-01
  0.388812E+00  0.128125E+00  0.170722E-06 -0.993864E-01
  0.389209E+00  0.124127E+00  0.175778E-06 -0.992773E-01
  0.389593E+00  0.120254E+00  0.180902E-06 -0.991457E-01
  0.389965E+00  0.116502E+00  0.186092E-06 -0.989923E-01
  0.390325E+00  0.112867E+00  0.191345E-06 -0.988179E-01
  0.390672E+00  0.109345E+00  0.196661E-06 -0.986231E-01
  0.391009E+00  0.105933E+00  0.202038E-06 -0.984086E-01
  0.391333E+00  0.102628E+00  0.207475E-06 -0.981753E-01
  0.391647E+00  0.994253E-01  0.212970E-06 -0.979238E-01
  0.391951E+00  0.963229E-01  0.218520E-06 -0.976548E-01
  0.392244E+00  0.933174E-01  0.224126E-06 -0.973690E-01
  0.392527E+00  0.904056E-01  0.229785E-06 -0.970672E-01
  0.392800E+00  0.875847E-01  0.235495E-06 -0.967499E-01
  0.393064E+00  0.848518E-01  0.241254E-06 -0.964179E-01
  0.393319E+00  0.822041E-01  0.247063E-06 -0.960718E-01
  0.393565E+00  0.796391E-01  0.252917E-06 -0.957122E-01
  0.393802E+00  0.771541E-01  0.258817E-06 -0.953399E-01
  0.394032E+00  0.747467E-01  0.264760E-06 -0.949553E-01
  0.394253E+00  0.724144E-01  0.270745E-06 -0.945592E-01
  0.394466E+00  0.701548E-01  0.276770E-06 -0.941520E-01
  0.394671E+00  0.679658E-01  0.282834E-06 -0.937344E-01
  0.394870E+00  0.658451E-01  0.288935E-06 -0.933070E-01
  0.395061E+00  0.637905E-01  0.295072E-06 -0.928702E-01
  0.395245E+00  0.618000E-01  0.301242E-06 -0.924246E-01
  0.395423E+00  0.598717E-01  0.307445E-06 -0.919707E-01
  0.395595E+00  0.580035E-01  0.313679E-06 -0.915091E-01
  0.395760E+00  0.561936E-01  0.319943E-06 -0.910401E-01
  0.395919E+00  0.544402E-01  0.326235E-06 -0.905642E-01
  0.396072E+00  0.527415E-01  0.332553E-06 -0.900820E-01
  0.396220E+00  0.510958E-01  0.338897E-06 -0.895938E-01
  0.396363E+00  0.495015E-01  0.345264E-06 -0.891001E-01
  0.396500E+00  0.479569E-01  0.351654E-06 -0.886012E-01
  0.396632E+00  0.464605E-01  0.358065E-06 -0.880976E-01
  0.396760E+00  0.450108E-01  0.364496E-06 -0.875896E-01
  0.396882E+00  0.436063E-01  0.370945E-06 -0.870776E-01
  0.397000E+00  0.422457E-01  0.377412E-06 -0.865619E-01
  0.397114E+00  0.409275E-01  0.383894E-06 -0.860430E-01
  0.397224E+00  0.396504E-01  0.390391E-06 -0.855210E-01
  0.397329E+00  0.384132E-01  0.396902E-06 -0.849964E-01
  0.397431E+00  0.372146E-01  0.403425E-06 -0.844693E-01
  0.397528E+00  0.360534E-01  0.409958E-06 -0.839402E-01
  0.397623E+00  0.349284E-01  0.416502E-06 -0.834092E-01
  0.397713E+00  0.338386E-01  0.423055E-06 -0.828767E-01
  0.397800E+00  0.327827E-01  0.429616E-06 -0.823429E-01
  0.397884E+00  0.317598E-01  0.436183E-06 -0.818080E-01
  0.397965E+00  0.307688E-01  0.442756E-06 -0.812722E-01
  0.398043E+00  0.298087E-01  0.449333E-06 -0.807359E-01
  0.398118E+00  0.288786E-01  0.455914E-06 -0.801991E-01
  0.398190E+00  0.279775E-01  0.462498E-06 -0.796621E-01
  0.398259E+00  0.271045E-01  0.469084E-06 -0.791250E-01
  0.398326E+00  0.262588E-01  0.475670E-06 -0.785882E-01
  0.398390E+00  0.254394E-01  0.482256E-06 -0.780516E-01
  0.398452E+00  0.246456E-01  0.488841E-06 -0.775156E-01
  0.398511E+00  0.238766E-01  0.495424E-06 -0.769802E-01
  0.398568E+00  0.231316E-01  0.502004E-06 -0.764456E-01
  0.398623E+00  0.224098E-01  0.508581E-06 -0.759120E-01
  0.398676E+00  0.217106E-01  0.515153E-06 -0.753794E-01
  0.398727E+00  0.210331E-01  0.521720E-06 -0.748481E-01
  0.398776E+00  0.203768E-01  0.528281E-06 -0.743181E-01
  0.398823E+00  0.197410E-01  0.534835E-06 -0.737895E-01
  0.398868E+00  0.191250E-01  0.541382E-06 -0.732625E-01
  0.398912E+00  0.185283E-01  0.547921E-06 -0.727371E-01
  0.398954E+00  0.179501E-01  0.554451E-06 -0.722135E-01
  0.398994E+00  0.173900E-01  0.560972E-06 -0.716918E-01
  0.399033E+00  0.168474E-01  0.567483E-06 -0.711720E-01
  0.399070E+00  0.163217E-01  0.573982E-06 -0.706541E-01
  0.399106E+00  0.158124E-01  0.580471E-06 -0.701384E-01
  0.399141E+00  0.153190E-01  0.586947E-06 -0.696249E-01
  0.399174E+00  0.148410E-01  0.593411E-06 -0.691135E-01
  0.399206E+00  0.143780E-01  0.599862E-06 -0.686045E-01
  0.399236E+00  0.139293E-01  0.606299E-06 -0.680978E-01
  0.399266E+00  0.134947E-01  0.612722E-06 -0.675936E-01
  0.399294E+00  0.130736E-01  0.619130E-06 -0.670918E-01
  0.399321E+00  0.126657E-01  0.625524E-06 -0.665925E-01
  0.399348E+00  0.122705E-01  0.631901E-06 -0.660958E-01
  0.399373E+00  0.118876E-01  0.638262E-06 -0.656016E-01
  0.399397E+00  0.115167E-01  0.644607E-06 -0.651101E-01
  0.399420E+00  0.111573E-01  0.650935E-06 -0.646213E-01
  0.399443E+00  0.108092E-01  0.657245E-06 -0.641352E-01
  0.399464E+00  0.104719E-01  0.663538E-06 -0.636518E-01
  0.399485E+00  0.101451E-01  0.669812E-06 -0.631712E-01
  0.399505E+00  0.982858E-02  0.676067E-06 -0.626934E-01
  0.399524E+00  0.952190E-02  0.682304E-06 -0.622184E-01
  0.399543E+00  0.922478E-02  0.688521E-06 -0.617462E-01
  0.399560E+00  0.893694E-02  0.694718E-06 -0.612769E-01
  0.399577E+00  0.865808E-02  0.700896E-06 -0.608105E-01
  0.399594E+00  0.838793E-02  0.707052E-06 -0.603470E-01
  0.399609E+00  0.812620E-02  0.713189E-06 -0.598863E-01
  0.399625E+00  0.787264E-02  0.719304E-06 -0.594286E-01
  0.399639E+00  0.762699E-02  0.725398E-06 -0.589738E-01
  0.399653E+00  0.738900E-02  0.731470E-06 -0.585219E-01
  0.399667E+00  0.715844E-02  0.737520E-06 -0.580730E-01
  0.399679E+00  0.693508E-02  0.743549E-06 -0.576270E-01
  0.399692E+00  0.671868E-02  0.749555E-06 -0.571839E-01
  0.399704E+00  0.650904E-02  0.755538E-06 -0.567439E-01
  0.399715E+00  0.630594E-02  0.761498E-06 -0.563067E-01
  0.399726E+00  0.610917E-02  0.767436E-06 -0.558725E-01
  0.399737E+00  0.591855E-02  0.773350E-06 -0.554413E-01
  0.399747E+00  0.573387E-02  0.779240E-06 -0.550130E-01
  0.399757E+00  0.555496E-02  0.785107E-06 -0.545877E-01
  0.399766E+00  0.538163E-02  0.790950E-06 -0.541653E-01
  0.399775E+00  0.521370E-02  0.796769E-06 -0.537459E-01
  0.399784E+00  0.505102E-02  0.802564E-06 -0.533293E-01
  0.399792E+00  0.489341E-02  0.808334E-06 -0.529158E-01
  0.399801E+00  0.474073E-02  0.814080E-06 -0.525051E-01
  0.399808E+00  0.459280E-02  0.819801E-06 -0.520974E-01
  0.399816E+00  0.444949E-02  0.825497E-06 -0.516925E-01
  0.399823E+00  0.431065E-02  0.831168E-06 -0.512906E-01
  0.399830E+00  0.417615E-02  0.836814E-06 -0.508916E-01
  0.399836E+00  0.404584E-02  0.842435E-06 -0.504954E-01
  0.399843E+00  0.391960E-02  0.848030E-06 -0.501021E-01
  0.399849E+00  0.379730E-02  0.853600E-06 -0.497117E-01
  0.399855E+00  0.367881E-02  0.859145E-06 -0.493241E-01
  0.399860E+00  0.356402E-02  0.864663E-06 -0.489393E-01
  0.399866E+00  0.345281E-02  0.870156E-06 -0.485574E-01
  0.399871E+00  0.334507E-02  0.875623E-06 -0.481783E-01
  0.399876E+00  0.324070E-02  0.881065E-06 -0.478020E-01
  0.399881E+00  0.313958E-02  0.886480E-06 -0.474285E-01
  0.399885E+00  0.304161E-02  0.891869E-06 -0.470577E-01
  0.399890E+00  0.294671E-02  0.897232E-06 -0.466897E-01
  0.399894E+00  0.285476E-02  0.902569E-06 -0.463245E-01
  0.399898E+00  0.276568E-02  0.907879E-06 -0.459619E-01
  0.399902E+00  0.267938E-02  0.913163E-06 -0.456021E-01
  0.399906E+00  0.259578E-02  0.918421E-06 -0.452450E-01
  0.399910E+00  0.251478E-02  0.923653E-06 -0.448906E-01
  0.399913E+00  0.243631E-02  0.928858E-06 -0.445388E-01
  0.399917E+00  0.236029E-02  0.934036E-06 -0.441898E-01
  0.399920E+00  0.228665E-02  0.939188E-06 -0.438433E-01
  0.399923E+00  0.221530E-02  0.944314E-06 -0.434995E-01
  0.399926E+00  0.214617E-02  0.949413E-06 -0.431583E-01
  0.399929E+00  0.207921E-02  0.954485E-06 -0.428196E-01
  0.399932E+00  0.201433E-02  0.959531E-06 -0.424836E-01
  0.399934E+00  0.195147E-02  0.964551E-06 -0.421501E-01
  0.399937E+00  0.189058E-02  0.969544E-06 -0.418192E-01
  0.399939E+00  0.183159E-02  0.974510E-06 -0.414908E-01
  0.399942E+00  0.177444E-02  0.979450E-06 -0.411649E-01
  0.399944E+00  0.171907E-02  0.984363E-06 -0.408415E-01
  0.399946E+00  0.166543E-02  0.989250E-06 -0.405205E-01
  0.399948E+00  0.161347E-02  0.994110E-06 -0.402021E-01
  0.399950E+00  0.156312E-02  0.998944E-06 -0.398861E-01
  0.399952E+00  0.151435E-02  0.100375E-05 -0.395725E-01
  0.399954E+00  0.146709E-02  0.100853E-05 -0.392614E-01
  0.399956E+00  0.142132E-02  0.101329E-05 -0.389526E-01
  0.399957E+00  0.137697E-02  0.101801E-05 -0.386462E-01
  0.399959E+00  0.133400E-02  0.102272E-05 -0.383422E-01
  0.399961E+00  0.129238E-02  0.102739E-05 -0.380406E-01
  0.399962E+00  0.125205E-02  0.103204E-05 -0.377413E-01
  0.399964E+00  0.121298E-02  0.103666E-05 -0.374442E-01
  0.399965E+00  0.117513E-02  0.104126E-05 -0.371495E-01
  0.399966E+00  0.113847E-02  0.104583E-05 -0.368571E-01
  0.399968E+00  0.110294E-02  0.105037E-05 -0.365670E-01
  0.399969E+00  0.106853E-02  0.105489E-05 -0.362791E-01
  0.399970E+00  0.103519E-02  0.105938E-05 -0.359934E-01
  0.399971E+00  0.100289E-02  0.106385E-05 -0.357100E-01
  0.399972E+00  0.971593E-03  0.106829E-05 -0.354288E-01
  0.399974E+00  0.941276E-03  0.107270E-05 -0.351497E-01
  0.399975E+00  0.911906E-03  0.107709E-05 -0.348729E-01
  0.399976E+00  0.883452E-03  0.108145E-05 -0.345982E-01
  0.399976E+00  0.855885E-03  0.108579E-05 -0.343256E-01
  0.399977E+00  0.829179E-03  0.109010E-05 -0.340552E-01
  0.399978E+00  0.803306E-03  0.109439E-05 -0.337868E-01
  0.399979E+00  0.778241E-03  0.109865E-05 -0.335206E-01
  0.399980E+00  0.753957E-03  0.110288E-05 -0.332565E-01
  0.399981E+00  0.730431E-03  0.110709E-05 -0.329944E-01
  0.399981E+00  0.707640E-03  0.111127E-05 -0.327343E-01
  0.399982E+00  0.685559E-03  0.111543E-05 -0.324763E-01
  0.399983E+00  0.664168E-03  0.111957E-05 -0.322203E-01
  0.399984E+00  0.643444E-03  0.112368E-05 -0.319663E-01
  0.399984E+00  0.623366E-03  0.112776E-05 -0.317144E-01
  0.399985E+00  0.603916E-03  0.113182E-05 -0.314643E-01
  0.399985E+00  0.585072E-03  0.113585E-05 -0.312163E-01
  0.399986E+00  0.566816E-03  0.113986E-05 -0.309701E-01
  0.399987E+00  0.549129E-03  0.114385E-05 -0.307260E-01
  0.399987E+00  0.531995E-03  0.114781E-05 -0.304837E-01
  0.399988E+00  0.515395E-03  0.115174E-05 -0.302433E-01
  0.399988E+00  0.499313E-03  0.115565E-05 -0.300048E-01
  0.399988E+00  0.483733E-03  0.115954E-05 -0.297682E-01
  0.399989E+00  0.468639E-03  0.116340E-05 -0.295334E-01
  0.399989E+00  0.454016E-03  0.116724E-05 -0.293005E-01
  0.399990E+00  0.439850E-03  0.117105E-05 -0.290694E-01
  0.399990E+00  0.426125E-03  0.117485E-05 -0.288402E-01
  0.399991E+00  0.412829E-03  0.117861E-05 -0.286127E-01
  0.399991E+00  0.399947E-03  0.118235E-05 -0.283870E-01
  0.399991E+00  0.387468E-03  0.118607E-05 -0.281631E-01
  0.399992E+00  0.375377E-03  0.118977E-05 -0.279409E-01
  0.399992E+00  0.363664E-03  0.119344E-05 -0.277205E-01
  0.399992E+00  0.352317E-03  0.119709E-05 -0.275018E-01
  0.399993E+00  0.341324E-03  0.120072E-05 -0.272849E-01
  0.399993E+00  0.330673E-03  0.120432E-05 -0.270696E-01
  0.399993E+00  0.320355E-03  0.120790E-05 -0.268561E-01
  0.399993E+00  0.310359E-03  0.121145E-05 -0.266442E-01
  0.399994E+00  0.300675E-03  0.121499E-05 -0.264340E-01
  0.399994E+00  0.291293E-03  0.121850E-05 -0.262254E-01
  0.399994E+00  0.282204E-03  0.122198E-05 -0.260185E-01
  0.399994E+00  0.273398E-03  0.122545E-05 -0.258132E-01
  0.399995E+00  0.264868E-03  0.122889E-05 -0.256096E-01
  0.399995E+00  0.256603E-03  0.123231E-05 -0.254075E-01
  0.399995E+00  0.248596E-03  0.123571E-05 -0.252070E-01
  0.399995E+00  0.240839E-03  0.123909E-05 -0.250081E-01
  0.399995E+00  0.233324E-03  0.124244E-05 -0.248108E-01
  0.399996E+00  0.226044E-03  0.124577E-05 -0.246150E-01
  0.399996E+00  0.218991E-03  0.124908E-05 -0.244208E-01
  0.399996E+00  0.212157E-03  0.125237E-05 -0.242281E-01
  0.399996E+00  0.205538E-03  0.125563E-05 -0.240369E-01
  0.399996E+00  0.199124E-03  0.125888E-05 -0.238472E-01
  0.399996E+00  0.192911E-03  0.126210E-05 -0.236590E-01
  0.399996E+00  0.186891E-03  0.126530E-05 -0.234723E-01
  0.399997E+00  0.181060E-03  0.126848E-05 -0.232871E-01
  0.399997E+00  0.175410E-03  0.127164E-05 -0.231033E-01
  0.399997E+00  0.169937E-03  0.127478E-05 -0.229210E-01
  0.399997E+00  0.164634E-03  0.127790E-05 -0.227401E-01
  0.399997E+00  0.159497E-03  0.128100E-05 -0.225607E-01
  0.399997E+00  0.154521E-03  0.128407E-05 -0.223826E-01
  0.399997E+00  0.149699E-03  0.128713E-05 -0.222060E-01
  0.399997E+00  0.145028E-03  0.129016E-05 -0.220307E-01
  0.399998E+00  0.140503E-03  0.129318E-05 -0.218569E-01
  0.399998E+00  0.136119E-03  0.129617E-05 -0.216844E-01
  0.399998E+00  0.131871E-03  0.129914E-05 -0.215132E-01
  0.399998E+00  0.127756E-03  0.130210E-05 -0.213434E-01
  0.399998E+00  0.123770E-03  0.130503E-05 -0.211750E-01
  0.399998E+00  0.119908E-03  0.130794E-05 -0.210079E-01
  0.399998E+00  0.116167E-03  0.131084E-05 -0.208421E-01
  0.399998E+00  0.112542E-03  0.131371E-05 -0.206776E-01
  0.399998E+00  0.109030E-03  0.131657E-05 -0.205144E-01
  0.399998E+00  0.105628E-03  0.131940E-05 -0.203525E-01
  0.399998E+00  0.102332E-03  0.132222E-05 -0.201918E-01
  0.399998E+00  0.991392E-04  0.132501E-05 -0.200325E-01
  0.399998E+00  0.960457E-04  0.132779E-05 -0.198744E-01
  0.399999E+00  0.930488E-04  0.133055E-05 -0.197175E-01
  0.399999E+00  0.901454E-04  0.133329E-05 -0.195619E-01
  0.399999E+00  0.873326E-04  0.133601E-05 -0.194075E-01
  0.399999E+00  0.846076E-04  0.133871E-05 -0.192543E-01
  0.399999E+00  0.819676E-04  0.134139E-05 -0.191023E-01
  0.399999E+00  0.794099E-04  0.134406E-05 -0.189515E-01
  0.399999E+00  0.769321E-04  0.134670E-05 -0.188020E-01
  0.399999E+00  0.745316E-04  0.134933E-05 -0.186536E-01
  0.399999E+00  0.722060E-04  0.135194E-05 -0.185063E-01
  0.399999E+00  0.699529E-04  0.135453E-05 -0.183602E-01
  0.399999E+00  0.677702E-04  0.135711E-05 -0.182153E-01
  0.399999E+00  0.656556E-04  0.135966E-05 -0.180716E-01
  0.399999E+00  0.636069E-04  0.136220E-05 -0.179289E-01
  0.399999E+00  0.616222E-04  0.136472E-05 -0.177874E-01
  0.399999E+00  0.596994E-04  0.136722E-05 -0.176470E-01
  0.399999E+00  0.578366E-04  0.136971E-05 -0.175077E-01
  0.399999E+00  0.560319E-04  0.137218E-05 -0.173695E-01
  0.399999E+00  0.542836E-04  0.137463E-05 -0.172324E-01
  0.399999E+00  0.525898E-04  0.137706E-05 -0.170964E-01
  0.399999E+00  0.509488E-04  0.137948E-05 -0.169615E-01
  0.399999E+00  0.493590E-04  0.138188E-05 -0.168276E-01
  0.399999E+00  0.478189E-04  0.138426E-05 -0.166947E-01
  0.399999E+00  0.463268E-04  0.138662E-05 -0.165630E-01
  0.399999E+00  0.448813E-04  0.138897E-05 -0.164322E-01
  0.399999E+00  0.434808E-04  0.139130E-05 -0.163025E-01
  0.399999E+00  0.421241E-04  0.139362E-05 -0.161738E-01
  0.399999E+00  0.408097E-04  0.139592E-05 -0.160462E-01
  0.399999E+00  0.395363E-04  0.139820E-05 -0.159195E-01
  0.400000E+00  0.383027E-04  0.140047E-05 -0.157939E-01
  0.400000E+00  0.371075E-04  0.140272E-05 -0.156692E-01
  0.400000E+00  0.359496E-04  0.140496E-05 -0.155455E-01
  0.400000E+00  0.348279E-04  0.140717E-05 -0.154228E-01
  0.400000E+00  0.337412E-04  0.140938E-05 -0.153011E-01
  0.400000E+00  0.326883E-04  0.141156E-05 -0.151803E-01
  0.400000E+00  0.316684E-04  0.141374E-05 -0.150605E-01
  0.400000E+00  0.306802E-04  0.141589E-05 -0.149416E-01
  0.400000E+00  0.297229E-04  0.141803E-05 -0.148236E-01
  0.400000E+00  0.287955E-04  0.142016E-05 -0.147066E-01
  0.400000E+00  0.278970E-04  0.142227E-05 -0.145905E-01
  0.400000E+00  0.270265E-04  0.142437E-05 -0.144754E-01
  0.400000E+00  0.261832E-04  0.142645E-05 -0.143611E-01
  0.400000E+00  0.253662E-04  0.142851E-05 -0.142477E-01
  0.400000E+00  0.245747E-04  0.143056E-05 -0.141353E-01
  0.400000E+00  0.238079E-04  0.143260E-05 -0.140237E-01
  0.400000E+00  0.230650E-04  0.143462E-05 -0.139130E-01
  0.400000E+00  0.223453E-04  0.143663E-05 -0.138032E-01
  0.400000E+00  0.216481E-04  0.143862E-05 -0.136942E-01
  0.400000E+00  0.209726E-04  0.144060E-05 -0.135861E-01
  0.400000E+00  0.203182E-04  0.144256E-05 -0.134789E-01
  0.400000E+00  0.196842E-04  0.144451E-05 -0.133725E-01
  0.400000E+00  0.190700E-04  0.144644E-05 -0.132669E-01
  0.400000E+00  0.184749E-04  0.144837E-05 -0.131622E-01
  0.400000E+00  0.178985E-04  0.145027E-05 -0.130583E-01
  0.400000E+00  0.173400E-04  0.145217E-05 -0.129552E-01
  0.400000E+00  0.167989E-04  0.145405E-05 -0.128530E-01
  0.400000E+00  0.162748E-04  0.145591E-05 -0.127515E-01
  0.400000E+00  0.157669E-04  0.145777E-05 -0.126509E-01
  0.400000E+00  0.152750E-04  0.145961E-05 -0.125510E-01
  0.400000E+00  0.147983E-04  0.146143E-05 -0.124519E-01
  0.400000E+00  0.143366E-04  0.146324E-05 -0.123536E-01
  0.400000E+00  0.138892E-04  0.146504E-05 -0.122561E-01
  0.400000E+00  0.134559E-04  0.146683E-05 -0.121594E-01
  0.400000E+00  0.130360E-04  0.146860E-05 -0.120634E-01
  0.400000E+00  0.126292E-04  0.147036E-05 -0.119682E-01
  0.400000E+00  0.122352E-04  0.147211E-05 -0.118737E-01
  0.400000E+00  0.118534E-04  0.147385E-05 -0.117800E-01
  0.400000E+00  0.114835E-04  0.147557E-05 -0.116870E-01
  0.400000E+00  0.111252E-04  0.147728E-05 -0.115947E-01
  0.400000E+00  0.107781E-04  0.147897E-05 -0.115032E-01
  0.400000E+00  0.104418E-04  0.148066E-05 -0.114124E-01
  0.400000E+00  0.101159E-04  0.148233E-05 -0.113223E-01
  0.400000E+00  0.980029E-05  0.148399E-05 -0.112329E-01
  0.400000E+00  0.949449E-05  0.148564E-05 -0.111443E-01
  0.400000E+00  0.919824E-05  0.148727E-05 -0.110563E-01
  0.400000E+00  0.891123E-05  0.148890E-05 -0.109690E-01
  0.400000E+00  0.863317E-05  0.149051E-05 -0.108824E-01
  0.400000E+00  0.836379E-05  0.149211E-05 -0.107965E-01
  0.400000E+00  0.810281E-05  0.149370E-05 -0.107113E-01
  0.400000E+00  0.784998E-05  0.149527E-05 -0.106268E-01
  0.400000E+00  0.760504E-05  0.149684E-05 -0.105429E-01
  0.400000E+00  0.736774E-05  0.149839E-05 -0.104597E-01
  0.400000E+00  0.713784E-05  0.149993E-05 -0.103771E-01
  0.400000E+00  0.691512E-05  0.150146E-05 -0.102952E-01
  0.400000E+00  0.669935E-05  0.150298E-05 -0.102139E-01
  0.400000E+00  0.649031E-05  0.150449E-05 -0.101333E-01
  0.400000E+00  0.628779E-05  0.150599E-05 -0.100533E-01
  0.400000E+00  0.609159E-05  0.150747E-05 -0.997394E-02
  0.400000E+00  0.590152E-05  0.150895E-05 -0.989521E-02
  0.400000E+00  0.571737E-05  0.151041E-05 -0.981710E-02
  0.400000E+00  0.553897E-05  0.151186E-05 -0.973961E-02
  0.400000E+00  0.536614E-05  0.151330E-05 -0.966273E-02
  0.400000E+00  0.519870E-05  0.151473E-05 -0.958645E-02
  0.400000E+00  0.503649E-05  0.151616E-05 -0.951078E-02
  0.400000E+00  0.487933E-05  0.151757E-05 -0.943571E-02
  0.400000E+00  0.472708E-05  0.151897E-05 -0.936122E-02
  0.400000E+00  0.457958E-05  0.152035E-05 -0.928733E-02
  0.400000E+00  0.443669E-05  0.152173E-05 -0.921402E-02
  0.400000E+00  0.429825E-05  0.152310E-05 -0.914128E-02
  0.400000E+00  0.416413E-05  0.152446E-05 -0.906913E-02
  0.400000E+00  0.403420E-05  0.152581E-05 -0.899754E-02
  0.400000E+00  0.390832E-05  0.152715E-05 -0.892651E-02
  0.400000E+00  0.378637E-05  0.152847E-05 -0.885605E-02
  0.400000E+00  0.366822E-05  0.152979E-05 -0.878614E-02
  0.400000E+00  0.355376E-05  0.153110E-05 -0.871679E-02
  0.400000E+00  0.344287E-05  0.153240E-05 -0.864798E-02
  0.400000E+00  0.333545E-05  0.153369E-05 -0.857971E-02
  0.400000E+00  0.323137E-05  0.153497E-05 -0.851199E-02
  0.400000E+00  0.313054E-05  0.153624E-05 -0.844480E-02
  0.400000E+00  0.303286E-05  0.153750E-05 -0.837814E-02
  0.400000E+00  0.293823E-05  0.153875E-05 -0.831200E-02
  0.400000E+00  0.284654E-05  0.153999E-05 -0.824639E-02
  0.400000E+00  0.275772E-05  0.154122E-05 -0.818129E-02
  0.400000E+00  0.267167E-05  0.154245E-05 -0.811671E-02
  0.400000E+00  0.258831E-05  0.154366E-05 -0.805264E-02
  0.400000E+00  0.250755E-05  0.154486E-05 -0.798908E-02
  0.400000E+00  0.242930E-05  0.154606E-05 -0.792601E-02
  0.400000E+00  0.235350E-05  0.154725E-05 -0.786345E-02
  0.400000E+00  0.228007E-05  0.154842E-05 -0.780138E-02
  0.400000E+00  0.220892E-05  0.154959E-05 -0.773980E-02
  0.400000E+00  0.214000E-05  0.155075E-05 -0.767870E-02
  0.400000E+00  0.207322E-05  0.155190E-05 -0.761809E-02
  0.400000E+00  0.200853E-05  0.155305E-05 -0.755795E-02
  0.400000E+00  0.194586E-05  0.155418E-05 -0.749829E-02
  0.400000E+00  0.188514E-05  0.155531E-05 -0.743910E-02
  0.400000E+00  0.182632E-05  0.155642E-05 -0.738038E-02
  0.400000E+00  0.176933E-05  0.155753E-05 -0.732212E-02
  0.400000E+00  0.171413E-05  0.155863E-05 -0.726432E-02
  0.400000E+00  0.166064E-05  0.155972E-05 -0.720698E-02
  0.400000E+00  0.160882E-05  0.156081E-05 -0.715009E-02
  0.400000E+00  0.155862E-05  0.156188E-05 -0.709365E-02
  0.400000E+00  0.150999E-05  0.156295E-05 -0.703765E-02
  0.400000E+00  0.146287E-05  0.156401E-05 -0.698210E-02
  0.400000E+00  0.141723E-05  0.156506E-05 -0.692699E-02
  0.400000E+00  0.137300E-05  0.156610E-05 -0.687231E-02
  0.400000E+00  0.133016E-05  0.156714E-05 -0.681806E-02
  0.400000E+00  0.128866E-05  0.156817E-05 -0.676424E-02
  0.400000E+00  0.124845E-05  0.156919E-05 -0.671084E-02
  0.400000E+00  0.120949E-05  0.157020E-05 -0.665787E-02
  0.400000E+00  0.117175E-05  0.157120E-05 -0.660531E-02
  0.400000E+00  0.113519E-05  0.157220E-05 -0.655317E-02
  0.400000E+00  0.109977E-05  0.157319E-05 -0.650144E-02
  0.400000E+00  0.106545E-05  0.157417E-05 -0.645012E-02
  0.400000E+00  0.103221E-05  0.157514E-05 -0.639921E-02
  0.400000E+00  0.100000E-05  0.157611E-05 -0.634870E-02
