         0.0 -1001   15  501
     36000.0 -1001   15  501
     72000.0 -1001   15  501
    108000.0 -1001   15  501
    144000.0 -1001   15  501
    180000.0 -1001   15  501
    216000.0 -1001   15  501
    252000.0 -1001   15  501
    288000.0 -1001   15  501
    324000.0 -1001   15  501
    360000.0 -1001   15  501
    396000.0 -1001   15  501
    432000.0 -1001   15  501
    468000.0 -1001   15  501
    504000.0 -1001   15  501
    540000.0 -1001   15  501
    576000.0 -1001   15  501
    612000.0 -1001   15  501
    648000.0 -1001   15  501
    684000.0 -1001   15  501
    720000.0 -1001   15  501
    756000.0 -1001   15  501
    792000.0 -1001   15  501
    828000.0 -1001   15  501
    864000.0 -1001   15  501
    900000.0 -1001   15  501
    936000.0 -1001   15  501
    972000.0 -1001   15  501
   1008000.0 -1001   15  501
   1044000.0 -1001   15  501
   1080000.0 -1001   15  501
   1116000.0 -1001   15  501
   1152000.0 -1001   15  501
   1188000.0 -1001   15  501
   1224000.0 -1001   15  501
   1260000.0 -1001   15  501
   1296000.0 -1001   15  501
   1332000.0 -1001   15  501
   1368000.0 -1001   15  501
   1404000.0 -1001   15  501
   1440000.0 -1001   15  501
   1476000.0 -1001   15  501
   1512000.0 -1001   15  501
   1548000.0 -1001   15  501
   1584000.0 -1001   15  501
   1620000.0 -1001   15  501
   1656000.0 -1001   15  501
   1692000.0 -1001   15  501
   1728000.0 -1001   15  501
   1764000.0 -1001   15  501
   1800000.0 -1001   15  501
   1836000.0 -1001   15  501
   1872000.0 -1001   15  501
   1908000.0 -1001   15  501
   1944000.0 -1001   15  501
   1980000.0 -1001   15  501
   2016000.0 -1001   15  501
   2052000.0 -1001   15  501
   2088000.0 -1001   15  501
   2124000.0 -1001   15  501
   2160000.0 -1001   15  501
   2196000.0 -1001   15  501
   2232000.0 -1001   15  501
   2268000.0 -1001   15  501
   2304000.0 -1001   15  501
   2340000.0 -1001   15  501
   2376000.0 -1001   15  501
   2412000.0 -1001   15  501
   2448000.0 -1001   15  501
   2484000.0 -1001   15  501
   2520000.0 -1001   15  501
   2556000.0 -1001   15  501
   2592000.0 -1001   15  501
   2628000.0 -1001   15  501
   2664000.0 -1001   15  501
   2700000.0 -1001   15  501
   2736000.0 -1001   15  501
   2772000.0 -1001   15  501
   2808000.0 -1001   15  501
   2844000.0 -1001   15  501
   2880000.0 -1001   15  501
   2916000.0 -1001   15  501
   2952000.0 -1001   15  501
   2988000.0 -1001   15  501
   3024000.0 -1001   15  501
   3060000.0 -1001   15  501
   3096000.0 -1001   15  501
   3132000.0 -1001   15  501
   3168000.0 -1001   15  501
   3204000.0 -1001   15  501
   3240000.0 -1001   15  501
   3276000.0 -1001   15  501
   3312000.0 -1001   15  501
   3348000.0 -1001   15  501
   3384000.0 -1001   15  501
   3420000.0 -1001   15  501
   3456000.0 -1001   15  501
   3492000.0 -1001   15  501
   3528000.0 -1001   15  501
   3564000.0 -1001   15  501
   3600000.0 -1001   15  501
   3636000.0 -1001   15  501
   3672000.0 -1001   15  501
   3708000.0 -1001   15  501
   3744000.0 -1001   15  501
   3780000.0 -1001   15  501
   3816000.0 -1001   15  501
   3852000.0 -1001   15  501
   3888000.0 -1001   15  501
   3924000.0 -1001   15  501
   3960000.0 -1001   15  501
   3996000.0 -1001   15  501
   4032000.0 -1001   15  501
   4068000.0 -1001   15  501
   4104000.0 -1001   15  501
   4140000.0 -1001   15  501
   4176000.0 -1001   15  501
   4212000.0 -1001   15  501
   4248000.0 -1001   15  501
   4284000.0 -1001   15  501
   4320000.0 -1001   15  501
   4356000.0 -1001   15  501
   4392000.0 -1001   15  501
   4428000.0 -1001   15  501
   4464000.0 -1001   15  501
   4500000.0 -1001   15  501
   4536000.0 -1001   15  501
   4572000.0 -1001   15  501
   4608000.0 -1001   15  501
   4644000.0 -1001   15  501
   4680000.0 -1001   15  501
   4716000.0 -1001   15  501
   4752000.0 -1001   15  501
   4788000.0 -1001   15  501
   4824000.0 -1001   15  501
   4860000.0 -1001   15  501
   4896000.0 -1001   15  501
   4932000.0 -1001   15  501
   4968000.0 -1001   15  501
   5004000.0 -1001   15  501
   5040000.0 -1001   15  501
   5076000.0 -1001   15  501
   5112000.0 -1001   15  501
   5148000.0 -1001   15  501
   5184000.0 -1001   15  501
   5220000.0 -1001   15  501
   5256000.0 -1001   15  501
   5292000.0 -1001   15  501
   5328000.0 -1001   15  501
   5364000.0 -1001   15  501
   5400000.0 -1001   15  501
   5436000.0 -1001   15  501
   5472000.0 -1001   15  501
   5508000.0 -1001   15  501
   5544000.0 -1001   15  501
   5580000.0 -1001   15  501
   5616000.0 -1001   15  501
   5652000.0 -1001   15  501
   5688000.0 -1001   15  501
   5724000.0 -1001   15  501
   5760000.0 -1001   15  501
   5796000.0 -1001   15  501
   5832000.0 -1001   15  501
   5868000.0 -1001   15  501
   5904000.0 -1001   15  501
   5940000.0 -1001   15  501
   5976000.0 -1001   15  501
   6012000.0 -1001   15  501
   6048000.0 -1001   15  501
   6084000.0 -1001   15  501
   6120000.0 -1001   15  501
   6156000.0 -1001   15  501
   6192000.0 -1001   15  501
   6228000.0 -1001   15  501
   6264000.0 -1001   15  501
   6300000.0 -1001   15  501
   6336000.0 -1001   15  501
   6372000.0 -1001   15  501
   6408000.0 -1001   15  501
   6444000.0 -1001   15  501
   6480000.0 -1001   15  501
   6516000.0 -1001   15  501
   6552000.0 -1001   15  501
   6588000.0 -1001   15  501
   6624000.0 -1001   15  501
   6660000.0 -1001   15  501
   6696000.0 -1001   15  501
   6732000.0 -1001   15  501
   6768000.0 -1001   15  501
   6804000.0 -1001   15  501
   6840000.0 -1001   15  501
   6876000.0 -1001   15  501
   6912000.0 -1001   15  501
   6948000.0 -1001   15  501
   6984000.0 -1001   15  501
   7020000.0 -1001   15  501
   7056000.0 -1001   15  501
   7092000.0 -1001   15  501
   7128000.0 -1001   15  501
   7164000.0 -1001   15  501
   7200000.0 -1001   15  501
   7236000.0 -1001   15  501
   7272000.0 -1001   15  501
   7308000.0 -1001   15  501
   7344000.0 -1001   15  501
   7380000.0 -1001   15  501
   7416000.0 -1001   15  501
   7452000.0 -1001   15  501
   7488000.0 -1001   15  501
   7524000.0 -1001   15  501
   7560000.0 -1001   15  501
   7596000.0 -1001   15  501
   7632000.0 -1001   15  501
   7668000.0 -1001   15  501
   7704000.0 -1001   15  501
   7740000.0 -1001   15  501
   7776000.0 -1001   15  501
   7812000.0 -1001   15  501
   7848000.0 -1001   15  501
   7884000.0 -1001   15  501
   7920000.0 -1001   15  501
   7956000.0 -1001   15  501
   7992000.0 -1001   15  501
   8028000.0 -1001   15  501
   8064000.0 -1001   15  501
   8100000.0 -1001   15  501
   8136000.0 -1001   15  501
   8172000.0 -1001   15  501
   8208000.0 -1001   15  501
   8244000.0 -1001   15  501
   8280000.0 -1001   15  501
   8316000.0 -1001   15  501
   8352000.0 -1001   15  501
   8388000.0 -1001   15  501
   8424000.0 -1001   15  501
   8460000.0 -1001   15  501
   8496000.0 -1001   15  501
   8532000.0 -1001   15  501
   8568000.0 -1001   15  501
   8604000.0 -1001   15  501
   8640000.0 -1001   15  501
   8676000.0 -1001   15  501
   8712000.0 -1001   15  501
   8748000.0 -1001   15  501
   8784000.0 -1001   15  501
   8820000.0 -1001   15  501
   8856000.0 -1001   15  501
   8892000.0 -1001   15  501
   8928000.0 -1001   15  501
   8964000.0 -1001   15  501
   9000000.0 -1001   15  501
   9036000.0 -1001   15  501
   9072000.0 -1001   15  501
   9108000.0 -1001   15  501
   9144000.0 -1001   15  501
   9180000.0 -1001   15  501
   9216000.0 -1001   15  501
   9252000.0 -1001   15  501
   9288000.0 -1001   15  501
   9324000.0 -1001   15  501
   9360000.0 -1001   15  501
   9396000.0 -1001   15  501
   9432000.0 -1001   15  501
   9468000.0 -1001   15  501
   9504000.0 -1001   15  501
   9540000.0 -1001   15  501
   9576000.0 -1001   15  501
   9612000.0 -1001   15  501
   9648000.0 -1001   15  501
   9684000.0 -1001   15  501
   9720000.0 -1001   15  501
   9756000.0 -1001   15  501
   9792000.0 -1001   15  501
   9828000.0 -1001   15  501
   9864000.0 -1001   15  501
   9900000.0 -1001   15  501
   9936000.0 -1001   15  501
   9972000.0 -1001   15  501
  10008000.0 -1001   15  501
  10044000.0 -1001   15  501
  10080000.0 -1001   15  501
  10116000.0 -1001   15  501
  10152000.0 -1001   15  501
  10188000.0 -1001   15  501
  10224000.0 -1001   15  501
  10260000.0 -1001   15  501
  10296000.0 -1001   15  501
  10332000.0 -1001   15  501
  10368000.0 -1001   15  501
  10404000.0 -1001   15  501
  10440000.0 -1001   15  501
  10476000.0 -1001   15  501
  10512000.0 -1001   15  501
  10548000.0 -1001   15  501
  10584000.0 -1001   15  501
  10620000.0 -1001   15  501
  10656000.0 -1001   15  501
  10692000.0 -1001   15  501
  10728000.0 -1001   15  501
  10764000.0 -1001   15  501
  10800000.0 -1001   15  501
  10836000.0 -1001   15  501
  10872000.0 -1001   15  501
  10908000.0 -1001   15  501
  10944000.0 -1001   15  501
  10980000.0 -1001   15  501
  11016000.0 -1001   15  501
  11052000.0 -1001   15  501
  11088000.0 -1001   15  501
  11124000.0 -1001   15  501
  11160000.0 -1001   15  501
  11196000.0 -1001   15  501
  11232000.0 -1001   15  501
  11268000.0 -1001   15  501
  11304000.0 -1001   15  501
  11340000.0 -1001   15  501
  11376000.0 -1001   15  501
  11412000.0 -1001   15  501
  11448000.0 -1001   15  501
  11484000.0 -1001   15  501
  11520000.0 -1001   15  501
  11556000.0 -1001   15  501
  11592000.0 -1001   15  501
  11628000.0 -1001   15  501
  11664000.0 -1001   15  501
  11700000.0 -1001   15  501
  11736000.0 -1001   15  501
  11772000.0 -1001   15  501
  11808000.0 -1001   15  501
  11844000.0 -1001   15  501
  11880000.0 -1001   15  501
  11916000.0 -1001   15  501
  11952000.0 -1001   15  501
  11988000.0 -1001   15  501
  12024000.0 -1001   15  501
  12060000.0 -1001   15  501
  12096000.0 -1001   15  501
  12132000.0 -1001   15  501
  12168000.0 -1001   15  501
  12204000.0 -1001   15  501
  12240000.0 -1001   15  501
  12276000.0 -1001   15  501
  12312000.0 -1001   15  501
  12348000.0 -1001   15  501
  12384000.0 -1001   15  501
  12420000.0 -1001   15  501
  12456000.0 -1001   15  501
  12492000.0 -1001   15  501
  12528000.0 -1001   15  501
  12564000.0 -1001   15  501
  12600000.0 -1001   15  501
  12636000.0 -1001   15  501
  12672000.0 -1001   15  501
  12708000.0 -1001   15  501
  12744000.0 -1001   15  501
  12780000.0 -1001   15  501
  12816000.0 -1001   15  501
  12852000.0 -1001   15  501
  12888000.0 -1001   15  501
  12924000.0 -1001   15  501
  12960000.0 -1001   15  501
  12996000.0 -1001   15  501
  13032000.0 -1001   15  501
  13068000.0 -1001   15  501
  13104000.0 -1001   15  501
  13140000.0 -1001   15  501
  13176000.0 -1001   15  501
  13212000.0 -1001   15  501
  13248000.0 -1001   15  501
  13284000.0 -1001   15  501
  13320000.0 -1001   15  501
  13356000.0 -1001   15  501
  13392000.0 -1001   15  501
  13428000.0 -1001   15  501
  13464000.0 -1001   15  501
  13500000.0 -1001   15  501
  13536000.0 -1001   15  501
  13572000.0 -1001   15  501
  13608000.0 -1001   15  501
  13644000.0 -1001   15  501
  13680000.0 -1001   15  501
  13716000.0 -1001   15  501
  13752000.0 -1001   15  501
  13788000.0 -1001   15  501
  13824000.0 -1001   15  501
  13860000.0 -1001   15  501
  13896000.0 -1001   15  501
  13932000.0 -1001   15  501
  13968000.0 -1001   15  501
  14004000.0 -1001   15  501
  14040000.0 -1001   15  501
  14076000.0 -1001   15  501
  14112000.0 -1001   15  501
  14148000.0 -1001   15  501
  14184000.0 -1001   15  501
  14220000.0 -1001   15  501
  14256000.0 -1001   15  501
  14292000.0 -1001   15  501
  14328000.0 -1001   15  501
  14364000.0 -1001   15  501
  14400000.0 -1001   15  501
  14436000.0 -1001   15  501
  14472000.0 -1001   15  501
  14508000.0 -1001   15  501
  14544000.0 -1001   15  501
  14580000.0 -1001   15  501
  14616000.0 -1001   15  501
  14652000.0 -1001   15  501
  14688000.0 -1001   15  501
  14724000.0 -1001   15  501
  14760000.0 -1001   15  501
  14796000.0 -1001   15  501
  14832000.0 -1001   15  501
  14868000.0 -1001   15  501
  14904000.0 -1001   15  501
  14940000.0 -1001   15  501
  14976000.0 -1001   15  501
  15012000.0 -1001   15  501
  15048000.0 -1001   15  501
  15084000.0 -1001   15  501
  15120000.0 -1001   15  501
  15156000.0 -1001   15  501
  15192000.0 -1001   15  501
  15228000.0 -1001   15  501
  15264000.0 -1001   15  501
  15300000.0 -1001   15  501
  15336000.0 -1001   15  501
  15372000.0 -1001   15  501
  15408000.0 -1001   15  501
  15444000.0 -1001   15  501
  15480000.0 -1001   15  501
  15516000.0 -1001   15  501
  15552000.0 -1001   15  501
  15588000.0 -1001   15  501
  15624000.0 -1001   15  501
  15660000.0 -1001   15  501
  15696000.0 -1001   15  501
  15732000.0 -1001   15  501
  15768000.0 -1001   15  501
  15804000.0 -1001   15  501
  15840000.0 -1001   15  501
  15876000.0 -1001   15  501
  15912000.0 -1001   15  501
  15948000.0 -1001   15  501
  15984000.0 -1001   15  501
  16020000.0 -1001   15  501
  16056000.0 -1001   15  501
  16092000.0 -1001   15  501
  16128000.0 -1001   15  501
  16164000.0 -1001   15  501
  16200000.0 -1001   15  501
  16236000.0 -1001   15  501
  16272000.0 -1001   15  501
  16308000.0 -1001   15  501
  16344000.0 -1001   15  501
  16380000.0 -1001   15  501
  16416000.0 -1001   15  501
  16452000.0 -1001   15  501
  16488000.0 -1001   15  501
  16524000.0 -1001   15  501
  16560000.0 -1001   15  501
  16596000.0 -1001   15  501
  16632000.0 -1001   15  501
  16668000.0 -1001   15  501
  16704000.0 -1001   15  501
  16740000.0 -1001   15  501
  16776000.0 -1001   15  501
  16812000.0 -1001   15  501
  16848000.0 -1001   15  501
  16884000.0 -1001   15  501
  16920000.0 -1001   15  501
  16956000.0 -1001   15  501
  16992000.0 -1001   15  501
  17028000.0 -1001   15  501
  17064000.0 -1001   15  501
  17100000.0 -1001   15  501
  17136000.0 -1001   15  501
  17172000.0 -1001   15  501
  17208000.0 -1001   15  501
  17244000.0 -1001   15  501
  17280000.0 -1001   15  501
  17316000.0 -1001   15  501
  17352000.0 -1001   15  501
  17388000.0 -1001   15  501
  17424000.0 -1001   15  501
  17460000.0 -1001   15  501
  17496000.0 -1001   15  501
  17532000.0 -1001   15  501
  17568000.0 -1001   15  501
  17604000.0 -1001   15  501
  17640000.0 -1001   15  501
  17676000.0 -1001   15  501
  17712000.0 -1001   15  501
  17748000.0 -1001   15  501
  17784000.0 -1001   15  501
  17820000.0 -1001   15  501
  17856000.0 -1001   15  501
  17892000.0 -1001   15  501
  17928000.0 -1001   15  501
  17964000.0 -1001   15  501
  18000000.0 -1001   15  501
  18036000.0 -1001   15  501
  18072000.0 -1001   15  501
  18108000.0 -1001   15  501
  18144000.0 -1001   15  501
  18180000.0 -1001   15  501
  18216000.0 -1001   15  501
  18252000.0 -1001   15  501
  18288000.0 -1001   15  501
  18324000.0 -1001   15  501
  18360000.0 -1001   15  501
  18396000.0 -1001   15  501
  18432000.0 -1001   15  501
  18468000.0 -1001   15  501
  18504000.0 -1001   15  501
  18540000.0 -1001   15  501
  18576000.0 -1001   15  501
  18612000.0 -1001   15  501
  18648000.0 -1001   15  501
  18684000.0 -1001   15  501
  18720000.0 -1001   15  501
  18756000.0 -1001   15  501
  18792000.0 -1001   15  501
  18828000.0 -1001   15  501
  18864000.0 -1001   15  501
  18900000.0 -1001   15  501
  18936000.0 -1001   15  501
  18972000.0 -1001   15  501
  19008000.0 -1001   15  501
  19044000.0 -1001   15  501
  19080000.0 -1001   15  501
  19116000.0 -1001   15  501
  19152000.0 -1001   15  501
  19188000.0 -1001   15  501
  19224000.0 -1001   15  501
  19260000.0 -1001   15  501
  19296000.0 -1001   15  501
  19332000.0 -1001   15  501
  19368000.0 -1001   15  501
  19404000.0 -1001   15  501
  19440000.0 -1001   15  501
  19476000.0 -1001   15  501
  19512000.0 -1001   15  501
  19548000.0 -1001   15  501
  19584000.0 -1001   15  501
  19620000.0 -1001   15  501
  19656000.0 -1001   15  501
  19692000.0 -1001   15  501
  19728000.0 -1001   15  501
  19764000.0 -1001   15  501
  19800000.0 -1001   15  501
  19836000.0 -1001   15  501
  19872000.0 -1001   15  501
  19908000.0 -1001   15  501
  19944000.0 -1001   15  501
  19980000.0 -1001   15  501
  20016000.0 -1001   15  501
  20052000.0 -1001   15  501
  20088000.0 -1001   15  501
  20124000.0 -1001   15  501
  20160000.0 -1001   15  501
  20196000.0 -1001   15  501
  20232000.0 -1001   15  501
  20268000.0 -1001   15  501
  20304000.0 -1001   15  501
  20340000.0 -1001   15  501
  20376000.0 -1001   15  501
  20412000.0 -1001   15  501
  20448000.0 -1001   15  501
  20484000.0 -1001   15  501
  20520000.0 -1001   15  501
  20556000.0 -1001   15  501
  20592000.0 -1001   15  501
  20628000.0 -1001   15  501
  20664000.0 -1001   15  501
  20700000.0 -1001   15  501
  20736000.0 -1001   15  501
  20772000.0 -1001   15  501
  20808000.0 -1001   15  501
  20844000.0 -1001   15  501
  20880000.0 -1001   15  501
  20916000.0 -1001   15  501
  20952000.0 -1001   15  501
  20988000.0 -1001   15  501
  21024000.0 -1001   15  501
  21060000.0 -1001   15  501
  21096000.0 -1001   15  501
  21132000.0 -1001   15  501
  21168000.0 -1001   15  501
  21204000.0 -1001   15  501
  21240000.0 -1001   15  501
  21276000.0 -1001   15  501
  21312000.0 -1001   15  501
  21348000.0 -1001   15  501
  21384000.0 -1001   15  501
  21420000.0 -1001   15  501
  21456000.0 -1001   15  501
  21492000.0 -1001   15  501
  21528000.0 -1001   15  501
  21564000.0 -1001   15  501
  21600000.0 -1001   15  501
  21636000.0 -1001   15  501
  21672000.0 -1001   15  501
  21708000.0 -1001   15  501
  21744000.0 -1001   15  501
  21780000.0 -1001   15  501
  21816000.0 -1001   15  501
  21852000.0 -1001   15  501
  21888000.0 -1001   15  501
  21924000.0 -1001   15  501
  21960000.0 -1001   15  501
  21996000.0 -1001   15  501
  22032000.0 -1001   15  501
  22068000.0 -1001   15  501
  22104000.0 -1001   15  501
  22140000.0 -1001   15  501
  22176000.0 -1001   15  501
  22212000.0 -1001   15  501
  22248000.0 -1001   15  501
  22284000.0 -1001   15  501
  22320000.0 -1001   15  501
  22356000.0 -1001   15  501
  22392000.0 -1001   15  501
  22428000.0 -1001   15  501
  22464000.0 -1001   15  501
  22500000.0 -1001   15  501
  22536000.0 -1001   15  501
  22572000.0 -1001   15  501
  22608000.0 -1001   15  501
  22644000.0 -1001   15  501
  22680000.0 -1001   15  501
  22716000.0 -1001   15  501
  22752000.0 -1001   15  501
  22788000.0 -1001   15  501
  22824000.0 -1001   15  501
  22860000.0 -1001   15  501
  22896000.0 -1001   15  501
  22932000.0 -1001   15  501
  22968000.0 -1001   15  501
  23004000.0 -1001   15  501
  23040000.0 -1001   15  501
  23076000.0 -1001   15  501
  23112000.0 -1001   15  501
  23148000.0 -1001   15  501
  23184000.0 -1001   15  501
  23220000.0 -1001   15  501
  23256000.0 -1001   15  501
  23292000.0 -1001   15  501
  23328000.0 -1001   15  501
  23364000.0 -1001   15  501
  23400000.0 -1001   15  501
  23436000.0 -1001   15  501
  23472000.0 -1001   15  501
  23508000.0 -1001   15  501
  23544000.0 -1001   15  501
  23580000.0 -1001   15  501
  23616000.0 -1001   15  501
  23652000.0 -1001   15  501
  23688000.0 -1001   15  501
  23724000.0 -1001   15  501
  23760000.0 -1001   15  501
  23796000.0 -1001   15  501
  23832000.0 -1001   15  501
  23868000.0 -1001   15  501
  23904000.0 -1001   15  501
  23940000.0 -1001   15  501
  23976000.0 -1001   15  501
  24012000.0 -1001   15  501
  24048000.0 -1001   15  501
  24084000.0 -1001   15  501
  24120000.0 -1001   15  501
  24156000.0 -1001   15  501
  24192000.0 -1001   15  501
  24228000.0 -1001   15  501
  24264000.0 -1001   15  501
  24300000.0 -1001   15  501
  24336000.0 -1001   15  501
  24372000.0 -1001   15  501
  24408000.0 -1001   15  501
  24444000.0 -1001   15  501
  24480000.0 -1001   15  501
  24516000.0 -1001   15  501
  24552000.0 -1001   15  501
  24588000.0 -1001   15  501
  24624000.0 -1001   15  501
  24660000.0 -1001   15  501
  24696000.0 -1001   15  501
  24732000.0 -1001   15  501
  24768000.0 -1001   15  501
  24804000.0 -1001   15  501
  24840000.0 -1001   15  501
  24876000.0 -1001   15  501
  24912000.0 -1001   15  501
  24948000.0 -1001   15  501
  24984000.0 -1001   15  501
  25020000.0 -1001   15  501
  25056000.0 -1001   15  501
  25092000.0 -1001   15  501
  25128000.0 -1001   15  501
  25164000.0 -1001   15  501
  25200000.0 -1001   15  501
  25236000.0 -1001   15  501
  25272000.0 -1001   15  501
  25308000.0 -1001   15  501
  25344000.0 -1001   15  501
  25380000.0 -1001   15  501
  25416000.0 -1001   15  501
  25452000.0 -1001   15  501
  25488000.0 -1001   15  501
  25524000.0 -1001   15  501
  25560000.0 -1001   15  501
  25596000.0 -1001   15  501
  25632000.0 -1001   15  501
  25668000.0 -1001   15  501
  25704000.0 -1001   15  501
  25740000.0 -1001   15  501
  25776000.0 -1001   15  501
  25812000.0 -1001   15  501
  25848000.0 -1001   15  501
  25884000.0 -1001   15  501
  25920000.0 -1001   15  501
  25956000.0 -1001   15  501
  25992000.0 -1001   15  501
  26028000.0 -1001   15  501
  26064000.0 -1001   15  501
  26100000.0 -1001   15  501
  26136000.0 -1001   15  501
  26172000.0 -1001   15  501
  26208000.0 -1001   15  501
  26244000.0 -1001   15  501
  26280000.0 -1001   15  501
  26316000.0 -1001   15  501
  26352000.0 -1001   15  501
  26388000.0 -1001   15  501
  26424000.0 -1001   15  501
  26460000.0 -1001   15  501
  26496000.0 -1001   15  501
  26532000.0 -1001   15  501
  26568000.0 -1001   15  501
  26604000.0 -1001   15  501
  26640000.0 -1001   15  501
  26676000.0 -1001   15  501
  26712000.0 -1001   15  501
  26748000.0 -1001   15  501
  26784000.0 -1001   15  501
  26820000.0 -1001   15  501
  26856000.0 -1001   15  501
  26892000.0 -1001   15  501
  26928000.0 -1001   15  501
  26964000.0 -1001   15  501
  27000000.0 -1001   15  501
  27036000.0 -1001   15  501
  27072000.0 -1001   15  501
  27108000.0 -1001   15  501
  27144000.0 -1001   15  501
  27180000.0 -1001   15  501
  27216000.0 -1001   15  501
  27252000.0 -1001   15  501
  27288000.0 -1001   15  501
  27324000.0 -1001   15  501
  27360000.0 -1001   15  501
  27396000.0 -1001   15  501
  27432000.0 -1001   15  501
  27468000.0 -1001   15  501
  27504000.0 -1001   15  501
  27540000.0 -1001   15  501
  27576000.0 -1001   15  501
  27612000.0 -1001   15  501
  27648000.0 -1001   15  501
  27684000.0 -1001   15  501
  27720000.0 -1001   15  501
  27756000.0 -1001   15  501
  27792000.0 -1001   15  501
  27828000.0 -1001   15  501
  27864000.0 -1001   15  501
  27900000.0 -1001   15  501
  27936000.0 -1001   15  501
  27972000.0 -1001   15  501
  28008000.0 -1001   15  501
  28044000.0 -1001   15  501
  28080000.0 -1001   15  501
  28116000.0 -1001   15  501
  28152000.0 -1001   15  501
  28188000.0 -1001   15  501
  28224000.0 -1001   15  501
  28260000.0 -1001   15  501
  28296000.0 -1001   15  501
  28332000.0 -1001   15  501
  28368000.0 -1001   15  501
  28404000.0 -1001   15  501
  28440000.0 -1001   15  501
  28476000.0 -1001   15  501
  28512000.0 -1001   15  501
  28548000.0 -1001   15  501
  28584000.0 -1001   15  501
  28620000.0 -1001   15  501
  28656000.0 -1001   15  501
  28692000.0 -1001   15  501
  28728000.0 -1001   15  501
  28764000.0 -1001   15  501
  28800000.0 -1001   15  501
  28836000.0 -1001   15  501
  28872000.0 -1001   15  501
  28908000.0 -1001   15  501
  28944000.0 -1001   15  501
  28980000.0 -1001   15  501
  29016000.0 -1001   15  501
  29052000.0 -1001   15  501
  29088000.0 -1001   15  501
  29124000.0 -1001   15  501
  29160000.0 -1001   15  501
  29196000.0 -1001   15  501
  29232000.0 -1001   15  501
  29268000.0 -1001   15  501
  29304000.0 -1001   15  501
  29340000.0 -1001   15  501
  29376000.0 -1001   15  501
  29412000.0 -1001   15  501
  29448000.0 -1001   15  501
  29484000.0 -1001   15  501
  29520000.0 -1001   15  501
  29556000.0 -1001   15  501
  29592000.0 -1001   15  501
  29628000.0 -1001   15  501
  29664000.0 -1001   15  501
  29700000.0 -1001   15  501
  29736000.0 -1001   15  501
  29772000.0 -1001   15  501
  29808000.0 -1001   15  501
  29844000.0 -1001   15  501
  29880000.0 -1001   15  501
  29916000.0 -1001   15  501
  29952000.0 -1001   15  501
  29988000.0 -1001   15  501
  30024000.0 -1001   15  501
  30060000.0 -1001   15  501
  30096000.0 -1001   15  501
  30132000.0 -1001   15  501
  30168000.0 -1001   15  501
  30204000.0 -1001   15  501
  30240000.0 -1001   15  501
  30276000.0 -1001   15  501
  30312000.0 -1001   15  501
  30348000.0 -1001   15  501
  30384000.0 -1001   15  501
  30420000.0 -1001   15  501
  30456000.0 -1001   15  501
  30492000.0 -1001   15  501
  30528000.0 -1001   15  501
  30564000.0 -1001   15  501
  30600000.0 -1001   15  501
  30636000.0 -1001   15  501
  30672000.0 -1001   15  501
  30708000.0 -1001   15  501
  30744000.0 -1001   15  501
  30780000.0 -1001   15  501
  30816000.0 -1001   15  501
  30852000.0 -1001   15  501
  30888000.0 -1001   15  501
  30924000.0 -1001   15  501
  30960000.0 -1001   15  501
  30996000.0 -1001   15  501
  31032000.0 -1001   15  501
  31068000.0 -1001   15  501
  31104000.0 -1001   15  501
  31140000.0 -1001   15  501
  31176000.0 -1001   15  501
  31212000.0 -1001   15  501
  31248000.0 -1001   15  501
  31284000.0 -1001   15  501
  31320000.0 -1001   15  501
  31356000.0 -1001   15  501
  31392000.0 -1001   15  501
  31428000.0 -1001   15  501
  31464000.0 -1001   15  501
  31500000.0 -1001   15  501
  31536000.0 -1001   15  501
