08.06.2016 00:00:00.00	1
#  Startzeit      [s] -> [s]
# 	1: dump all; 0:dump for surface nodes
0		1
300		1
600		1
900		1
1200		1
1500		1
1800		1
2100		1
2400		1
2700		1
3000		1
3300		1
3600		1
3900		1
4200		1
4500		1
4800		1
5100		1
5400		1
5700		1
6000		1
6300		1
6600		1
6900		1
7200		1
7500		1
7800		1
8100		1
8400		1
8700		1
9000		1
9300		1
9600		1
9900		1
10200		1
10500		1
10800		1
11100		1
11400		1
11700		1
12000		1
12300		1
12600		1
12900		1
13200		1
13500		1
13800		1
14100		1
14400		1
14700		1
15000		1
15300		1
15600		1
15900		1
16200		1
16500		1
16800		1
17100		1
17400		1
17700		1
18000		1
18300		1
18600		1
18900		1
19200		1
19500		1
19800		1
20100		1
20400		1
20700		1
21000		1
21300		1
21600		1
21900		1
22200		1
22500		1
22800		1
23100		1
23400		1
23700		1
24000		1
24300		1
24600		1
24900		1
25200		1
25500		1
25800		1
26100		1
26400		1
26700		1
27000		1
27300		1
27600		1
27900		1
28200		1
28500		1
28800		1
29100		1
29400		1
29700		1
30000		1
30300		1
30600		1
30900		1
31200		1
31500		1
31800		1
32100		1
32400		1
32700		1
33000		1
33300		1
33600		1
33900		1
34200		1
34500		1
34800		1
35100		1
35400		1
35700		1
36000		1
36300		1
36600		1
36900		1
37200		1
37500		1
37800		1
38100		1
38400		1
38700		1
39000		1
39300		1
39600		1
39900		1
40200		1
40500		1
40800		1
41100		1
41400		1
41700		1
42000		1
42300		1
42600		1
42900		1
43200		1
43500		1
43800		1
44100		1
44400		1
44700		1
45000		1
45300		1
45600		1
45900		1
46200		1
46500		1
46800		1
47100		1
47400		1
47700		1
48000		1
48300		1
48600		1
48900		1
49200		1
49500		1
49800		1
50100		1
50400		1
50700		1
51000		1
51300		1
51600		1
51900		1
52200		1
52500		1
52800		1
53100		1
53400		1
53700		1
54000		1
54300		1
54600		1
54900		1
55200		1
55500		1
55800		1
56100		1
56400		1
56700		1
57000		1
57300		1
57600		1
57900		1
58200		1
58500		1
58800		1
59100		1
59400		1
59700		1
60000		1
60300		1
60600		1
60900		1
61200		1
61500		1
61800		1
62100		1
62400		1
62700		1
63000		1
63300		1
63600		1
63900		1
64200		1
64500		1
64800		1
65100		1
65400		1
65700		1
66000		1
66300		1
66600		1
66900		1
67200		1
67500		1
67800		1
68100		1
68400		1
68700		1
69000		1
69300		1
69600		1
69900		1
70200		1
70500		1
70800		1
71100		1
71400		1
71700		1
72000		1
72300		1
72600		1
72900		1
73200		1
73500		1
73800		1
74100		1
74400		1
74700		1
75000		1
75300		1
75600		1
75900		1
76200		1
76500		1
76800		1
77100		1
77400		1
77700		1
78000		1
78300		1
78600		1
78900		1
79200		1
79500		1
79800		1
80100		1
80400		1
80700		1
81000		1
81300		1
81600		1
81900		1
82200		1
82500		1
82800		1
83100		1
83400		1
83700		1
84000		1
84300		1
84600		1
84900		1
85200		1
85500		1
85800		1
86100		1
86400		1
86700		1
87000		1
87300		1
87600		1
87900		1
88200		1
88500		1
88800		1
89100		1
89400		1
89700		1
90000		1
90300		1
90600		1
90900		1
91200		1
91500		1
91800		1
92100		1
92400		1
92700		1
93000		1
93300		1
93600		1
93900		1
94200		1
94500		1
94800		1
95100		1
95400		1
95700		1
96000		1
96300		1
96600		1
96900		1
97200		1
97500		1
97800		1
98100		1
98400		1
98700		1
99000		1
99300		1
99600		1
99900		1
100200		1
100500		1
100800		1
101100		1
101400		1
101700		1
102000		1
102300		1
102600		1
102900		1
103200		1
103500		1
103800		1
104100		1
104400		1
104700		1
105000		1
105300		1
105600		1
105900		1
106200		1
106500		1
106800		1
107100		1
107400		1
107700		1
108000		1
108300		1
108600		1
108900		1
109200		1
109500		1
109800		1
110100		1
110400		1
110700		1
111000		1
111300		1
111600		1
111900		1
112200		1
112500		1
112800		1
113100		1
113400		1
113700		1
114000		1
114300		1
114600		1
114900		1
115200		1
115500		1
115800		1
116100		1
116400		1
116700		1
117000		1
117300		1
117600		1
117900		1
118200		1
118500		1
118800		1
119100		1
119400		1
119700		1
120000		1
120300		1
120600		1
120900		1
121200		1
121500		1
121800		1
122100		1
122400		1
122700		1
123000		1
123300		1
123600		1
123900		1
124200		1
124500		1
124800		1
125100		1
125400		1
125700		1
126000		1
126300		1
126600		1
126900		1
127200		1
127500		1
127800		1
128100		1
128400		1
128700		1
129000		1
129300		1
129600		1
129900		1
130200		1
130500		1
130800		1
131100		1
131400		1
131700		1
132000		1
132300		1
132600		1
132900		1
133200		1
133500		1
133800		1
134100		1
134400		1
134700		1
135000		1
135300		1
135600		1
135900		1
136200		1
136500		1
136800		1
137100		1
137400		1
137700		1
138000		1
138300		1
138600		1
138900		1
139200		1
139500		1
139800		1
140100		1
140400		1
140700		1
141000		1
141300		1
141600		1
141900		1
142200		1
142500		1
142800		1
143100		1
143400		1
143700		1
144000		1
144300		1
144600		1
144900		1
145200		1
145500		1
145800		1
146100		1
146400		1
146700		1
147000		1
147300		1
147600		1
147900		1
148200		1
148500		1
148800		1
149100		1
149400		1
149700		1
150000		1
150300		1
150600		1
150900		1
151200		1
151500		1
151800		1
152100		1
152400		1
152700		1
153000		1
153300		1
153600		1
153900		1
154200		1
154500		1
154800		1
155100		1
155400		1
155700		1
156000		1
156300		1
156600		1
156900		1
157200		1
157500		1
157800		1
158100		1
158400		1
158700		1
159000		1
159300		1
159600		1
159900		1
160200		1
160500		1
160800		1
161100		1
161400		1
161700		1
162000		1
162300		1
162600		1
162900		1
163200		1
163500		1
163800		1
164100		1
164400		1
164700		1
165000		1
165300		1
165600		1
165900		1
166200		1
166500		1
166800		1
167100		1
167400		1
167700		1
168000		1
168300		1
168600		1
168900		1
169200		1
